#
# A fatal error has been detected by the Java Runtime Environment:
#
#  EXCEPTION_ACCESS_VIOLATION (0xc0000005) at pc=0x00007ff966ac1005, pid=1680, tid=7140
#
# JRE version: OpenJDK Runtime Environment Microsoft-40648 (11.0.16.1+1) (build 11.0.16.1+1-LTS)
# Java VM: OpenJDK 64-Bit Server VM Microsoft-40648 (11.0.16.1+1-LTS, mixed mode, tiered, compressed oops, g1 gc, windows-amd64)
# Problematic frame:
# V  [jvm.dll+0x651005]
#
# No core dump will be written. Minidumps are not enabled by default on client versions of Windows
#
# If you would like to submit a bug report, please visit:
#   https://github.com/microsoft/openjdk/issues
#

---------------  S U M M A R Y ------------

Command Line: -XX:MaxMetaspaceSize=512m --add-opens=java.base/java.util=ALL-UNNAMED --add-opens=java.base/java.lang=ALL-UNNAMED --add-opens=java.base/java.lang.invoke=ALL-UNNAMED --add-opens=java.base/java.util=ALL-UNNAMED --add-opens=java.prefs/java.util.prefs=ALL-UNNAMED --add-opens=java.prefs/java.util.prefs=ALL-UNNAMED --add-opens=java.base/java.nio.charset=ALL-UNNAMED --add-opens=java.base/java.net=ALL-UNNAMED --add-opens=java.base/java.util.concurrent.atomic=ALL-UNNAMED -Xmx2048m -Dfile.encoding=windows-1252 -Duser.country=US -Duser.language=en -Duser.variant org.gradle.launcher.daemon.bootstrap.GradleDaemon 7.5.1

Host: Intel(R) Core(TM) i5-3427U CPU @ 1.80GHz, 4 cores, 7G,  Windows 11 , 64 bit Build 22000 (10.0.22000.1335)
Time: Tue Jan 31 12:57:20 2023 Pakistan Standard Time elapsed time: 28.560147 seconds (0d 0h 0m 28s)

---------------  T H R E A D  ---------------

Current thread (0x000001d624935800):  JavaThread "C2 CompilerThread1" daemon [_thread_in_native, id=7140, stack(0x00000004d0600000,0x00000004d0700000)]


Current CompileTask:
C2:  28560 11529       4       java.util.function.Predicate$$Lambda$112/0x0000000100296440::test (13 bytes)

Stack: [0x00000004d0600000,0x00000004d0700000],  sp=0x00000004d06fd740,  free space=1013k
Native frames: (J=compiled Java code, j=interpreted, Vv=VM code, C=native code)
V  [jvm.dll+0x651005]
V  [jvm.dll+0x207f48]
V  [jvm.dll+0x18a411]
V  [jvm.dll+0x217954]
V  [jvm.dll+0x215b9b]
V  [jvm.dll+0x775d50]
V  [jvm.dll+0x76ec84]
V  [jvm.dll+0x625395]
C  [ucrtbase.dll+0x26c0c]
C  [KERNEL32.DLL+0x155a0]
C  [ntdll.dll+0x485b]


siginfo: EXCEPTION_ACCESS_VIOLATION (0xc0000005), reading address 0x0000000000020028


Register to memory mapping:

RIP=0x00007ff966ac1005 jvm.dll
RAX=0x0000000000020000 is an unknown value
RBX=0x000001d62ce9f090 points into unknown readable memory: 0x0000000000000006 | 06 00 00 00 00 00 00 00
RCX=0x0000000000000005 is an unknown value
RDX=0x0000000000000020 is an unknown value
RSP=0x00000004d06fd740 is pointing into the stack for thread: 0x000001d624935800
RBP=0x00000004d06fd9e0 is pointing into the stack for thread: 0x000001d624935800
RSI=0x00000004d06fd980 is pointing into the stack for thread: 0x000001d624935800
RDI=0x0000000000003b70 is an unknown value
R8 =0x000000000000003d is an unknown value
R9 =0x000001d624ccc530 points into unknown readable memory: 0x0000000000000000 | 00 00 00 00 00 00 00 00
R10=0x0000000000000092 is an unknown value
R11=0x000001d624cd0530 points into unknown readable memory: 0x00007ff966c7b658 | 58 b6 c7 66 f9 7f 00 00
R12=0x0000000000000002 is an unknown value
R13=0x00007ff966cf5a88 jvm.dll
R14=0x000001d6275fa310 points into unknown readable memory: 0x0000000000000000 | 00 00 00 00 00 00 00 00
R15=0x00000004d06fd860 is pointing into the stack for thread: 0x000001d624935800


Registers:
RAX=0x0000000000020000, RBX=0x000001d62ce9f090, RCX=0x0000000000000005, RDX=0x0000000000000020
RSP=0x00000004d06fd740, RBP=0x00000004d06fd9e0, RSI=0x00000004d06fd980, RDI=0x0000000000003b70
R8 =0x000000000000003d, R9 =0x000001d624ccc530, R10=0x0000000000000092, R11=0x000001d624cd0530
R12=0x0000000000000002, R13=0x00007ff966cf5a88, R14=0x000001d6275fa310, R15=0x00000004d06fd860
RIP=0x00007ff966ac1005, EFLAGS=0x0000000000010283

Top of Stack: (sp=0x00000004d06fd740)
0x00000004d06fd740:   000001d62ce9f090 000001d62ce9f090
0x00000004d06fd750:   00000004d06fd9e0 00000004d06fd920
0x00000004d06fd760:   00000004d06fe450 000001d6275fa310
0x00000004d06fd770:   000001d62ce9f090 00007ff966677f48
0x00000004d06fd780:   0000000000000001 0000000000000001
0x00000004d06fd790:   00000004d06fd880 0000000000000008
0x00000004d06fd7a0:   0000000000000000 00000004d06fed20
0x00000004d06fd7b0:   0000000000000010 000001d62d75f790
0x00000004d06fd7c0:   00000004d06feed0 00000004d06feee8
0x00000004d06fd7d0:   000001d623202850 0000000000000000
0x00000004d06fd7e0:   0000000000000000 0000000000000002
0x00000004d06fd7f0:   0000000000000000 0000000000000000
0x00000004d06fd800:   0000000000000000 0000000000000000
0x00000004d06fd810:   0000000000000000 00007ff966cfb9e4
0x00000004d06fd820:   0000000000000000 0000000000000000
0x00000004d06fd830:   0000000000000000 00007ff966cfb9e4 

Instructions: (pc=0x00007ff966ac1005)
0x00007ff966ac0f05:   c0 8b 90 d0 01 00 00 e8 8f 85 a3 ff 48 8b 5c 24
0x00007ff966ac0f15:   30 48 8d 05 fb cb 2b 00 48 89 06 48 8b c6 48 89
0x00007ff966ac0f25:   ae 90 09 00 00 48 8b 6c 24 38 48 89 be 88 09 00
0x00007ff966ac0f35:   00 48 8b 74 24 40 48 83 c4 20 5f c3 cc cc cc cc
0x00007ff966ac0f45:   cc cc cc cc cc cc cc cc cc cc cc 48 89 5c 24 10
0x00007ff966ac0f55:   48 89 6c 24 18 48 89 74 24 20 57 41 56 41 57 48
0x00007ff966ac0f65:   83 ec 20 48 8b ea 4d 8b f8 41 8b d1 48 8b f1 e8
0x00007ff966ac0f75:   d7 ee ff ff 44 8b 0d ac f9 49 00 65 48 8b 04 25
0x00007ff966ac0f85:   58 00 00 00 b9 08 00 00 00 4a 8b 04 c8 4c 8b 0c
0x00007ff966ac0f95:   08 48 8d 4e 10 49 8b 99 78 02 00 00 48 8b d3 e8
0x00007ff966ac0fa5:   07 33 ac ff 33 ff 48 8d 4e 30 48 8b d3 89 7e 28
0x00007ff966ac0fb5:   e8 c6 b6 14 00 89 7e 50 48 8d 56 10 48 8b 4e 08
0x00007ff966ac0fc5:   e8 e6 ed bb ff 48 8b 4e 08 48 8d 56 10 e8 b9 24
0x00007ff966ac0fd5:   bc ff 8b 85 90 09 00 00 4c 8b 9d a8 09 00 00 85
0x00007ff966ac0fe5:   c0 74 51 44 8b d0 0f 1f 44 00 00 4c 8b 8d a0 09
0x00007ff966ac0ff5:   00 00 49 8b 04 39 48 85 c0 74 2f 49 3b c3 74 2a
0x00007ff966ac1005:   8b 48 28 8b c1 c1 e8 05 3b 46 40 73 19 44 8b c0
0x00007ff966ac1015:   83 e1 1f 48 8b 46 48 ba 01 00 00 00 d3 e2 42 8b
0x00007ff966ac1025:   04 80 23 c2 75 04 4d 89 1c 39 48 83 c7 08 49 83
0x00007ff966ac1035:   ea 01 75 b7 48 8d 4d 58 33 d2 41 b8 30 09 00 00
0x00007ff966ac1045:   e8 a8 6b 19 00 48 8d 56 30 49 8b cf e8 2a 43 fb
0x00007ff966ac1055:   ff 48 8b 4e 08 48 8d 56 10 e8 5d 14 bc ff 48 8b
0x00007ff966ac1065:   5c 24 48 48 8b c6 48 8b 74 24 58 48 8b 6c 24 50
0x00007ff966ac1075:   48 83 c4 20 41 5f 41 5e 5f c3 cc 48 89 5c 24 20
0x00007ff966ac1085:   4c 89 44 24 18 48 89 54 24 10 55 56 57 41 54 41
0x00007ff966ac1095:   55 41 56 41 57 48 83 ec 40 4c 8b e2 4d 8b e9 ba
0x00007ff966ac10a5:   03 00 00 00 48 8b d9 e8 9f ed ff ff 8b 0d 75 f8
0x00007ff966ac10b5:   49 00 65 48 8b 04 25 58 00 00 00 ba 08 00 00 00
0x00007ff966ac10c5:   4c 8b 34 c8 48 8d 4b 10 4c 03 f2 49 8b 06 48 8b
0x00007ff966ac10d5:   b8 78 02 00 00 48 8b d7 e8 ce 31 ac ff 45 33 ff
0x00007ff966ac10e5:   48 8d 4b 30 48 8b d7 44 89 7b 28 e8 8b b5 14 00
0x00007ff966ac10f5:   44 89 7b 50 48 8d 53 10 48 8b 4b 08 e8 aa ec bb 


Stack slot to memory mapping:
stack at sp + 0 slots: 0x000001d62ce9f090 points into unknown readable memory: 0x0000000000000006 | 06 00 00 00 00 00 00 00
stack at sp + 1 slots: 0x000001d62ce9f090 points into unknown readable memory: 0x0000000000000006 | 06 00 00 00 00 00 00 00
stack at sp + 2 slots: 0x00000004d06fd9e0 is pointing into the stack for thread: 0x000001d624935800
stack at sp + 3 slots: 0x00000004d06fd920 is pointing into the stack for thread: 0x000001d624935800
stack at sp + 4 slots: 0x00000004d06fe450 is pointing into the stack for thread: 0x000001d624935800
stack at sp + 5 slots: 0x000001d6275fa310 points into unknown readable memory: 0x0000000000000000 | 00 00 00 00 00 00 00 00
stack at sp + 6 slots: 0x000001d62ce9f090 points into unknown readable memory: 0x0000000000000006 | 06 00 00 00 00 00 00 00
stack at sp + 7 slots: 0x00007ff966677f48 jvm.dll


---------------  P R O C E S S  ---------------

Threads class SMR info:
_java_thread_list=0x000001d62b520a90, length=89, elements={
0x000001d604a11000, 0x000001d623235000, 0x000001d62323e000, 0x000001d623ba0800,
0x000001d623ba1000, 0x000001d623ba2800, 0x000001d623ba4000, 0x000001d623ba9000,
0x000001d623bac800, 0x000001d623d04800, 0x000001d625e1a000, 0x000001d626018000,
0x000001d625e17800, 0x000001d6251ca800, 0x000001d6250c2800, 0x000001d6250b7000,
0x000001d6248f4000, 0x000001d625129000, 0x000001d6262b4000, 0x000001d6253cf000,
0x000001d625c92800, 0x000001d625c90000, 0x000001d625c91800, 0x000001d625c95800,
0x000001d625c94000, 0x000001d625c96800, 0x000001d625c91000, 0x000001d625c93800,
0x000001d625c95000, 0x000001d627a30800, 0x000001d627a2f000, 0x000001d627a2b000,
0x000001d627a30000, 0x000001d627a2c000, 0x000001d627a2d800, 0x000001d627a31800,
0x000001d627a32800, 0x000001d627a2c800, 0x000001d627a36800, 0x000001d627a37000,
0x000001d627a39000, 0x000001d627a35800, 0x000001d627a38000, 0x000001d627a35000,
0x000001d627a34000, 0x000001d627a33000, 0x000001d627a39800, 0x000001d629f26000,
0x000001d629f29800, 0x000001d629f23800, 0x000001d629f27800, 0x000001d629f27000,
0x000001d629f2a000, 0x000001d629f28800, 0x000001d629f24800, 0x000001d629f25800,
0x000001d629f30800, 0x000001d629f2d800, 0x000001d629f2e800, 0x000001d629f2f000,
0x000001d629f2b000, 0x000001d629f2c800, 0x000001d629f31800, 0x000001d629f2c000,
0x000001d629f30000, 0x000001d629f32800, 0x000001d629a2d000, 0x000001d629a2e000,
0x000001d629a34800, 0x000001d629a2e800, 0x000001d629a33800, 0x000001d629a2f800,
0x000001d629a32800, 0x000001d629a35000, 0x000001d629a30800, 0x000001d629a31000,
0x000001d629a36000, 0x000001d629a37000, 0x000001d629a37800, 0x000001d629a32000,
0x000001d629a38800, 0x000001d629a3b000, 0x000001d629a3b800, 0x000001d629a39800,
0x000001d629a3a000, 0x000001d625b76000, 0x000001d624935800, 0x000001d625b7c000,
0x000001d625b7c800
}

Java Threads: ( => current thread )
  0x000001d604a11000 JavaThread "main" [_thread_blocked, id=7024, stack(0x00000004ce800000,0x00000004ce900000)]
  0x000001d623235000 JavaThread "Reference Handler" daemon [_thread_blocked, id=584, stack(0x00000004cef00000,0x00000004cf000000)]
  0x000001d62323e000 JavaThread "Finalizer" daemon [_thread_blocked, id=8664, stack(0x00000004cf000000,0x00000004cf100000)]
  0x000001d623ba0800 JavaThread "Signal Dispatcher" daemon [_thread_blocked, id=10136, stack(0x00000004cf100000,0x00000004cf200000)]
  0x000001d623ba1000 JavaThread "Attach Listener" daemon [_thread_blocked, id=6768, stack(0x00000004cf200000,0x00000004cf300000)]
  0x000001d623ba2800 JavaThread "Service Thread" daemon [_thread_blocked, id=8, stack(0x00000004cf300000,0x00000004cf400000)]
  0x000001d623ba4000 JavaThread "C2 CompilerThread0" daemon [_thread_in_native, id=4916, stack(0x00000004cf400000,0x00000004cf500000)]
  0x000001d623ba9000 JavaThread "C1 CompilerThread0" daemon [_thread_blocked, id=8284, stack(0x00000004cf500000,0x00000004cf600000)]
  0x000001d623bac800 JavaThread "Sweeper thread" daemon [_thread_blocked, id=6036, stack(0x00000004cf600000,0x00000004cf700000)]
  0x000001d623d04800 JavaThread "Common-Cleaner" daemon [_thread_blocked, id=8460, stack(0x00000004cf700000,0x00000004cf800000)]
  0x000001d625e1a000 JavaThread "Daemon health stats" [_thread_blocked, id=768, stack(0x00000004cfd00000,0x00000004cfe00000)]
  0x000001d626018000 JavaThread "Incoming local TCP Connector on port 49882" [_thread_in_native, id=4484, stack(0x00000004cf900000,0x00000004cfa00000)]
  0x000001d625e17800 JavaThread "Daemon periodic checks" [_thread_blocked, id=10188, stack(0x00000004cfe00000,0x00000004cff00000)]
  0x000001d6251ca800 JavaThread "Daemon" [_thread_blocked, id=4700, stack(0x00000004cff00000,0x00000004d0000000)]
  0x000001d6250c2800 JavaThread "Handler for socket connection from /127.0.0.1:49882 to /127.0.0.1:49883" [_thread_in_native, id=3956, stack(0x00000004d0000000,0x00000004d0100000)]
  0x000001d6250b7000 JavaThread "Cancel handler" [_thread_blocked, id=3296, stack(0x00000004d0100000,0x00000004d0200000)]
  0x000001d6248f4000 JavaThread "Daemon worker" [_thread_blocked, id=6608, stack(0x00000004d0200000,0x00000004d0300000)]
  0x000001d625129000 JavaThread "Asynchronous log dispatcher for DefaultDaemonConnection: socket connection from /127.0.0.1:49882 to /127.0.0.1:49883" [_thread_blocked, id=856, stack(0x00000004d0300000,0x00000004d0400000)]
  0x000001d6262b4000 JavaThread "Stdin handler" [_thread_blocked, id=884, stack(0x00000004d0400000,0x00000004d0500000)]
  0x000001d6253cf000 JavaThread "Daemon client event forwarder" [_thread_blocked, id=4344, stack(0x00000004d0500000,0x00000004d0600000)]
  0x000001d625c92800 JavaThread "Cache worker for journal cache (C:\Users\Engr. Ayan Murad\.gradle\caches\journal-1)" [_thread_blocked, id=7092, stack(0x00000004d0800000,0x00000004d0900000)]
  0x000001d625c90000 JavaThread "File lock request listener" [_thread_in_native, id=5892, stack(0x00000004d0900000,0x00000004d0a00000)]
  0x000001d625c91800 JavaThread "Cache worker for file hash cache (C:\Users\Engr. Ayan Murad\.gradle\caches\7.5.1\fileHashes)" [_thread_blocked, id=7192, stack(0x00000004d0a00000,0x00000004d0b00000)]
  0x000001d625c95800 JavaThread "File watcher server" daemon [_thread_in_native, id=1064, stack(0x00000004d0b00000,0x00000004d0c00000)]
  0x000001d625c94000 JavaThread "File watcher consumer" daemon [_thread_blocked, id=6420, stack(0x00000004d0c00000,0x00000004d0d00000)]
  0x000001d625c96800 JavaThread "Cache worker for checksums cache (E:\react native\NewDispute\android\.gradle\7.5.1\checksums)" [_thread_blocked, id=1488, stack(0x00000004d0d00000,0x00000004d0e00000)]
  0x000001d625c91000 JavaThread "Cache worker for cache directory md-rule (C:\Users\Engr. Ayan Murad\.gradle\caches\7.5.1\md-rule)" [_thread_blocked, id=5936, stack(0x00000004d0e00000,0x00000004d0f00000)]
  0x000001d625c93800 JavaThread "Cache worker for file content cache (C:\Users\Engr. Ayan Murad\.gradle\caches\7.5.1\fileContent)" [_thread_blocked, id=5920, stack(0x00000004d0f00000,0x00000004d1000000)]
  0x000001d625c95000 JavaThread "Cache worker for file hash cache (E:\react native\NewDispute\android\.gradle\7.5.1\fileHashes)" [_thread_blocked, id=1788, stack(0x00000004d1000000,0x00000004d1100000)]
  0x000001d627a30800 JavaThread "Cache worker for cache directory md-supplier (C:\Users\Engr. Ayan Murad\.gradle\caches\7.5.1\md-supplier)" [_thread_blocked, id=4244, stack(0x00000004d1100000,0x00000004d1200000)]
  0x000001d627a2f000 JavaThread "Cache worker for execution history cache (C:\Users\Engr. Ayan Murad\.gradle\caches\7.5.1\executionHistory)" [_thread_blocked, id=10220, stack(0x00000004d1200000,0x00000004d1300000)]
  0x000001d627a2b000 JavaThread "jar transforms" [_thread_blocked, id=8952, stack(0x00000004d1300000,0x00000004d1400000)]
  0x000001d627a30000 JavaThread "jar transforms Thread 2" [_thread_blocked, id=8956, stack(0x00000004d1400000,0x00000004d1500000)]
  0x000001d627a2c000 JavaThread "jar transforms Thread 3" [_thread_blocked, id=780, stack(0x00000004d1500000,0x00000004d1600000)]
  0x000001d627a2d800 JavaThread "jar transforms Thread 4" [_thread_blocked, id=9532, stack(0x00000004d1600000,0x00000004d1700000)]
  0x000001d627a31800 JavaThread "Cache worker for kotlin-dsl (C:\Users\Engr. Ayan Murad\.gradle\caches\7.5.1\kotlin-dsl)" [_thread_blocked, id=9344, stack(0x00000004d1700000,0x00000004d1800000)]
  0x000001d627a32800 JavaThread "Cache worker for dependencies-accessors (E:\react native\NewDispute\android\.gradle\7.5.1\dependencies-accessors)" [_thread_blocked, id=9736, stack(0x00000004d1800000,0x00000004d1900000)]
  0x000001d627a2c800 JavaThread "Cache worker for Build Output Cleanup Cache (E:\react native\NewDispute\node_modules\react-native-gradle-plugin\.gradle\buildOutputCleanup)" [_thread_blocked, id=8356, stack(0x00000004d1900000,0x00000004d1a00000)]
  0x000001d627a36800 JavaThread "Unconstrained build operations" [_thread_blocked, id=8720, stack(0x00000004d1a00000,0x00000004d1b00000)]
  0x000001d627a37000 JavaThread "Unconstrained build operations Thread 2" [_thread_blocked, id=7184, stack(0x00000004d1b00000,0x00000004d1c00000)]
  0x000001d627a39000 JavaThread "Unconstrained build operations Thread 3" [_thread_blocked, id=808, stack(0x00000004d1c00000,0x00000004d1d00000)]
  0x000001d627a35800 JavaThread "Unconstrained build operations Thread 4" [_thread_blocked, id=10116, stack(0x00000004d1d00000,0x00000004d1e00000)]
  0x000001d627a38000 JavaThread "Unconstrained build operations Thread 5" [_thread_blocked, id=4676, stack(0x00000004d1e00000,0x00000004d1f00000)]
  0x000001d627a35000 JavaThread "Unconstrained build operations Thread 6" [_thread_blocked, id=7380, stack(0x00000004d1f00000,0x00000004d2000000)]
  0x000001d627a34000 JavaThread "Unconstrained build operations Thread 7" [_thread_blocked, id=6464, stack(0x00000004d2000000,0x00000004d2100000)]
  0x000001d627a33000 JavaThread "Unconstrained build operations Thread 8" [_thread_blocked, id=8360, stack(0x00000004d2100000,0x00000004d2200000)]
  0x000001d627a39800 JavaThread "Unconstrained build operations Thread 9" [_thread_blocked, id=600, stack(0x00000004d2200000,0x00000004d2300000)]
  0x000001d629f26000 JavaThread "Unconstrained build operations Thread 10" [_thread_blocked, id=1088, stack(0x00000004d2300000,0x00000004d2400000)]
  0x000001d629f29800 JavaThread "Unconstrained build operations Thread 11" [_thread_blocked, id=6332, stack(0x00000004d2400000,0x00000004d2500000)]
  0x000001d629f23800 JavaThread "Unconstrained build operations Thread 12" [_thread_blocked, id=5544, stack(0x00000004d2500000,0x00000004d2600000)]
  0x000001d629f27800 JavaThread "Unconstrained build operations Thread 13" [_thread_blocked, id=8196, stack(0x00000004d2600000,0x00000004d2700000)]
  0x000001d629f27000 JavaThread "Unconstrained build operations Thread 14" [_thread_blocked, id=9540, stack(0x00000004d2700000,0x00000004d2800000)]
  0x000001d629f2a000 JavaThread "Unconstrained build operations Thread 15" [_thread_blocked, id=7940, stack(0x00000004d2800000,0x00000004d2900000)]
  0x000001d629f28800 JavaThread "Unconstrained build operations Thread 16" [_thread_blocked, id=6108, stack(0x00000004d2900000,0x00000004d2a00000)]
  0x000001d629f24800 JavaThread "Unconstrained build operations Thread 17" [_thread_blocked, id=8156, stack(0x00000004d2a00000,0x00000004d2b00000)]
  0x000001d629f25800 JavaThread "Unconstrained build operations Thread 18" [_thread_blocked, id=6880, stack(0x00000004d2b00000,0x00000004d2c00000)]
  0x000001d629f30800 JavaThread "Unconstrained build operations Thread 19" [_thread_blocked, id=7680, stack(0x00000004d2c00000,0x00000004d2d00000)]
  0x000001d629f2d800 JavaThread "Unconstrained build operations Thread 20" [_thread_blocked, id=3356, stack(0x00000004d2d00000,0x00000004d2e00000)]
  0x000001d629f2e800 JavaThread "Unconstrained build operations Thread 21" [_thread_blocked, id=2208, stack(0x00000004d2e00000,0x00000004d2f00000)]
  0x000001d629f2f000 JavaThread "Unconstrained build operations Thread 22" [_thread_blocked, id=7304, stack(0x00000004d2f00000,0x00000004d3000000)]
  0x000001d629f2b000 JavaThread "Unconstrained build operations Thread 23" [_thread_blocked, id=2680, stack(0x00000004d3000000,0x00000004d3100000)]
  0x000001d629f2c800 JavaThread "Unconstrained build operations Thread 24" [_thread_blocked, id=8840, stack(0x00000004d3100000,0x00000004d3200000)]
  0x000001d629f31800 JavaThread "Unconstrained build operations Thread 25" [_thread_blocked, id=7932, stack(0x00000004d3200000,0x00000004d3300000)]
  0x000001d629f2c000 JavaThread "Unconstrained build operations Thread 26" [_thread_blocked, id=5280, stack(0x00000004d3300000,0x00000004d3400000)]
  0x000001d629f30000 JavaThread "Unconstrained build operations Thread 27" [_thread_blocked, id=2560, stack(0x00000004d3400000,0x00000004d3500000)]
  0x000001d629f32800 JavaThread "Unconstrained build operations Thread 28" [_thread_blocked, id=7580, stack(0x00000004d3500000,0x00000004d3600000)]
  0x000001d629a2d000 JavaThread "Unconstrained build operations Thread 29" [_thread_blocked, id=5528, stack(0x00000004d3600000,0x00000004d3700000)]
  0x000001d629a2e000 JavaThread "Unconstrained build operations Thread 30" [_thread_blocked, id=7552, stack(0x00000004d3700000,0x00000004d3800000)]
  0x000001d629a34800 JavaThread "Unconstrained build operations Thread 31" [_thread_blocked, id=2500, stack(0x00000004d3800000,0x00000004d3900000)]
  0x000001d629a2e800 JavaThread "Unconstrained build operations Thread 32" [_thread_blocked, id=3728, stack(0x00000004d3900000,0x00000004d3a00000)]
  0x000001d629a33800 JavaThread "Unconstrained build operations Thread 33" [_thread_blocked, id=6736, stack(0x00000004d3a00000,0x00000004d3b00000)]
  0x000001d629a2f800 JavaThread "build event listener" [_thread_blocked, id=9432, stack(0x00000004d3b00000,0x00000004d3c00000)]
  0x000001d629a32800 JavaThread "Memory manager" [_thread_blocked, id=9652, stack(0x00000004d3c00000,0x00000004d3d00000)]
  0x000001d629a35000 JavaThread "Cache worker for Build Output Cleanup Cache (E:\react native\NewDispute\android\.gradle\buildOutputCleanup)" [_thread_blocked, id=2972, stack(0x00000004d3d00000,0x00000004d3e00000)]
  0x000001d629a30800 JavaThread "included builds" [_thread_blocked, id=7404, stack(0x00000004d3e00000,0x00000004d3f00000)]
  0x000001d629a31000 JavaThread "Execution worker" [_thread_blocked, id=2660, stack(0x00000004d3f00000,0x00000004d4000000)]
  0x000001d629a36000 JavaThread "Execution worker Thread 2" [_thread_blocked, id=2644, stack(0x00000004d4000000,0x00000004d4100000)]
  0x000001d629a37000 JavaThread "Execution worker Thread 3" [_thread_blocked, id=4200, stack(0x00000004d4100000,0x00000004d4200000)]
  0x000001d629a37800 JavaThread "Cache worker for execution history cache (E:\react native\NewDispute\node_modules\react-native-gradle-plugin\.gradle\7.5.1\executionHistory)" [_thread_blocked, id=9860, stack(0x00000004d4200000,0x00000004d4300000)]
  0x000001d629a32000 JavaThread "Unconstrained build operations Thread 34" [_thread_blocked, id=3652, stack(0x00000004d4300000,0x00000004d4400000)]
  0x000001d629a38800 JavaThread "Unconstrained build operations Thread 35" [_thread_in_vm, id=2736, stack(0x00000004d4400000,0x00000004d4500000)]
  0x000001d629a3b000 JavaThread "Unconstrained build operations Thread 36" [_thread_blocked, id=5324, stack(0x00000004d4500000,0x00000004d4600000)]
  0x000001d629a3b800 JavaThread "Unconstrained build operations Thread 37" [_thread_blocked, id=8928, stack(0x00000004d4600000,0x00000004d4700000)]
  0x000001d629a39800 JavaThread "Unconstrained build operations Thread 38" [_thread_blocked, id=6844, stack(0x00000004d4700000,0x00000004d4800000)]
  0x000001d629a3a000 JavaThread "Unconstrained build operations Thread 39" [_thread_blocked, id=3228, stack(0x00000004d4800000,0x00000004d4900000)]
  0x000001d625b76000 JavaThread "Unconstrained build operations Thread 40" [_thread_blocked, id=804, stack(0x00000004d4900000,0x00000004d4a00000)]
=>0x000001d624935800 JavaThread "C2 CompilerThread1" daemon [_thread_in_native, id=7140, stack(0x00000004d0600000,0x00000004d0700000)]
  0x000001d625b7c000 JavaThread "Cache worker for execution history cache (E:\react native\NewDispute\android\.gradle\7.5.1\executionHistory)" [_thread_blocked, id=7136, stack(0x00000004d4b00000,0x00000004d4c00000)]
  0x000001d625b7c800 JavaThread "WorkerExecutor Queue" [_thread_blocked, id=4980, stack(0x00000004d4c00000,0x00000004d4d00000)]

Other Threads:
  0x000001d623232800 VMThread "VM Thread" [stack: 0x00000004cee00000,0x00000004cef00000] [id=1556]
  0x000001d623d40800 WatcherThread [stack: 0x00000004cf800000,0x00000004cf900000] [id=356]
  0x000001d604a2a000 GCTaskThread "GC Thread#0" [stack: 0x00000004ce900000,0x00000004cea00000] [id=8844]
  0x000001d624499800 GCTaskThread "GC Thread#1" [stack: 0x00000004cfa00000,0x00000004cfb00000] [id=8544]
  0x000001d624367800 GCTaskThread "GC Thread#2" [stack: 0x00000004cfb00000,0x00000004cfc00000] [id=7796]
  0x000001d626187800 GCTaskThread "GC Thread#3" [stack: 0x00000004d0700000,0x00000004d0800000] [id=9928]
  0x000001d604a5e800 ConcurrentGCThread "G1 Main Marker" [stack: 0x00000004cea00000,0x00000004ceb00000] [id=8552]
  0x000001d604a61000 ConcurrentGCThread "G1 Conc#0" [stack: 0x00000004ceb00000,0x00000004cec00000] [id=2252]
  0x000001d6230b0800 ConcurrentGCThread "G1 Refine#0" [stack: 0x00000004cec00000,0x00000004ced00000] [id=2100]
  0x000001d62560f000 ConcurrentGCThread "G1 Refine#1" [stack: 0x00000004cfc00000,0x00000004cfd00000] [id=5312]
  0x000001d627732000 ConcurrentGCThread "G1 Refine#2" [stack: 0x00000004d4a00000,0x00000004d4b00000] [id=2904]
  0x000001d6230b1800 ConcurrentGCThread "G1 Young RemSet Sampling" [stack: 0x00000004ced00000,0x00000004cee00000] [id=1616]

Threads with active compile tasks:
C2 CompilerThread0    28667 11535       4       java.security.MessageDigest$Delegate::engineDigest (8 bytes)
C2 CompilerThread1    28667 11529       4       java.util.function.Predicate$$Lambda$112/0x0000000100296440::test (13 bytes)

VM state:not at safepoint (normal execution)

VM Mutex/Monitor currently owned by a thread: None

Heap address: 0x0000000080000000, size: 2048 MB, Compressed Oops mode: 32-bit
Narrow klass base: 0x0000000000000000, Narrow klass shift: 3
Compressed class space size: 528482304 Address: 0x0000000100000000

Heap:
 garbage-first heap   total 225280K, used 157641K [0x0000000080000000, 0x0000000100000000)
  region size 1024K, 80 young (81920K), 13 survivors (13312K)
 Metaspace       used 98878K, capacity 101601K, committed 101844K, reserved 604160K
  class space    used 12895K, capacity 13955K, committed 14028K, reserved 516096K
Heap Regions: E=young(eden), S=young(survivor), O=old, HS=humongous(starts), HC=humongous(continues), CS=collection set, F=free, A=archive, TAMS=top-at-mark-start (previous, next)
|   0|0x0000000080000000, 0x0000000080100000, 0x0000000080100000|100%|HS|  |TAMS 0x0000000080100000, 0x0000000080000000| Complete 
|   1|0x0000000080100000, 0x0000000080200000, 0x0000000080200000|100%|HC|  |TAMS 0x0000000080200000, 0x0000000080100000| Complete 
|   2|0x0000000080200000, 0x0000000080300000, 0x0000000080300000|100%|HC|  |TAMS 0x0000000080300000, 0x0000000080200000| Complete 
|   3|0x0000000080300000, 0x0000000080400000, 0x0000000080400000|100%| O|  |TAMS 0x0000000080400000, 0x0000000080300000| Untracked 
|   4|0x0000000080400000, 0x0000000080500000, 0x0000000080500000|100%| O|  |TAMS 0x0000000080500000, 0x0000000080400000| Untracked 
|   5|0x0000000080500000, 0x0000000080600000, 0x0000000080600000|100%| O|  |TAMS 0x0000000080600000, 0x0000000080500000| Untracked 
|   6|0x0000000080600000, 0x0000000080700000, 0x0000000080700000|100%| O|  |TAMS 0x0000000080700000, 0x0000000080600000| Untracked 
|   7|0x0000000080700000, 0x0000000080800000, 0x0000000080800000|100%| O|  |TAMS 0x0000000080800000, 0x0000000080700000| Untracked 
|   8|0x0000000080800000, 0x0000000080900000, 0x0000000080900000|100%| O|  |TAMS 0x0000000080900000, 0x0000000080800000| Untracked 
|   9|0x0000000080900000, 0x0000000080a00000, 0x0000000080a00000|100%| O|  |TAMS 0x0000000080a00000, 0x0000000080900000| Untracked 
|  10|0x0000000080a00000, 0x0000000080b00000, 0x0000000080b00000|100%| O|  |TAMS 0x0000000080b00000, 0x0000000080a00000| Untracked 
|  11|0x0000000080b00000, 0x0000000080c00000, 0x0000000080c00000|100%| O|  |TAMS 0x0000000080c00000, 0x0000000080b00000| Untracked 
|  12|0x0000000080c00000, 0x0000000080d00000, 0x0000000080d00000|100%| O|  |TAMS 0x0000000080d00000, 0x0000000080c00000| Untracked 
|  13|0x0000000080d00000, 0x0000000080e00000, 0x0000000080e00000|100%| O|  |TAMS 0x0000000080e00000, 0x0000000080d00000| Untracked 
|  14|0x0000000080e00000, 0x0000000080f00000, 0x0000000080f00000|100%| O|  |TAMS 0x0000000080f00000, 0x0000000080e00000| Untracked 
|  15|0x0000000080f00000, 0x0000000081000000, 0x0000000081000000|100%| O|  |TAMS 0x0000000081000000, 0x0000000080f00000| Untracked 
|  16|0x0000000081000000, 0x0000000081100000, 0x0000000081100000|100%| O|  |TAMS 0x0000000081100000, 0x0000000081000000| Untracked 
|  17|0x0000000081100000, 0x0000000081200000, 0x0000000081200000|100%|HS|  |TAMS 0x0000000081200000, 0x0000000081100000| Complete 
|  18|0x0000000081200000, 0x0000000081300000, 0x0000000081300000|100%| O|  |TAMS 0x0000000081300000, 0x0000000081200000| Untracked 
|  19|0x0000000081300000, 0x0000000081400000, 0x0000000081400000|100%| O|  |TAMS 0x0000000081400000, 0x0000000081300000| Untracked 
|  20|0x0000000081400000, 0x0000000081500000, 0x0000000081500000|100%| O|  |TAMS 0x0000000081500000, 0x0000000081400000| Untracked 
|  21|0x0000000081500000, 0x0000000081600000, 0x0000000081600000|100%| O|  |TAMS 0x0000000081600000, 0x0000000081500000| Untracked 
|  22|0x0000000081600000, 0x0000000081700000, 0x0000000081700000|100%| O|  |TAMS 0x0000000081700000, 0x0000000081600000| Untracked 
|  23|0x0000000081700000, 0x0000000081800000, 0x0000000081800000|100%| O|  |TAMS 0x0000000081800000, 0x0000000081700000| Untracked 
|  24|0x0000000081800000, 0x0000000081900000, 0x0000000081900000|100%| O|  |TAMS 0x0000000081900000, 0x0000000081800000| Untracked 
|  25|0x0000000081900000, 0x0000000081a00000, 0x0000000081a00000|100%| O|  |TAMS 0x0000000081a00000, 0x0000000081900000| Untracked 
|  26|0x0000000081a00000, 0x0000000081b00000, 0x0000000081b00000|100%| O|  |TAMS 0x0000000081b00000, 0x0000000081a00000| Untracked 
|  27|0x0000000081b00000, 0x0000000081c00000, 0x0000000081c00000|100%| O|  |TAMS 0x0000000081c00000, 0x0000000081b00000| Untracked 
|  28|0x0000000081c00000, 0x0000000081d00000, 0x0000000081d00000|100%| O|  |TAMS 0x0000000081d00000, 0x0000000081c00000| Untracked 
|  29|0x0000000081d00000, 0x0000000081e00000, 0x0000000081e00000|100%|HS|  |TAMS 0x0000000081e00000, 0x0000000081d00000| Complete 
|  30|0x0000000081e00000, 0x0000000081f00000, 0x0000000081f00000|100%|HC|  |TAMS 0x0000000081f00000, 0x0000000081e00000| Complete 
|  31|0x0000000081f00000, 0x0000000082000000, 0x0000000082000000|100%|HC|  |TAMS 0x0000000082000000, 0x0000000081f00000| Complete 
|  32|0x0000000082000000, 0x0000000082100000, 0x0000000082100000|100%| O|  |TAMS 0x0000000082100000, 0x0000000082000000| Untracked 
|  33|0x0000000082100000, 0x0000000082200000, 0x0000000082200000|100%| O|  |TAMS 0x0000000082200000, 0x0000000082100000| Untracked 
|  34|0x0000000082200000, 0x0000000082300000, 0x0000000082300000|100%| O|  |TAMS 0x0000000082300000, 0x0000000082200000| Untracked 
|  35|0x0000000082300000, 0x0000000082400000, 0x0000000082400000|100%| O|  |TAMS 0x0000000082400000, 0x0000000082300000| Untracked 
|  36|0x0000000082400000, 0x0000000082500000, 0x0000000082500000|100%| O|  |TAMS 0x0000000082500000, 0x0000000082400000| Untracked 
|  37|0x0000000082500000, 0x0000000082600000, 0x0000000082600000|100%| O|  |TAMS 0x0000000082600000, 0x0000000082500000| Untracked 
|  38|0x0000000082600000, 0x0000000082700000, 0x0000000082700000|100%| O|  |TAMS 0x00000000826fb000, 0x0000000082600000| Untracked 
|  39|0x0000000082700000, 0x0000000082800000, 0x0000000082800000|100%|HS|  |TAMS 0x0000000082700000, 0x0000000082700000| Complete 
|  40|0x0000000082800000, 0x0000000082900000, 0x0000000082900000|100%|HS|  |TAMS 0x0000000082800000, 0x0000000082800000| Complete 
|  41|0x0000000082900000, 0x0000000082a00000, 0x0000000082a00000|100%| O|  |TAMS 0x0000000082900000, 0x0000000082900000| Untracked 
|  42|0x0000000082a00000, 0x0000000082b00000, 0x0000000082b00000|100%|HS|  |TAMS 0x0000000082a00000, 0x0000000082a00000| Complete 
|  43|0x0000000082b00000, 0x0000000082c00000, 0x0000000082c00000|100%|HC|  |TAMS 0x0000000082b00000, 0x0000000082b00000| Complete 
|  44|0x0000000082c00000, 0x0000000082d00000, 0x0000000082d00000|100%|HS|  |TAMS 0x0000000082c00000, 0x0000000082c00000| Complete 
|  45|0x0000000082d00000, 0x0000000082e00000, 0x0000000082e00000|100%|HS|  |TAMS 0x0000000082d00000, 0x0000000082d00000| Complete 
|  46|0x0000000082e00000, 0x0000000082f00000, 0x0000000082f00000|100%| O|  |TAMS 0x0000000082e00000, 0x0000000082e00000| Untracked 
|  47|0x0000000082f00000, 0x0000000083000000, 0x0000000083000000|100%|HS|  |TAMS 0x0000000082f00000, 0x0000000082f00000| Complete 
|  48|0x0000000083000000, 0x0000000083100000, 0x0000000083100000|100%|HS|  |TAMS 0x0000000083000000, 0x0000000083000000| Complete 
|  49|0x0000000083100000, 0x0000000083200000, 0x0000000083200000|100%| O|  |TAMS 0x0000000083100000, 0x0000000083100000| Untracked 
|  50|0x0000000083200000, 0x0000000083300000, 0x0000000083300000|100%| O|  |TAMS 0x0000000083200000, 0x0000000083200000| Untracked 
|  51|0x0000000083300000, 0x0000000083400000, 0x0000000083400000|100%| O|  |TAMS 0x0000000083300000, 0x0000000083300000| Untracked 
|  52|0x0000000083400000, 0x0000000083500000, 0x0000000083500000|100%| O|  |TAMS 0x0000000083400000, 0x0000000083400000| Untracked 
|  53|0x0000000083500000, 0x0000000083600000, 0x0000000083600000|100%| O|  |TAMS 0x0000000083500000, 0x0000000083500000| Untracked 
|  54|0x0000000083600000, 0x0000000083700000, 0x0000000083700000|100%| O|  |TAMS 0x0000000083600000, 0x0000000083600000| Untracked 
|  55|0x0000000083700000, 0x0000000083800000, 0x0000000083800000|100%| O|  |TAMS 0x0000000083700000, 0x0000000083700000| Untracked 
|  56|0x0000000083800000, 0x0000000083900000, 0x0000000083900000|100%| O|  |TAMS 0x0000000083800000, 0x0000000083800000| Untracked 
|  57|0x0000000083900000, 0x0000000083a00000, 0x0000000083a00000|100%| O|  |TAMS 0x0000000083900000, 0x0000000083900000| Untracked 
|  58|0x0000000083a00000, 0x0000000083b00000, 0x0000000083b00000|100%| O|  |TAMS 0x0000000083a00000, 0x0000000083a00000| Untracked 
|  59|0x0000000083b00000, 0x0000000083c00000, 0x0000000083c00000|100%| O|  |TAMS 0x0000000083b00000, 0x0000000083b00000| Untracked 
|  60|0x0000000083c00000, 0x0000000083d00000, 0x0000000083d00000|100%| O|  |TAMS 0x0000000083c00000, 0x0000000083c00000| Untracked 
|  61|0x0000000083d00000, 0x0000000083e00000, 0x0000000083e00000|100%| O|  |TAMS 0x0000000083d00000, 0x0000000083d00000| Untracked 
|  62|0x0000000083e00000, 0x0000000083f00000, 0x0000000083f00000|100%| O|  |TAMS 0x0000000083e00000, 0x0000000083e00000| Untracked 
|  63|0x0000000083f00000, 0x0000000084000000, 0x0000000084000000|100%| O|  |TAMS 0x0000000083f00000, 0x0000000083f00000| Untracked 
|  64|0x0000000084000000, 0x0000000084100000, 0x0000000084100000|100%| O|  |TAMS 0x0000000084000000, 0x0000000084000000| Untracked 
|  65|0x0000000084100000, 0x0000000084200000, 0x0000000084200000|100%| O|  |TAMS 0x0000000084100000, 0x0000000084100000| Untracked 
|  66|0x0000000084200000, 0x0000000084300000, 0x0000000084300000|100%| O|  |TAMS 0x0000000084200000, 0x0000000084200000| Untracked 
|  67|0x0000000084300000, 0x0000000084400000, 0x0000000084400000|100%| O|  |TAMS 0x0000000084300000, 0x0000000084300000| Untracked 
|  68|0x0000000084400000, 0x0000000084500000, 0x0000000084500000|100%| O|  |TAMS 0x0000000084400000, 0x0000000084400000| Untracked 
|  69|0x0000000084500000, 0x0000000084600000, 0x0000000084600000|100%| O|  |TAMS 0x0000000084500000, 0x0000000084500000| Untracked 
|  70|0x0000000084600000, 0x0000000084700000, 0x0000000084700000|100%| O|  |TAMS 0x0000000084600000, 0x0000000084600000| Untracked 
|  71|0x0000000084700000, 0x0000000084800000, 0x0000000084800000|100%| O|  |TAMS 0x0000000084700000, 0x0000000084700000| Untracked 
|  72|0x0000000084800000, 0x0000000084900000, 0x0000000084900000|100%| O|  |TAMS 0x0000000084800000, 0x0000000084800000| Untracked 
|  73|0x0000000084900000, 0x0000000084a00000, 0x0000000084a00000|100%| O|  |TAMS 0x0000000084900000, 0x0000000084900000| Untracked 
|  74|0x0000000084a00000, 0x0000000084af2400, 0x0000000084b00000| 94%| O|  |TAMS 0x0000000084a00000, 0x0000000084a00000| Untracked 
|  75|0x0000000084b00000, 0x0000000084b00000, 0x0000000084c00000|  0%| F|  |TAMS 0x0000000084b00000, 0x0000000084b00000| Untracked 
|  76|0x0000000084c00000, 0x0000000084d00000, 0x0000000084d00000|100%| O|  |TAMS 0x0000000084c00000, 0x0000000084c00000| Untracked 
|  77|0x0000000084d00000, 0x0000000084d00000, 0x0000000084e00000|  0%| F|  |TAMS 0x0000000084d00000, 0x0000000084d00000| Untracked 
|  78|0x0000000084e00000, 0x0000000084e00000, 0x0000000084f00000|  0%| F|  |TAMS 0x0000000084e00000, 0x0000000084e00000| Untracked 
|  79|0x0000000084f00000, 0x0000000084f00000, 0x0000000085000000|  0%| F|  |TAMS 0x0000000084f00000, 0x0000000084f00000| Untracked 
|  80|0x0000000085000000, 0x0000000085000000, 0x0000000085100000|  0%| F|  |TAMS 0x0000000085000000, 0x0000000085000000| Untracked 
|  81|0x0000000085100000, 0x0000000085100000, 0x0000000085200000|  0%| F|  |TAMS 0x0000000085100000, 0x0000000085100000| Untracked 
|  82|0x0000000085200000, 0x0000000085200000, 0x0000000085300000|  0%| F|  |TAMS 0x0000000085200000, 0x0000000085200000| Untracked 
|  83|0x0000000085300000, 0x0000000085300000, 0x0000000085400000|  0%| F|  |TAMS 0x0000000085300000, 0x0000000085300000| Untracked 
|  84|0x0000000085400000, 0x0000000085400000, 0x0000000085500000|  0%| F|  |TAMS 0x0000000085400000, 0x0000000085400000| Untracked 
|  85|0x0000000085500000, 0x0000000085500000, 0x0000000085600000|  0%| F|  |TAMS 0x0000000085500000, 0x0000000085500000| Untracked 
|  86|0x0000000085600000, 0x0000000085600000, 0x0000000085700000|  0%| F|  |TAMS 0x0000000085600000, 0x0000000085600000| Untracked 
|  87|0x0000000085700000, 0x0000000085700000, 0x0000000085800000|  0%| F|  |TAMS 0x0000000085700000, 0x0000000085700000| Untracked 
|  88|0x0000000085800000, 0x0000000085800000, 0x0000000085900000|  0%| F|  |TAMS 0x0000000085800000, 0x0000000085800000| Untracked 
|  89|0x0000000085900000, 0x0000000085900000, 0x0000000085a00000|  0%| F|  |TAMS 0x0000000085900000, 0x0000000085900000| Untracked 
|  90|0x0000000085a00000, 0x0000000085a00000, 0x0000000085b00000|  0%| F|  |TAMS 0x0000000085a00000, 0x0000000085a00000| Untracked 
|  91|0x0000000085b00000, 0x0000000085b00000, 0x0000000085c00000|  0%| F|  |TAMS 0x0000000085b00000, 0x0000000085b00000| Untracked 
|  92|0x0000000085c00000, 0x0000000085c00000, 0x0000000085d00000|  0%| F|  |TAMS 0x0000000085c00000, 0x0000000085c00000| Untracked 
|  93|0x0000000085d00000, 0x0000000085d00000, 0x0000000085e00000|  0%| F|  |TAMS 0x0000000085d00000, 0x0000000085d00000| Untracked 
|  94|0x0000000085e00000, 0x0000000085e00000, 0x0000000085f00000|  0%| F|  |TAMS 0x0000000085e00000, 0x0000000085e00000| Untracked 
|  95|0x0000000085f00000, 0x0000000085f00000, 0x0000000086000000|  0%| F|  |TAMS 0x0000000085f00000, 0x0000000085f00000| Untracked 
|  96|0x0000000086000000, 0x0000000086000000, 0x0000000086100000|  0%| F|  |TAMS 0x0000000086000000, 0x0000000086000000| Untracked 
|  97|0x0000000086100000, 0x0000000086100000, 0x0000000086200000|  0%| F|  |TAMS 0x0000000086100000, 0x0000000086100000| Untracked 
|  98|0x0000000086200000, 0x0000000086200000, 0x0000000086300000|  0%| F|  |TAMS 0x0000000086200000, 0x0000000086200000| Untracked 
|  99|0x0000000086300000, 0x0000000086300000, 0x0000000086400000|  0%| F|  |TAMS 0x0000000086300000, 0x0000000086300000| Untracked 
| 100|0x0000000086400000, 0x0000000086400000, 0x0000000086500000|  0%| F|  |TAMS 0x0000000086400000, 0x0000000086400000| Untracked 
| 101|0x0000000086500000, 0x0000000086500000, 0x0000000086600000|  0%| F|  |TAMS 0x0000000086500000, 0x0000000086500000| Untracked 
| 102|0x0000000086600000, 0x0000000086600000, 0x0000000086700000|  0%| F|  |TAMS 0x0000000086600000, 0x0000000086600000| Untracked 
| 103|0x0000000086700000, 0x0000000086800000, 0x0000000086800000|100%| S|CS|TAMS 0x0000000086700000, 0x0000000086700000| Complete 
| 104|0x0000000086800000, 0x0000000086900000, 0x0000000086900000|100%| S|CS|TAMS 0x0000000086800000, 0x0000000086800000| Complete 
| 105|0x0000000086900000, 0x0000000086900000, 0x0000000086a00000|  0%| F|  |TAMS 0x0000000086900000, 0x0000000086900000| Untracked 
| 106|0x0000000086a00000, 0x0000000086a00000, 0x0000000086b00000|  0%| F|  |TAMS 0x0000000086a00000, 0x0000000086a00000| Untracked 
| 107|0x0000000086b00000, 0x0000000086b00000, 0x0000000086c00000|  0%| F|  |TAMS 0x0000000086b00000, 0x0000000086b00000| Untracked 
| 108|0x0000000086c00000, 0x0000000086c00000, 0x0000000086d00000|  0%| F|  |TAMS 0x0000000086c00000, 0x0000000086c00000| Untracked 
| 109|0x0000000086d00000, 0x0000000086d00000, 0x0000000086e00000|  0%| F|  |TAMS 0x0000000086d00000, 0x0000000086d00000| Untracked 
| 110|0x0000000086e00000, 0x0000000086e00000, 0x0000000086f00000|  0%| F|  |TAMS 0x0000000086e00000, 0x0000000086e00000| Untracked 
| 111|0x0000000086f00000, 0x0000000086f00000, 0x0000000087000000|  0%| F|  |TAMS 0x0000000086f00000, 0x0000000086f00000| Untracked 
| 112|0x0000000087000000, 0x0000000087000000, 0x0000000087100000|  0%| F|  |TAMS 0x0000000087000000, 0x0000000087000000| Untracked 
| 113|0x0000000087100000, 0x0000000087100000, 0x0000000087200000|  0%| F|  |TAMS 0x0000000087100000, 0x0000000087100000| Untracked 
| 114|0x0000000087200000, 0x0000000087200000, 0x0000000087300000|  0%| F|  |TAMS 0x0000000087200000, 0x0000000087200000| Untracked 
| 115|0x0000000087300000, 0x0000000087300000, 0x0000000087400000|  0%| F|  |TAMS 0x0000000087300000, 0x0000000087300000| Untracked 
| 116|0x0000000087400000, 0x0000000087400000, 0x0000000087500000|  0%| F|  |TAMS 0x0000000087400000, 0x0000000087400000| Untracked 
| 117|0x0000000087500000, 0x0000000087600000, 0x0000000087600000|100%| S|CS|TAMS 0x0000000087500000, 0x0000000087500000| Complete 
| 118|0x0000000087600000, 0x0000000087700000, 0x0000000087700000|100%| S|CS|TAMS 0x0000000087600000, 0x0000000087600000| Complete 
| 119|0x0000000087700000, 0x0000000087800000, 0x0000000087800000|100%| S|CS|TAMS 0x0000000087700000, 0x0000000087700000| Complete 
| 120|0x0000000087800000, 0x0000000087900000, 0x0000000087900000|100%| S|CS|TAMS 0x0000000087800000, 0x0000000087800000| Complete 
| 121|0x0000000087900000, 0x0000000087a00000, 0x0000000087a00000|100%| S|CS|TAMS 0x0000000087900000, 0x0000000087900000| Complete 
| 122|0x0000000087a00000, 0x0000000087b00000, 0x0000000087b00000|100%| S|CS|TAMS 0x0000000087a00000, 0x0000000087a00000| Complete 
| 123|0x0000000087b00000, 0x0000000087c00000, 0x0000000087c00000|100%| S|CS|TAMS 0x0000000087b00000, 0x0000000087b00000| Complete 
| 124|0x0000000087c00000, 0x0000000087c00000, 0x0000000087d00000|  0%| F|  |TAMS 0x0000000087c00000, 0x0000000087c00000| Untracked 
| 125|0x0000000087d00000, 0x0000000087e00000, 0x0000000087e00000|100%| S|CS|TAMS 0x0000000087d00000, 0x0000000087d00000| Complete 
| 126|0x0000000087e00000, 0x0000000087f00000, 0x0000000087f00000|100%| S|CS|TAMS 0x0000000087e00000, 0x0000000087e00000| Complete 
| 127|0x0000000087f00000, 0x0000000088000000, 0x0000000088000000|100%| S|CS|TAMS 0x0000000087f00000, 0x0000000087f00000| Complete 
| 128|0x0000000088000000, 0x0000000088100000, 0x0000000088100000|100%| S|CS|TAMS 0x0000000088000000, 0x0000000088000000| Complete 
| 129|0x0000000088100000, 0x0000000088100000, 0x0000000088200000|  0%| F|  |TAMS 0x0000000088100000, 0x0000000088100000| Untracked 
| 130|0x0000000088200000, 0x0000000088200000, 0x0000000088300000|  0%| F|  |TAMS 0x0000000088200000, 0x0000000088200000| Untracked 
| 131|0x0000000088300000, 0x0000000088300000, 0x0000000088400000|  0%| F|  |TAMS 0x0000000088300000, 0x0000000088300000| Untracked 
| 132|0x0000000088400000, 0x0000000088400000, 0x0000000088500000|  0%| F|  |TAMS 0x0000000088400000, 0x0000000088400000| Untracked 
| 133|0x0000000088500000, 0x0000000088500000, 0x0000000088600000|  0%| F|  |TAMS 0x0000000088500000, 0x0000000088500000| Untracked 
| 134|0x0000000088600000, 0x0000000088600000, 0x0000000088700000|  0%| F|  |TAMS 0x0000000088600000, 0x0000000088600000| Untracked 
| 135|0x0000000088700000, 0x0000000088700000, 0x0000000088800000|  0%| F|  |TAMS 0x0000000088700000, 0x0000000088700000| Untracked 
| 136|0x0000000088800000, 0x0000000088800000, 0x0000000088900000|  0%| F|  |TAMS 0x0000000088800000, 0x0000000088800000| Untracked 
| 137|0x0000000088900000, 0x0000000088900000, 0x0000000088a00000|  0%| F|  |TAMS 0x0000000088900000, 0x0000000088900000| Untracked 
| 138|0x0000000088a00000, 0x0000000088a00000, 0x0000000088b00000|  0%| F|  |TAMS 0x0000000088a00000, 0x0000000088a00000| Untracked 
| 139|0x0000000088b00000, 0x0000000088b00000, 0x0000000088c00000|  0%| F|  |TAMS 0x0000000088b00000, 0x0000000088b00000| Untracked 
| 140|0x0000000088c00000, 0x0000000088c00000, 0x0000000088d00000|  0%| F|  |TAMS 0x0000000088c00000, 0x0000000088c00000| Untracked 
| 141|0x0000000088d00000, 0x0000000088d00000, 0x0000000088e00000|  0%| F|  |TAMS 0x0000000088d00000, 0x0000000088d00000| Untracked 
| 142|0x0000000088e00000, 0x0000000088e00000, 0x0000000088f00000|  0%| F|  |TAMS 0x0000000088e00000, 0x0000000088e00000| Untracked 
| 143|0x0000000088f00000, 0x0000000088f00000, 0x0000000089000000|  0%| F|  |TAMS 0x0000000088f00000, 0x0000000088f00000| Untracked 
| 144|0x0000000089000000, 0x0000000089000000, 0x0000000089100000|  0%| F|  |TAMS 0x0000000089000000, 0x0000000089000000| Untracked 
| 145|0x0000000089100000, 0x0000000089100000, 0x0000000089200000|  0%| F|  |TAMS 0x0000000089100000, 0x0000000089100000| Untracked 
| 146|0x0000000089200000, 0x0000000089200000, 0x0000000089300000|  0%| F|  |TAMS 0x0000000089200000, 0x0000000089200000| Untracked 
| 147|0x0000000089300000, 0x0000000089300000, 0x0000000089400000|  0%| F|  |TAMS 0x0000000089300000, 0x0000000089300000| Untracked 
| 148|0x0000000089400000, 0x0000000089400000, 0x0000000089500000|  0%| F|  |TAMS 0x0000000089400000, 0x0000000089400000| Untracked 
| 149|0x0000000089500000, 0x0000000089500000, 0x0000000089600000|  0%| F|  |TAMS 0x0000000089500000, 0x0000000089500000| Untracked 
| 150|0x0000000089600000, 0x0000000089600000, 0x0000000089700000|  0%| F|  |TAMS 0x0000000089600000, 0x0000000089600000| Untracked 
| 151|0x0000000089700000, 0x0000000089700000, 0x0000000089800000|  0%| F|  |TAMS 0x0000000089700000, 0x0000000089700000| Untracked 
| 152|0x0000000089800000, 0x0000000089800000, 0x0000000089900000|  0%| F|  |TAMS 0x0000000089800000, 0x0000000089800000| Untracked 
| 153|0x0000000089900000, 0x00000000899b9be8, 0x0000000089a00000| 72%| E|  |TAMS 0x0000000089900000, 0x0000000089900000| Complete 
| 154|0x0000000089a00000, 0x0000000089b00000, 0x0000000089b00000|100%| E|CS|TAMS 0x0000000089a00000, 0x0000000089a00000| Complete 
| 155|0x0000000089b00000, 0x0000000089c00000, 0x0000000089c00000|100%| E|CS|TAMS 0x0000000089b00000, 0x0000000089b00000| Complete 
| 156|0x0000000089c00000, 0x0000000089d00000, 0x0000000089d00000|100%| E|CS|TAMS 0x0000000089c00000, 0x0000000089c00000| Complete 
| 157|0x0000000089d00000, 0x0000000089e00000, 0x0000000089e00000|100%| E|CS|TAMS 0x0000000089d00000, 0x0000000089d00000| Complete 
| 158|0x0000000089e00000, 0x0000000089f00000, 0x0000000089f00000|100%| E|CS|TAMS 0x0000000089e00000, 0x0000000089e00000| Complete 
| 159|0x0000000089f00000, 0x000000008a000000, 0x000000008a000000|100%| E|CS|TAMS 0x0000000089f00000, 0x0000000089f00000| Complete 
| 160|0x000000008a000000, 0x000000008a100000, 0x000000008a100000|100%| E|CS|TAMS 0x000000008a000000, 0x000000008a000000| Complete 
| 161|0x000000008a100000, 0x000000008a200000, 0x000000008a200000|100%| E|CS|TAMS 0x000000008a100000, 0x000000008a100000| Complete 
| 162|0x000000008a200000, 0x000000008a300000, 0x000000008a300000|100%| E|CS|TAMS 0x000000008a200000, 0x000000008a200000| Complete 
| 163|0x000000008a300000, 0x000000008a400000, 0x000000008a400000|100%| E|CS|TAMS 0x000000008a300000, 0x000000008a300000| Complete 
| 164|0x000000008a400000, 0x000000008a500000, 0x000000008a500000|100%| E|CS|TAMS 0x000000008a400000, 0x000000008a400000| Complete 
| 165|0x000000008a500000, 0x000000008a600000, 0x000000008a600000|100%| E|CS|TAMS 0x000000008a500000, 0x000000008a500000| Complete 
| 166|0x000000008a600000, 0x000000008a700000, 0x000000008a700000|100%| E|CS|TAMS 0x000000008a600000, 0x000000008a600000| Complete 
| 167|0x000000008a700000, 0x000000008a800000, 0x000000008a800000|100%| E|CS|TAMS 0x000000008a700000, 0x000000008a700000| Complete 
| 168|0x000000008a800000, 0x000000008a900000, 0x000000008a900000|100%| E|CS|TAMS 0x000000008a800000, 0x000000008a800000| Complete 
| 169|0x000000008a900000, 0x000000008aa00000, 0x000000008aa00000|100%| E|CS|TAMS 0x000000008a900000, 0x000000008a900000| Complete 
| 170|0x000000008aa00000, 0x000000008ab00000, 0x000000008ab00000|100%| E|CS|TAMS 0x000000008aa00000, 0x000000008aa00000| Complete 
| 171|0x000000008ab00000, 0x000000008ac00000, 0x000000008ac00000|100%| E|CS|TAMS 0x000000008ab00000, 0x000000008ab00000| Complete 
| 172|0x000000008ac00000, 0x000000008ad00000, 0x000000008ad00000|100%| E|CS|TAMS 0x000000008ac00000, 0x000000008ac00000| Complete 
| 173|0x000000008ad00000, 0x000000008ae00000, 0x000000008ae00000|100%| E|CS|TAMS 0x000000008ad00000, 0x000000008ad00000| Complete 
| 174|0x000000008ae00000, 0x000000008af00000, 0x000000008af00000|100%| E|CS|TAMS 0x000000008ae00000, 0x000000008ae00000| Complete 
| 175|0x000000008af00000, 0x000000008b000000, 0x000000008b000000|100%| E|CS|TAMS 0x000000008af00000, 0x000000008af00000| Complete 
| 176|0x000000008b000000, 0x000000008b100000, 0x000000008b100000|100%| E|CS|TAMS 0x000000008b000000, 0x000000008b000000| Complete 
| 177|0x000000008b100000, 0x000000008b200000, 0x000000008b200000|100%| E|CS|TAMS 0x000000008b100000, 0x000000008b100000| Complete 
| 178|0x000000008b200000, 0x000000008b300000, 0x000000008b300000|100%| E|CS|TAMS 0x000000008b200000, 0x000000008b200000| Complete 
| 179|0x000000008b300000, 0x000000008b400000, 0x000000008b400000|100%| E|CS|TAMS 0x000000008b300000, 0x000000008b300000| Complete 
| 180|0x000000008b400000, 0x000000008b500000, 0x000000008b500000|100%| E|CS|TAMS 0x000000008b400000, 0x000000008b400000| Complete 
| 181|0x000000008b500000, 0x000000008b600000, 0x000000008b600000|100%| E|CS|TAMS 0x000000008b500000, 0x000000008b500000| Complete 
| 182|0x000000008b600000, 0x000000008b700000, 0x000000008b700000|100%| E|CS|TAMS 0x000000008b600000, 0x000000008b600000| Complete 
| 183|0x000000008b700000, 0x000000008b800000, 0x000000008b800000|100%| E|CS|TAMS 0x000000008b700000, 0x000000008b700000| Complete 
| 184|0x000000008b800000, 0x000000008b900000, 0x000000008b900000|100%| E|CS|TAMS 0x000000008b800000, 0x000000008b800000| Complete 
| 185|0x000000008b900000, 0x000000008ba00000, 0x000000008ba00000|100%| E|CS|TAMS 0x000000008b900000, 0x000000008b900000| Complete 
| 186|0x000000008ba00000, 0x000000008bb00000, 0x000000008bb00000|100%| E|CS|TAMS 0x000000008ba00000, 0x000000008ba00000| Complete 
| 187|0x000000008bb00000, 0x000000008bc00000, 0x000000008bc00000|100%| E|  |TAMS 0x000000008bb00000, 0x000000008bb00000| Complete 
| 188|0x000000008bc00000, 0x000000008bd00000, 0x000000008bd00000|100%| E|CS|TAMS 0x000000008bc00000, 0x000000008bc00000| Complete 
| 189|0x000000008bd00000, 0x000000008be00000, 0x000000008be00000|100%| E|CS|TAMS 0x000000008bd00000, 0x000000008bd00000| Complete 
| 190|0x000000008be00000, 0x000000008bf00000, 0x000000008bf00000|100%| E|CS|TAMS 0x000000008be00000, 0x000000008be00000| Complete 
| 191|0x000000008bf00000, 0x000000008c000000, 0x000000008c000000|100%| E|CS|TAMS 0x000000008bf00000, 0x000000008bf00000| Complete 
| 192|0x000000008c000000, 0x000000008c100000, 0x000000008c100000|100%| E|CS|TAMS 0x000000008c000000, 0x000000008c000000| Complete 
| 193|0x000000008c100000, 0x000000008c200000, 0x000000008c200000|100%| E|CS|TAMS 0x000000008c100000, 0x000000008c100000| Complete 
| 194|0x000000008c200000, 0x000000008c300000, 0x000000008c300000|100%| E|CS|TAMS 0x000000008c200000, 0x000000008c200000| Complete 
| 195|0x000000008c300000, 0x000000008c400000, 0x000000008c400000|100%| E|CS|TAMS 0x000000008c300000, 0x000000008c300000| Complete 
| 196|0x000000008c400000, 0x000000008c500000, 0x000000008c500000|100%| E|CS|TAMS 0x000000008c400000, 0x000000008c400000| Complete 
| 197|0x000000008c500000, 0x000000008c600000, 0x000000008c600000|100%| E|CS|TAMS 0x000000008c500000, 0x000000008c500000| Complete 
| 198|0x000000008c600000, 0x000000008c700000, 0x000000008c700000|100%| E|CS|TAMS 0x000000008c600000, 0x000000008c600000| Complete 
| 199|0x000000008c700000, 0x000000008c800000, 0x000000008c800000|100%| E|CS|TAMS 0x000000008c700000, 0x000000008c700000| Complete 
| 200|0x000000008c800000, 0x000000008c900000, 0x000000008c900000|100%| E|CS|TAMS 0x000000008c800000, 0x000000008c800000| Complete 
| 201|0x000000008c900000, 0x000000008ca00000, 0x000000008ca00000|100%| E|CS|TAMS 0x000000008c900000, 0x000000008c900000| Complete 
| 202|0x000000008ca00000, 0x000000008cb00000, 0x000000008cb00000|100%| E|CS|TAMS 0x000000008ca00000, 0x000000008ca00000| Complete 
| 203|0x000000008cb00000, 0x000000008cc00000, 0x000000008cc00000|100%| E|CS|TAMS 0x000000008cb00000, 0x000000008cb00000| Complete 
| 204|0x000000008cc00000, 0x000000008cd00000, 0x000000008cd00000|100%| E|CS|TAMS 0x000000008cc00000, 0x000000008cc00000| Complete 
| 205|0x000000008cd00000, 0x000000008ce00000, 0x000000008ce00000|100%| E|CS|TAMS 0x000000008cd00000, 0x000000008cd00000| Complete 
| 206|0x000000008ce00000, 0x000000008cf00000, 0x000000008cf00000|100%| E|CS|TAMS 0x000000008ce00000, 0x000000008ce00000| Complete 
| 207|0x000000008cf00000, 0x000000008d000000, 0x000000008d000000|100%| E|CS|TAMS 0x000000008cf00000, 0x000000008cf00000| Complete 
| 208|0x000000008d000000, 0x000000008d100000, 0x000000008d100000|100%| E|CS|TAMS 0x000000008d000000, 0x000000008d000000| Complete 
| 209|0x000000008d100000, 0x000000008d200000, 0x000000008d200000|100%| E|CS|TAMS 0x000000008d100000, 0x000000008d100000| Complete 
| 210|0x000000008d200000, 0x000000008d300000, 0x000000008d300000|100%| E|CS|TAMS 0x000000008d200000, 0x000000008d200000| Complete 
| 211|0x000000008d300000, 0x000000008d400000, 0x000000008d400000|100%| E|CS|TAMS 0x000000008d300000, 0x000000008d300000| Complete 
| 212|0x000000008d400000, 0x000000008d500000, 0x000000008d500000|100%| E|CS|TAMS 0x000000008d400000, 0x000000008d400000| Complete 
| 213|0x000000008d500000, 0x000000008d600000, 0x000000008d600000|100%| E|CS|TAMS 0x000000008d500000, 0x000000008d500000| Complete 
| 214|0x000000008d600000, 0x000000008d700000, 0x000000008d700000|100%| E|CS|TAMS 0x000000008d600000, 0x000000008d600000| Complete 
| 215|0x000000008d700000, 0x000000008d800000, 0x000000008d800000|100%| E|CS|TAMS 0x000000008d700000, 0x000000008d700000| Complete 
| 216|0x000000008d800000, 0x000000008d900000, 0x000000008d900000|100%| E|CS|TAMS 0x000000008d800000, 0x000000008d800000| Complete 
| 217|0x000000008d900000, 0x000000008da00000, 0x000000008da00000|100%| E|CS|TAMS 0x000000008d900000, 0x000000008d900000| Complete 
| 218|0x000000008da00000, 0x000000008db00000, 0x000000008db00000|100%| E|CS|TAMS 0x000000008da00000, 0x000000008da00000| Complete 
| 219|0x000000008db00000, 0x000000008dc00000, 0x000000008dc00000|100%| E|CS|TAMS 0x000000008db00000, 0x000000008db00000| Complete 

Card table byte_map: [0x000001d61c570000,0x000001d61c970000] _byte_map_base: 0x000001d61c170000

Marking Bits (Prev, Next): (CMBitMap*) 0x000001d604a55dc8, (CMBitMap*) 0x000001d604a55e00
 Prev Bits: [0x000001d61cd70000, 0x000001d61ed70000)
 Next Bits: [0x000001d61ed70000, 0x000001d620d70000)

Polling page: 0x000001d602860000

Metaspace:

Usage:
  Non-class:     85.59 MB capacity,    83.97 MB ( 98%) used,     1.34 MB (  2%) free+waste,   295.19 KB ( <1%) overhead. 
      Class:     13.63 MB capacity,    12.59 MB ( 92%) used,   924.74 KB (  7%) free+waste,   134.44 KB ( <1%) overhead. 
       Both:     99.22 MB capacity,    96.56 MB ( 97%) used,     2.24 MB (  2%) free+waste,   429.63 KB ( <1%) overhead. 

Virtual space:
  Non-class space:       86.00 MB reserved,      85.76 MB (>99%) committed 
      Class space:      504.00 MB reserved,      13.70 MB (  3%) committed 
             Both:      590.00 MB reserved,      99.46 MB ( 17%) committed 

Chunk freelists:
   Non-Class:  42.00 KB
       Class:  0 bytes
        Both:  42.00 KB

MaxMetaspaceSize: 512.00 MB
CompressedClassSpaceSize: 504.00 MB
Initial GC threshold: 20.80 MB
Current GC threshold: 107.85 MB
CDS: off

CodeHeap 'non-profiled nmethods': size=120064Kb used=6494Kb max_used=6494Kb free=113569Kb
 bounds [0x000001d614c30000, 0x000001d615290000, 0x000001d61c170000]
CodeHeap 'profiled nmethods': size=120000Kb used=24186Kb max_used=24186Kb free=95813Kb
 bounds [0x000001d60d700000, 0x000001d60eea0000, 0x000001d614c30000]
CodeHeap 'non-nmethods': size=5696Kb used=2391Kb max_used=2459Kb free=3304Kb
 bounds [0x000001d60d170000, 0x000001d60d3e0000, 0x000001d60d700000]
 total_blobs=12328 nmethods=11409 adapters=831
 compilation: enabled
              stopped_count=0, restarted_count=0
 full_count=0

Compilation events (20 events):
Event: 28.438 Thread 0x000001d623ba9000 11523   !   3       sun.nio.ch.FileChannelImpl::size (239 bytes)
Event: 28.440 Thread 0x000001d623ba9000 nmethod 11523 0x000001d60ee99c90 code [0x000001d60ee99f80, 0x000001d60ee9afb8]
Event: 28.440 Thread 0x000001d623ba9000 11526       3       org.gradle.api.internal.artifacts.transform.TransformationStep$$Lambda$1149/0x0000000100d31840::apply (20 bytes)
Event: 28.440 Thread 0x000001d623ba9000 nmethod 11526 0x000001d60ee9b790 code [0x000001d60ee9b960, 0x000001d60ee9bba8]
Event: 28.440 Thread 0x000001d623ba9000 11527       3       org.gradle.api.internal.artifacts.transform.DefaultTransformerInvocationFactory$ImmutableTransformerExecution::visitIdentityInputs (48 bytes)
Event: 28.442 Thread 0x000001d623ba9000 nmethod 11527 0x000001d60ee9bc90 code [0x000001d60ee9bfc0, 0x000001d60ee9d4a8]
Event: 28.442 Thread 0x000001d623ba9000 11528       3       org.gradle.api.internal.artifacts.transform.DefaultTransformerInvocationFactory$AbstractTransformerExecution$$Lambda$1155/0x0000000100d58040::get$Lambda (9 bytes)
Event: 28.443 Thread 0x000001d623ba9000 nmethod 11528 0x000001d60ee9db90 code [0x000001d60ee9dd60, 0x000001d60ee9dfb8]
Event: 28.443 Thread 0x000001d623ba9000 11525   !   3       java.nio.channels.spi.AbstractInterruptibleChannel::close (37 bytes)
Event: 28.443 Thread 0x000001d623ba9000 nmethod 11525 0x000001d60ee9e090 code [0x000001d60ee9e260, 0x000001d60ee9e668]
Event: 28.443 Thread 0x000001d623ba9000 11524       3       sun.nio.ch.FileDispatcherImpl::size (5 bytes)
Event: 28.443 Thread 0x000001d623ba9000 nmethod 11524 0x000001d60ee9e790 code [0x000001d60ee9e940, 0x000001d60ee9ea68]
Event: 28.453 Thread 0x000001d624935800 nmethod 11428 0x000001d615279090 code [0x000001d615279380, 0x000001d61527b630]
Event: 28.453 Thread 0x000001d624935800 11505       4       java.math.BigInteger::makePositive (259 bytes)
Event: 28.469 Thread 0x000001d624935800 nmethod 11505 0x000001d61527ca90 code [0x000001d61527cc40, 0x000001d61527d298]
Event: 28.469 Thread 0x000001d624935800 11474       4       org.gradle.cache.internal.btree.BTreePersistentIndexedCache$IndexBlock::find (140 bytes)
Event: 28.546 Thread 0x000001d624935800 nmethod 11474 0x000001d61527d710 code [0x000001d61527d980, 0x000001d61527ee48]
Event: 28.546 Thread 0x000001d624935800 11529       4       java.util.function.Predicate$$Lambda$112/0x0000000100296440::test (13 bytes)
Event: 28.552 Thread 0x000001d623ba4000 nmethod 11476 0x000001d61527fd10 code [0x000001d61527ffe0, 0x000001d615281b58]
Event: 28.552 Thread 0x000001d623ba4000 11530       4       sun.nio.fs.WindowsFileAttributes::isSymbolicLink (15 bytes)

GC Heap History (20 events):
Event: 7.046 GC heap before
{Heap before GC invocations=9 (full 0):
 garbage-first heap   total 155648K, used 92447K [0x0000000080000000, 0x0000000100000000)
  region size 1024K, 71 young (72704K), 6 survivors (6144K)
 Metaspace       used 40367K, capacity 41380K, committed 41680K, reserved 552960K
  class space    used 5058K, capacity 5428K, committed 5504K, reserved 516096K
}
Event: 7.063 GC heap after
{Heap after GC invocations=10 (full 0):
 garbage-first heap   total 155648K, used 28355K [0x0000000080000000, 0x0000000100000000)
  region size 1024K, 9 young (9216K), 9 survivors (9216K)
 Metaspace       used 40367K, capacity 41380K, committed 41680K, reserved 552960K
  class space    used 5058K, capacity 5428K, committed 5504K, reserved 516096K
}
Event: 10.737 GC heap before
{Heap before GC invocations=10 (full 0):
 garbage-first heap   total 155648K, used 96963K [0x0000000080000000, 0x0000000100000000)
  region size 1024K, 75 young (76800K), 9 survivors (9216K)
 Metaspace       used 45541K, capacity 46838K, committed 47184K, reserved 557056K
  class space    used 5773K, capacity 6295K, committed 6400K, reserved 516096K
}
Event: 10.762 GC heap after
{Heap after GC invocations=11 (full 0):
 garbage-first heap   total 187392K, used 31567K [0x0000000080000000, 0x0000000100000000)
  region size 1024K, 4 young (4096K), 4 survivors (4096K)
 Metaspace       used 45541K, capacity 46838K, committed 47184K, reserved 557056K
  class space    used 5773K, capacity 6295K, committed 6400K, reserved 516096K
}
Event: 12.373 GC heap before
{Heap before GC invocations=11 (full 0):
 garbage-first heap   total 187392K, used 120655K [0x0000000080000000, 0x0000000100000000)
  region size 1024K, 88 young (90112K), 4 survivors (4096K)
 Metaspace       used 52152K, capacity 53610K, committed 53712K, reserved 563200K
  class space    used 6673K, capacity 7293K, committed 7296K, reserved 516096K
}
Event: 12.390 GC heap after
{Heap after GC invocations=12 (full 0):
 garbage-first heap   total 187392K, used 40034K [0x0000000080000000, 0x0000000100000000)
  region size 1024K, 8 young (8192K), 8 survivors (8192K)
 Metaspace       used 52152K, capacity 53610K, committed 53712K, reserved 563200K
  class space    used 6673K, capacity 7293K, committed 7296K, reserved 516096K
}
Event: 13.690 GC heap before
{Heap before GC invocations=12 (full 0):
 garbage-first heap   total 187392K, used 111714K [0x0000000080000000, 0x0000000100000000)
  region size 1024K, 79 young (80896K), 8 survivors (8192K)
 Metaspace       used 58558K, capacity 60212K, committed 60296K, reserved 569344K
  class space    used 7623K, capacity 8303K, committed 8320K, reserved 516096K
}
Event: 13.712 GC heap after
{Heap after GC invocations=13 (full 0):
 garbage-first heap   total 187392K, used 42671K [0x0000000080000000, 0x0000000100000000)
  region size 1024K, 8 young (8192K), 8 survivors (8192K)
 Metaspace       used 58558K, capacity 60212K, committed 60296K, reserved 569344K
  class space    used 7623K, capacity 8303K, committed 8320K, reserved 516096K
}
Event: 14.909 GC heap before
{Heap before GC invocations=14 (full 0):
 garbage-first heap   total 187392K, used 129711K [0x0000000080000000, 0x0000000100000000)
  region size 1024K, 94 young (96256K), 8 survivors (8192K)
 Metaspace       used 64041K, capacity 66007K, committed 66260K, reserved 573440K
  class space    used 8354K, capacity 9115K, committed 9164K, reserved 516096K
}
Event: 14.933 GC heap after
{Heap after GC invocations=15 (full 0):
 garbage-first heap   total 187392K, used 45663K [0x0000000080000000, 0x0000000100000000)
  region size 1024K, 6 young (6144K), 6 survivors (6144K)
 Metaspace       used 64041K, capacity 66007K, committed 66260K, reserved 573440K
  class space    used 8354K, capacity 9115K, committed 9164K, reserved 516096K
}
Event: 16.998 GC heap before
{Heap before GC invocations=16 (full 0):
 garbage-first heap   total 187392K, used 136799K [0x0000000080000000, 0x0000000100000000)
  region size 1024K, 95 young (97280K), 6 survivors (6144K)
 Metaspace       used 70255K, capacity 72409K, committed 72660K, reserved 579584K
  class space    used 9203K, capacity 10079K, committed 10188K, reserved 516096K
}
Event: 17.021 GC heap after
{Heap after GC invocations=17 (full 0):
 garbage-first heap   total 187392K, used 51450K [0x0000000080000000, 0x0000000100000000)
  region size 1024K, 12 young (12288K), 12 survivors (12288K)
 Metaspace       used 70255K, capacity 72409K, committed 72660K, reserved 579584K
  class space    used 9203K, capacity 10079K, committed 10188K, reserved 516096K
}
Event: 18.797 GC heap before
{Heap before GC invocations=17 (full 0):
 garbage-first heap   total 187392K, used 149754K [0x0000000080000000, 0x0000000100000000)
  region size 1024K, 99 young (101376K), 12 survivors (12288K)
 Metaspace       used 78572K, capacity 80780K, committed 80980K, reserved 587776K
  class space    used 10152K, capacity 11066K, committed 11084K, reserved 516096K
}
Event: 18.827 GC heap after
{Heap after GC invocations=18 (full 0):
 garbage-first heap   total 225280K, used 69586K [0x0000000080000000, 0x0000000100000000)
  region size 1024K, 13 young (13312K), 13 survivors (13312K)
 Metaspace       used 78572K, capacity 80780K, committed 80980K, reserved 587776K
  class space    used 10152K, capacity 11066K, committed 11084K, reserved 516096K
}
Event: 20.392 GC heap before
{Heap before GC invocations=18 (full 0):
 garbage-first heap   total 225280K, used 170962K [0x0000000080000000, 0x0000000100000000)
  region size 1024K, 109 young (111616K), 13 survivors (13312K)
 Metaspace       used 83375K, capacity 85727K, committed 85844K, reserved 591872K
  class space    used 10808K, capacity 11785K, committed 11852K, reserved 516096K
}
Event: 20.422 GC heap after
{Heap after GC invocations=19 (full 0):
 garbage-first heap   total 225280K, used 78336K [0x0000000080000000, 0x0000000100000000)
  region size 1024K, 7 young (7168K), 7 survivors (7168K)
 Metaspace       used 83375K, capacity 85727K, committed 85844K, reserved 591872K
  class space    used 10808K, capacity 11785K, committed 11852K, reserved 516096K
}
Event: 24.892 GC heap before
{Heap before GC invocations=19 (full 0):
 garbage-first heap   total 225280K, used 175616K [0x0000000080000000, 0x0000000100000000)
  region size 1024K, 102 young (104448K), 7 survivors (7168K)
 Metaspace       used 91818K, capacity 94282K, committed 94548K, reserved 598016K
  class space    used 12113K, capacity 13098K, committed 13132K, reserved 516096K
}
Event: 24.914 GC heap after
{Heap after GC invocations=20 (full 0):
 garbage-first heap   total 225280K, used 84681K [0x0000000080000000, 0x0000000100000000)
  region size 1024K, 13 young (13312K), 13 survivors (13312K)
 Metaspace       used 91818K, capacity 94282K, committed 94548K, reserved 598016K
  class space    used 12113K, capacity 13098K, committed 13132K, reserved 516096K
}
Event: 27.131 GC heap before
{Heap before GC invocations=20 (full 0):
 garbage-first heap   total 225280K, used 177865K [0x0000000080000000, 0x0000000100000000)
  region size 1024K, 104 young (106496K), 13 survivors (13312K)
 Metaspace       used 97137K, capacity 99661K, committed 99796K, reserved 604160K
  class space    used 12748K, capacity 13740K, committed 13772K, reserved 516096K
}
Event: 27.164 GC heap after
{Heap after GC invocations=21 (full 0):
 garbage-first heap   total 225280K, used 91081K [0x0000000080000000, 0x0000000100000000)
  region size 1024K, 13 young (13312K), 13 survivors (13312K)
 Metaspace       used 97137K, capacity 99661K, committed 99796K, reserved 604160K
  class space    used 12748K, capacity 13740K, committed 13772K, reserved 516096K
}

Deoptimization events (20 events):
Event: 27.711 Thread 0x000001d629a39800 DEOPT PACKING pc=0x000001d61524629c sp=0x00000004d47fd640
Event: 27.711 Thread 0x000001d629a39800 DEOPT UNPACKING pc=0x000001d60d1ba1af sp=0x00000004d47fd5e8 mode 2
Event: 27.711 Thread 0x000001d629f30000 Uncommon trap: trap_request=0xffffffd6 fr.pc=0x000001d61524629c relative=0x000000000000075c
Event: 27.711 Thread 0x000001d629f30000 Uncommon trap: reason=array_check action=maybe_recompile pc=0x000001d61524629c method=java.util.TimSort.binarySort([Ljava/lang/Object;IIILjava/util/Comparator;)V @ 193 c2
Event: 27.711 Thread 0x000001d629f30000 DEOPT PACKING pc=0x000001d61524629c sp=0x00000004d34fdb50
Event: 27.711 Thread 0x000001d629f30000 DEOPT UNPACKING pc=0x000001d60d1ba1af sp=0x00000004d34fdaf8 mode 2
Event: 27.726 Thread 0x000001d629f30000 Uncommon trap: trap_request=0xffffffd6 fr.pc=0x000001d61524629c relative=0x000000000000075c
Event: 27.726 Thread 0x000001d629f30000 Uncommon trap: reason=array_check action=maybe_recompile pc=0x000001d61524629c method=java.util.TimSort.binarySort([Ljava/lang/Object;IIILjava/util/Comparator;)V @ 193 c2
Event: 27.726 Thread 0x000001d629f30000 DEOPT PACKING pc=0x000001d61524629c sp=0x00000004d34fdb50
Event: 27.726 Thread 0x000001d629f30000 DEOPT UNPACKING pc=0x000001d60d1ba1af sp=0x00000004d34fdaf8 mode 2
Event: 28.114 Thread 0x000001d629f2b000 DEOPT PACKING pc=0x000001d60e6e2c31 sp=0x00000004d30fba80
Event: 28.114 Thread 0x000001d629f2b000 DEOPT UNPACKING pc=0x000001d60d1ba95e sp=0x00000004d30faf48 mode 0
Event: 28.120 Thread 0x000001d629a3b000 Uncommon trap: trap_request=0xffffffd6 fr.pc=0x000001d61526191c relative=0x00000000000006dc
Event: 28.120 Thread 0x000001d629a3b000 Uncommon trap: reason=array_check action=maybe_recompile pc=0x000001d61526191c method=java.util.TimSort.binarySort([Ljava/lang/Object;IIILjava/util/Comparator;)V @ 215 c2
Event: 28.120 Thread 0x000001d629a3b000 DEOPT PACKING pc=0x000001d61526191c sp=0x00000004d45fd6c0
Event: 28.120 Thread 0x000001d629a3b000 DEOPT UNPACKING pc=0x000001d60d1ba1af sp=0x00000004d45fd668 mode 2
Event: 28.190 Thread 0x000001d629a2e800 Uncommon trap: trap_request=0xffffffd6 fr.pc=0x000001d61526191c relative=0x00000000000006dc
Event: 28.190 Thread 0x000001d629a2e800 Uncommon trap: reason=array_check action=maybe_recompile pc=0x000001d61526191c method=java.util.TimSort.binarySort([Ljava/lang/Object;IIILjava/util/Comparator;)V @ 215 c2
Event: 28.190 Thread 0x000001d629a2e800 DEOPT PACKING pc=0x000001d61526191c sp=0x00000004d39fdac0
Event: 28.190 Thread 0x000001d629a2e800 DEOPT UNPACKING pc=0x000001d60d1ba1af sp=0x00000004d39fda68 mode 2

Classes redefined (0 events):
No events

Internal exceptions (20 events):
Event: 25.684 Thread 0x000001d6248f4000 Implicit null exception at 0x000001d6150d0b94 to 0x000001d6150d1104
Event: 26.140 Thread 0x000001d6248f4000 Exception <a 'java/lang/NoSuchMethodError'{0x000000008aff4100}: 'int java.lang.invoke.DirectMethodHandle$Holder.invokeStatic(java.lang.Object, int, int, java.lang.Object)'> (0x000000008aff4100) thrown at [./src/hotspot/share/interpreter/linkResolver.cpp, line 773]
Event: 26.541 Thread 0x000001d629a36000 Exception <a 'java/lang/NoSuchMethodError'{0x00000000896c6990}: 'void java.lang.invoke.DirectMethodHandle$Holder.invokeStatic(java.lang.Object, java.lang.Object, java.lang.Object, java.lang.Object, int, java.lang.Object, java.lang.Object)'> (0x00000000896c6990) thrown at [./src/hotspot/share/interpreter/linkResolver.cpp, line 773]
Event: 26.581 Thread 0x000001d629a36000 Exception <a 'java/lang/NoSuchMethodError'{0x0000000089305d00}: 'java.lang.Object java.lang.invoke.DirectMethodHandle$Holder.invokeSpecialIFC(java.lang.Object, java.lang.Object, java.lang.Object)'> (0x0000000089305d00) thrown at [./src/hotspot/share/interpreter/linkResolver.cpp, line 773]
Event: 26.581 Thread 0x000001d629f28800 Exception <a 'java/lang/NoSuchMethodError'{0x00000000894f9630}: 'java.lang.Object java.lang.invoke.DirectMethodHandle$Holder.invokeSpecialIFC(java.lang.Object, java.lang.Object, java.lang.Object)'> (0x00000000894f9630) thrown at [./src/hotspot/share/interpreter/linkResolver.cpp, line 773]
Event: 26.581 Thread 0x000001d629f2c800 Exception <a 'java/lang/NoSuchMethodError'{0x0000000089309590}: 'java.lang.Object java.lang.invoke.DirectMethodHandle$Holder.invokeSpecialIFC(java.lang.Object, java.lang.Object, java.lang.Object)'> (0x0000000089309590) thrown at [./src/hotspot/share/interpreter/linkResolver.cpp, line 773]
Event: 26.582 Thread 0x000001d629f25800 Exception <a 'java/lang/NoSuchMethodError'{0x00000000893158b0}: 'java.lang.Object java.lang.invoke.DirectMethodHandle$Holder.invokeSpecialIFC(java.lang.Object, java.lang.Object, java.lang.Object)'> (0x00000000893158b0) thrown at [./src/hotspot/share/interpreter/linkResolver.cpp, line 773]
Event: 26.747 Thread 0x000001d627a35800 Exception <a 'java/lang/NoSuchMethodError'{0x0000000089266640}: 'void java.lang.invoke.DirectMethodHandle$Holder.invokeVirtual(java.lang.Object, java.lang.Object)'> (0x0000000089266640) thrown at [./src/hotspot/share/interpreter/linkResolver.cpp, line 773]
Event: 26.834 Thread 0x000001d627a35800 Implicit null exception at 0x000001d615212fdb to 0x000001d615213070
Event: 27.397 Thread 0x000001d629a31000 Exception <a 'java/lang/ClassNotFoundException'{0x000000008d3e2838}: groovy/util/FileTreeBuilderBeanInfo> (0x000000008d3e2838) thrown at [./src/hotspot/share/classfile/systemDictionary.cpp, line 230]
Event: 27.399 Thread 0x000001d629a31000 Exception <a 'java/lang/ClassNotFoundException'{0x000000008d25a218}: groovy/util/FileTreeBuilderCustomizer> (0x000000008d25a218) thrown at [./src/hotspot/share/classfile/systemDictionary.cpp, line 230]
Event: 27.421 Thread 0x000001d629a31000 Exception <a 'java/lang/ClassNotFoundException'{0x000000008d2ac908}: java/io/BufferedWriterBeanInfo> (0x000000008d2ac908) thrown at [./src/hotspot/share/classfile/systemDictionary.cpp, line 230]
Event: 27.421 Thread 0x000001d629a31000 Exception <a 'java/lang/ClassNotFoundException'{0x000000008d2b20f0}: java/io/WriterBeanInfo> (0x000000008d2b20f0) thrown at [./src/hotspot/share/classfile/systemDictionary.cpp, line 230]
Event: 27.422 Thread 0x000001d629a31000 Exception <a 'java/lang/ClassNotFoundException'{0x000000008d2b7958}: java/io/WriterCustomizer> (0x000000008d2b7958) thrown at [./src/hotspot/share/classfile/systemDictionary.cpp, line 230]
Event: 27.423 Thread 0x000001d629a31000 Exception <a 'java/lang/ClassNotFoundException'{0x000000008d2c5360}: java/io/BufferedWriterCustomizer> (0x000000008d2c5360) thrown at [./src/hotspot/share/classfile/systemDictionary.cpp, line 230]
Event: 27.493 Thread 0x000001d629a31000 Exception <a 'java/lang/NoSuchMethodError'{0x000000008d1d3eb8}: <clinit>> (0x000000008d1d3eb8) thrown at [./src/hotspot/share/prims/jni.cpp, line 1367]
Event: 27.596 Thread 0x000001d629a31000 Exception <a 'java/lang/NoSuchMethodError'{0x000000008cd43180}: 'java.lang.Object java.lang.invoke.DirectMethodHandle$Holder.newInvokeSpecial(java.lang.Object, java.lang.Object, java.lang.Object, java.lang.Object)'> (0x000000008cd43180) thrown at [./src/hotspot/share/interpreter/linkResolver.cpp, line 773]
Event: 27.614 Thread 0x000001d629a31000 Exception <a 'sun/nio/fs/WindowsException'{0x000000008cdcf820}> (0x000000008cdcf820) thrown at [./src/hotspot/share/prims/jni.cpp, line 617]
Event: 27.614 Thread 0x000001d629a31000 Exception <a 'sun/nio/fs/WindowsException'{0x000000008cdd06c0}> (0x000000008cdd06c0) thrown at [./src/hotspot/share/prims/jni.cpp, line 617]
Event: 27.677 Thread 0x000001d625b7c800 Exception <a 'sun/nio/fs/WindowsException'{0x000000008ca84d98}> (0x000000008ca84d98) thrown at [./src/hotspot/share/prims/jni.cpp, line 617]

Events (20 events):
Event: 27.707 Loaded shared library C:\Program Files\Microsoft\jdk-11.0.16.101-hotspot\bin\nio.dll
Event: 27.716 loading class org/gradle/api/internal/artifacts/transform/TransformationResult$Builder$PartOfInputArtifact
Event: 27.716 loading class org/gradle/api/internal/artifacts/transform/TransformationResult$Builder$PartOfInputArtifact done
Event: 27.778 Executing VM operation: RevokeBias
Event: 27.779 Executing VM operation: RevokeBias done
Event: 27.879 Executing VM operation: RevokeBias
Event: 27.880 Executing VM operation: RevokeBias done
Event: 27.902 Executing VM operation: RevokeBias
Event: 27.903 Executing VM operation: RevokeBias done
Event: 27.913 Executing VM operation: RevokeBias
Event: 27.914 Executing VM operation: RevokeBias done
Event: 27.925 Executing VM operation: BulkRevokeBias
Event: 27.929 Executing VM operation: BulkRevokeBias done
Event: 27.953 Executing VM operation: RevokeBias
Event: 27.953 Executing VM operation: RevokeBias done
Event: 28.213 loading class org/gradle/internal/hash/HashCode$1
Event: 28.213 loading class org/gradle/internal/hash/HashCode$1 done
Event: 28.369 Executing VM operation: ICBufferFull
Event: 28.370 Executing VM operation: ICBufferFull done
Event: 28.373 Loaded shared library C:\Program Files\Microsoft\jdk-11.0.16.101-hotspot\bin\nio.dll


Dynamic libraries:
0x00007ff6a05a0000 - 0x00007ff6a05ad000 	C:\Program Files\Microsoft\jdk-11.0.16.101-hotspot\bin\java.exe
0x00007ff9caf00000 - 0x00007ff9cb109000 	C:\Windows\SYSTEM32\ntdll.dll
0x00007ff9cac00000 - 0x00007ff9cacbe000 	C:\Windows\System32\KERNEL32.DLL
0x00007ff9c8500000 - 0x00007ff9c887b000 	C:\Windows\System32\KERNELBASE.dll
0x00007ff9c8880000 - 0x00007ff9c8991000 	C:\Windows\System32\ucrtbase.dll
0x00007ff9b9cb0000 - 0x00007ff9b9cc5000 	C:\Program Files\Microsoft\jdk-11.0.16.101-hotspot\bin\VCRUNTIME140.dll
0x00007ff9bbfd0000 - 0x00007ff9bbfe7000 	C:\Program Files\Microsoft\jdk-11.0.16.101-hotspot\bin\jli.dll
0x00007ff9caa50000 - 0x00007ff9cabfd000 	C:\Windows\System32\USER32.dll
0x00007ff9b2da0000 - 0x00007ff9b3045000 	C:\Windows\WinSxS\amd64_microsoft.windows.common-controls_6595b64144ccf1df_6.0.22000.120_none_9d947278b86cc467\COMCTL32.dll
0x00007ff9c89a0000 - 0x00007ff9c89c6000 	C:\Windows\System32\win32u.dll
0x00007ff9c8d80000 - 0x00007ff9c8e23000 	C:\Windows\System32\msvcrt.dll
0x00007ff9ca760000 - 0x00007ff9ca789000 	C:\Windows\System32\GDI32.dll
0x00007ff9c8b40000 - 0x00007ff9c8c58000 	C:\Windows\System32\gdi32full.dll
0x00007ff9c8c60000 - 0x00007ff9c8cfd000 	C:\Windows\System32\msvcp_win.dll
0x00007ff9c9b40000 - 0x00007ff9c9b72000 	C:\Windows\System32\IMM32.DLL
0x00007ff97ebd0000 - 0x00007ff97ec6b000 	C:\Program Files\Microsoft\jdk-11.0.16.101-hotspot\bin\msvcp140.dll
0x00007ff966470000 - 0x00007ff966ffa000 	C:\Program Files\Microsoft\jdk-11.0.16.101-hotspot\bin\server\jvm.dll
0x00007ff9cad20000 - 0x00007ff9cadce000 	C:\Windows\System32\ADVAPI32.dll
0x00007ff9c9c00000 - 0x00007ff9c9c9e000 	C:\Windows\System32\sechost.dll
0x00007ff9ca930000 - 0x00007ff9caa50000 	C:\Windows\System32\RPCRT4.dll
0x00007ff9ca200000 - 0x00007ff9ca208000 	C:\Windows\System32\PSAPI.DLL
0x00007ff9bbbf0000 - 0x00007ff9bbbf9000 	C:\Windows\SYSTEM32\WSOCK32.dll
0x00007ff9bdb40000 - 0x00007ff9bdb73000 	C:\Windows\SYSTEM32\WINMM.dll
0x00007ff9bb490000 - 0x00007ff9bb49a000 	C:\Windows\SYSTEM32\VERSION.dll
0x00007ff9c9b80000 - 0x00007ff9c9bef000 	C:\Windows\System32\WS2_32.dll
0x00007ff9c7540000 - 0x00007ff9c7558000 	C:\Windows\SYSTEM32\kernel.appcore.dll
0x00007ff9bc5f0000 - 0x00007ff9bc600000 	C:\Program Files\Microsoft\jdk-11.0.16.101-hotspot\bin\verify.dll
0x00007ff9ba380000 - 0x00007ff9ba5a1000 	C:\Windows\SYSTEM32\DBGHELP.DLL
0x00007ff9ba2a0000 - 0x00007ff9ba2d1000 	C:\Windows\SYSTEM32\dbgcore.DLL
0x00007ff9c8d00000 - 0x00007ff9c8d7f000 	C:\Windows\System32\bcryptPrimitives.dll
0x00007ff9afea0000 - 0x00007ff9afec8000 	C:\Program Files\Microsoft\jdk-11.0.16.101-hotspot\bin\java.dll
0x00007ff9bc570000 - 0x00007ff9bc57a000 	C:\Program Files\Microsoft\jdk-11.0.16.101-hotspot\bin\jimage.dll
0x00007ff99ffd0000 - 0x00007ff99ffe8000 	C:\Program Files\Microsoft\jdk-11.0.16.101-hotspot\bin\zip.dll
0x00007ff9c8e30000 - 0x00007ff9c95e7000 	C:\Windows\System32\SHELL32.dll
0x00007ff9c64d0000 - 0x00007ff9c6d35000 	C:\Windows\SYSTEM32\windows.storage.dll
0x00007ff9c96d0000 - 0x00007ff9c9a48000 	C:\Windows\System32\combase.dll
0x00007ff9c6360000 - 0x00007ff9c64c6000 	C:\Windows\SYSTEM32\wintypes.dll
0x00007ff9ca330000 - 0x00007ff9ca41a000 	C:\Windows\System32\SHCORE.dll
0x00007ff9cae60000 - 0x00007ff9caebd000 	C:\Windows\System32\shlwapi.dll
0x00007ff9c8300000 - 0x00007ff9c8321000 	C:\Windows\SYSTEM32\profapi.dll
0x00007ff99ffb0000 - 0x00007ff99ffc9000 	C:\Program Files\Microsoft\jdk-11.0.16.101-hotspot\bin\net.dll
0x00007ff9c2640000 - 0x00007ff9c2754000 	C:\Windows\SYSTEM32\WINHTTP.dll
0x00007ff9c79e0000 - 0x00007ff9c7a47000 	C:\Windows\system32\mswsock.dll
0x00007ff99ef10000 - 0x00007ff99ef23000 	C:\Program Files\Microsoft\jdk-11.0.16.101-hotspot\bin\nio.dll
0x00007ff9b93e0000 - 0x00007ff9b9407000 	C:\Users\Engr. Ayan Murad\.gradle\native\e1d6ef7f7dcc3fd88c89a11ec53ec762bb8ba0a96d01ffa2cd45eb1d1d8dd5c5\windows-amd64\native-platform.dll
0x00007ff9b9040000 - 0x00007ff9b9184000 	C:\Users\Engr. Ayan Murad\.gradle\native\0d407fdbe67a94daf76414ababcb853783967236a71b16ec16e742cd7a986fd3\windows-amd64\native-platform-file-events.dll
0x00007ff9bbfc0000 - 0x00007ff9bbfc9000 	C:\Program Files\Microsoft\jdk-11.0.16.101-hotspot\bin\management.dll
0x00007ff9bbc10000 - 0x00007ff9bbc1b000 	C:\Program Files\Microsoft\jdk-11.0.16.101-hotspot\bin\management_ext.dll
0x00007ff9c7c30000 - 0x00007ff9c7c48000 	C:\Windows\SYSTEM32\CRYPTSP.dll
0x00007ff9c74a0000 - 0x00007ff9c74d5000 	C:\Windows\system32\rsaenh.dll
0x00007ff9c7ad0000 - 0x00007ff9c7af9000 	C:\Windows\SYSTEM32\USERENV.dll
0x00007ff9c7db0000 - 0x00007ff9c7dd7000 	C:\Windows\SYSTEM32\bcrypt.dll
0x00007ff9c7c20000 - 0x00007ff9c7c2c000 	C:\Windows\SYSTEM32\CRYPTBASE.dll
0x00007ff9c7060000 - 0x00007ff9c708d000 	C:\Windows\SYSTEM32\IPHLPAPI.DLL
0x00007ff9ca310000 - 0x00007ff9ca319000 	C:\Windows\System32\NSI.dll
0x00007ff9c2410000 - 0x00007ff9c2429000 	C:\Windows\SYSTEM32\dhcpcsvc6.DLL
0x00007ff9c30f0000 - 0x00007ff9c310e000 	C:\Windows\SYSTEM32\dhcpcsvc.DLL
0x00007ff9c7090000 - 0x00007ff9c7178000 	C:\Windows\SYSTEM32\DNSAPI.dll

dbghelp: loaded successfully - version: 4.0.5 - missing functions: none
symbol engine: initialized successfully - sym options: 0x614 - pdb path: .;C:\Program Files\Microsoft\jdk-11.0.16.101-hotspot\bin;C:\Windows\SYSTEM32;C:\Windows\WinSxS\amd64_microsoft.windows.common-controls_6595b64144ccf1df_6.0.22000.120_none_9d947278b86cc467;C:\Program Files\Microsoft\jdk-11.0.16.101-hotspot\bin\server;C:\Users\Engr. Ayan Murad\.gradle\native\e1d6ef7f7dcc3fd88c89a11ec53ec762bb8ba0a96d01ffa2cd45eb1d1d8dd5c5\windows-amd64;C:\Users\Engr. Ayan Murad\.gradle\native\0d407fdbe67a94daf76414ababcb853783967236a71b16ec16e742cd7a986fd3\windows-amd64

VM Arguments:
jvm_args: -XX:MaxMetaspaceSize=512m --add-opens=java.base/java.util=ALL-UNNAMED --add-opens=java.base/java.lang=ALL-UNNAMED --add-opens=java.base/java.lang.invoke=ALL-UNNAMED --add-opens=java.base/java.util=ALL-UNNAMED --add-opens=java.prefs/java.util.prefs=ALL-UNNAMED --add-opens=java.prefs/java.util.prefs=ALL-UNNAMED --add-opens=java.base/java.nio.charset=ALL-UNNAMED --add-opens=java.base/java.net=ALL-UNNAMED --add-opens=java.base/java.util.concurrent.atomic=ALL-UNNAMED -Xmx2048m -Dfile.encoding=windows-1252 -Duser.country=US -Duser.language=en -Duser.variant 
java_command: org.gradle.launcher.daemon.bootstrap.GradleDaemon 7.5.1
java_class_path (initial): C:\Users\Engr. Ayan Murad\.gradle\wrapper\dists\gradle-7.5.1-all\1ehga6e77gqps5uk2kc5kf1vc\gradle-7.5.1\lib\gradle-launcher-7.5.1.jar
Launcher Type: SUN_STANDARD

[Global flags]
     intx CICompilerCount                          = 3                                         {product} {ergonomic}
   size_t CompressedClassSpaceSize                 = 528482304                                 {product} {ergonomic}
     uint ConcGCThreads                            = 1                                         {product} {ergonomic}
     uint G1ConcRefinementThreads                  = 4                                         {product} {ergonomic}
   size_t G1HeapRegionSize                         = 1048576                                   {product} {ergonomic}
    uintx GCDrainStackTargetSize                   = 64                                        {product} {ergonomic}
   size_t InitialHeapSize                          = 132120576                                 {product} {ergonomic}
   size_t MarkStackSize                            = 4194304                                   {product} {ergonomic}
   size_t MaxHeapSize                              = 2147483648                                {product} {command line}
   size_t MaxMetaspaceSize                         = 536870912                                 {product} {command line}
   size_t MaxNewSize                               = 1287651328                                {product} {ergonomic}
   size_t MinHeapDeltaBytes                        = 1048576                                   {product} {ergonomic}
    uintx NonNMethodCodeHeapSize                   = 5830732                                {pd product} {ergonomic}
    uintx NonProfiledCodeHeapSize                  = 122913754                              {pd product} {ergonomic}
    uintx ProfiledCodeHeapSize                     = 122913754                              {pd product} {ergonomic}
    uintx ReservedCodeCacheSize                    = 251658240                              {pd product} {ergonomic}
     bool SegmentedCodeCache                       = true                                      {product} {ergonomic}
     bool UseCompressedClassPointers               = true                                 {lp64_product} {ergonomic}
     bool UseCompressedOops                        = true                                 {lp64_product} {ergonomic}
     bool UseG1GC                                  = true                                      {product} {ergonomic}
     bool UseLargePagesIndividualAllocation        = false                                  {pd product} {ergonomic}

Logging:
Log output configuration:
 #0: stdout all=warning uptime,level,tags
 #1: stderr all=off uptime,level,tags

Environment Variables:
JAVA_HOME=C:\Program Files\Microsoft\jdk-11.0.16.101-hotspot\
CLASSPATH=E:\react native\NewDispute\android\\gradle\wrapper\gradle-wrapper.jar
PATH=E:\react native\NewDispute\android\node_modules\.bin;E:\react native\NewDispute\node_modules\.bin;E:\react native\node_modules\.bin;E:\node_modules\.bin;C:\Program Files\nodejs;C:\Users\ENGR~1.AYA\AppData\Local\Temp\yarn--1675151808577-0.3690867760289358;E:\react native\NewDispute\node_modules\.bin;C:\Users\Engr. Ayan Murad\AppData\Local\Yarn\Data\link\node_modules\.bin;C:\Users\Engr. Ayan Murad\AppData\Local\Yarn\bin;C:\Program Files\libexec\lib\node_modules\npm\bin\node-gyp-bin;C:\Program Files\lib\node_modules\npm\bin\node-gyp-bin;C:\Program Files\nodejs\node_modules\npm\bin\node-gyp-bin;C:\Program Files\Microsoft\jdk-11.0.16.101-hotspot\bin;C:\Windows\system32;C:\Windows;C:\Windows\System32\Wbem;C:\Windows\System32\WindowsPowerShell\v1.0\;C:\Windows\System32\OpenSSH\;C:\ProgramData\chocolatey\bin;C:\Program Files\nodejs\;C:\Users\Engr. Ayan Murad\AppData\Local\Android\Sdk\platform-tools;C:\Program Files\Git\cmd;C:\Users\Engr. Ayan Murad\AppData\Local\Microsoft\WindowsApps;C:\Users\Engr. Ayan Murad\AppData\Local\Programs\Microsoft VS Code\bin;C:\Users\Engr. Ayan Murad\AppData\Roaming\npm;C:\Users\Engr. Ayan Murad\AppData\Local\GitHubDesktop\bin
USERNAME=Engr. Ayan Murad
OS=Windows_NT
PROCESSOR_IDENTIFIER=Intel64 Family 6 Model 58 Stepping 9, GenuineIntel
TMP=C:\Users\ENGR~1.AYA\AppData\Local\Temp
TEMP=C:\Users\ENGR~1.AYA\AppData\Local\Temp



---------------  S Y S T E M  ---------------

OS: Windows 11 , 64 bit Build 22000 (10.0.22000.1335)
OS uptime: 0 days 0:11 hours

CPU:total 4 (initial active 4) (2 cores per cpu, 2 threads per core) family 6 model 58 stepping 9 microcode 0x21, cmov, cx8, fxsr, mmx, sse, sse2, sse3, ssse3, sse4.1, sse4.2, popcnt, avx, aes, clmul, erms, ht, tsc, tscinvbit, tscinv

Memory: 4k page, system-wide physical 8055M (3106M free)
TotalPageFile size 16247M (AvailPageFile size 11241M)
current process WorkingSet (physical memory assigned to process): 487M, peak: 490M
current process commit charge ("private bytes"): 527M, peak: 530M

vm_info: OpenJDK 64-Bit Server VM (11.0.16.1+1-LTS) for windows-amd64 JRE (11.0.16.1+1-LTS), built on Aug 20 2022 20:09:04 by "" with MS VC++ 15.9 (VS2017)

END.
