#
# A fatal error has been detected by the Java Runtime Environment:
#
#  EXCEPTION_ACCESS_VIOLATION (0xc0000005) at pc=0x00007ff966603e71, pid=2768, tid=7552
#
# JRE version: OpenJDK Runtime Environment Microsoft-40648 (11.0.16.1+1) (build 11.0.16.1+1-LTS)
# Java VM: OpenJDK 64-Bit Server VM Microsoft-40648 (11.0.16.1+1-LTS, mixed mode, tiered, compressed oops, g1 gc, windows-amd64)
# Problematic frame:
# V  [jvm.dll+0x193e71]
#
# No core dump will be written. Minidumps are not enabled by default on client versions of Windows
#
# If you would like to submit a bug report, please visit:
#   https://github.com/microsoft/openjdk/issues
#

---------------  S U M M A R Y ------------

Command Line: -XX:MaxMetaspaceSize=512m --add-opens=java.base/java.util=ALL-UNNAMED --add-opens=java.base/java.lang=ALL-UNNAMED --add-opens=java.base/java.lang.invoke=ALL-UNNAMED --add-opens=java.base/java.util=ALL-UNNAMED --add-opens=java.prefs/java.util.prefs=ALL-UNNAMED --add-opens=java.prefs/java.util.prefs=ALL-UNNAMED --add-opens=java.base/java.nio.charset=ALL-UNNAMED --add-opens=java.base/java.net=ALL-UNNAMED --add-opens=java.base/java.util.concurrent.atomic=ALL-UNNAMED -Xmx2048m -Dfile.encoding=windows-1252 -Duser.country=US -Duser.language=en -Duser.variant org.gradle.launcher.daemon.bootstrap.GradleDaemon 7.5.1

Host: Intel(R) Core(TM) i5-3427U CPU @ 1.80GHz, 4 cores, 7G,  Windows 11 , 64 bit Build 22000 (10.0.22000.1335)
Time: Tue Jan 31 12:56:08 2023 Pakistan Standard Time elapsed time: 123.599046 seconds (0d 0h 2m 3s)

---------------  T H R E A D  ---------------

Current thread (0x000001cfc93e2000):  GCTaskThread "GC Thread#3" [stack: 0x0000006bfd600000,0x0000006bfd700000] [id=7552]

Stack: [0x0000006bfd600000,0x0000006bfd700000],  sp=0x0000006bfd6ff2f8,  free space=1020k
Native frames: (J=compiled Java code, j=interpreted, Vv=VM code, C=native code)
V  [jvm.dll+0x193e71]


siginfo: EXCEPTION_ACCESS_VIOLATION (0xc0000005), reading address 0x0000000000000110


Register to memory mapping:

RIP=0x00007ff966603e71 jvm.dll
RAX=0x0 is NULL
RBX=0x0000000085f7d3ac is pointing into object: java.util.LinkedHashMap 
{0x0000000085f7d388} - klass: 'java/util/LinkedHashMap'
RCX=0x00000001001291d8 is pointing into metadata
RDX=0x0000000086ee3098 is an oop: [Ljava.util.HashMap$Node; 
{0x0000000086ee3098} - klass: 'java/util/HashMap$Node'[]
 - length: 16
RSP=0x0000006bfd6ff2f8 points into unknown readable memory: 0x00007ff966778d4e | 4e 8d 77 66 f9 7f 00 00
RBP=0x000001cfc9d57a80 points into unknown readable memory: 0x00007ff966d31308 | 08 13 d3 66 f9 7f 00 00
RSI=0x000001cfc9d57a80 points into unknown readable memory: 0x00007ff966d31308 | 08 13 d3 66 f9 7f 00 00
RDI=0x0000000000000001 is an unknown value
R8 =0x0000000000000005 is an unknown value
R9 =0x00000001001291d8 is pointing into metadata
R10=0x0000000085f7d394 is pointing into object: java.util.LinkedHashMap 
{0x0000000085f7d388} - klass: 'java/util/LinkedHashMap'
R11=0x000001cfc9d57bf0 points into unknown readable memory: 0x00007ff966d312c0 | c0 12 d3 66 f9 7f 00 00
R12=0x0 is NULL
R13=0x00000000000003d8 is an unknown value
R14=0x0000000086ee3098 is an oop: 
[error occurred during error reporting (printing register info), id 0xc0000005, EXCEPTION_ACCESS_VIOLATION (0xc0000005) at pc=0x00007ff966a82fcd]

Registers:
RAX=0x0000000000000000, RBX=0x0000000085f7d3ac, RCX=0x00000001001291d8, RDX=0x0000000086ee3098
RSP=0x0000006bfd6ff2f8, RBP=0x000001cfc9d57a80, RSI=0x000001cfc9d57a80, RDI=0x0000000000000001
R8 =0x0000000000000005, R9 =0x00000001001291d8, R10=0x0000000085f7d394, R11=0x000001cfc9d57bf0
R12=0x0000000000000000, R13=0x00000000000003d8, R14=0x0000000086ee3098, R15=0x0000000000000001
RIP=0x00007ff966603e71, EFLAGS=0x0000000000010202

Top of Stack: (sp=0x0000006bfd6ff2f8)
0x0000006bfd6ff2f8:   00007ff966778d4e 0000000085f7d301
0x0000006bfd6ff308:   000001cfc9d57a80 0000000085f7d388
0x0000006bfd6ff318:   0000000000000040 000001cfa71ecdd0
0x0000006bfd6ff328:   00000000000003d8 0000001300000000
0x0000006bfd6ff338:   000001cfa71ecd50 000001cfc9d57a80
0x0000006bfd6ff348:   0000000000000040 000001cfa71ecdd0
0x0000006bfd6ff358:   00000000000003d8 0000000000000000
0x0000006bfd6ff368:   000001cfa71ecd50 0000000000000020
0x0000006bfd6ff378:   00007ff9667776a3 0000000085f3b05c
0x0000006bfd6ff388:   0000000085f43a00 000000000000000d
0x0000006bfd6ff398:   0000000085f7d3ac 0000000000000000
0x0000006bfd6ff3a8:   0000000085f7d3ad 0000006bfd6ff440
0x0000006bfd6ff3b8:   00007ff966779422 0000000085f43388
0x0000006bfd6ff3c8:   0000000085f3b0d8 0000000000000020
0x0000006bfd6ff3d8:   000001cfc9d57a80 000001cfcb42a370
0x0000006bfd6ff3e8:   000001cfc8301090 0000000000000000 

Instructions: (pc=0x00007ff966603e71)
0x00007ff966603d71:   24 40 48 8b 74 24 48 48 83 c4 30 5f c3 48 8b 07
0x00007ff966603d81:   48 8d 54 24 20 48 8b cf 66 0f 7f 44 24 20 ff 50
0x00007ff966603d91:   38 48 8b 5c 24 40 48 8b 74 24 48 48 83 c4 30 5f
0x00007ff966603da1:   c3 cc cc cc cc cc cc cc cc cc cc cc cc cc cc 48
0x00007ff966603db1:   8b 49 38 48 8b 01 48 ff 60 28 cc cc cc cc cc 80
0x00007ff966603dc1:   3d da 01 92 00 00 48 8b c1 74 1b 8b 51 08 8b 0d
0x00007ff966603dd1:   83 49 8d 00 48 d3 e2 48 8b c8 48 03 15 6e 49 8d
0x00007ff966603de1:   00 e9 19 00 00 00 48 8b 51 08 48 8b c8 e9 0d 00
0x00007ff966603df1:   00 00 cc cc cc cc cc cc cc cc cc cc cc cc cc 4c
0x00007ff966603e01:   8b ca 48 8b d1 45 8b 41 08 45 85 c0 7e 0e 41 f6
0x00007ff966603e11:   c0 01 75 56 41 c1 f8 03 41 8b c0 c3 79 4c 80 3d
0x00007ff966603e21:   7b 01 92 00 00 b8 0c 00 00 00 b9 10 00 00 00 0f
0x00007ff966603e31:   45 c8 8b 05 3b 79 8b 00 ff c8 4c 63 c8 48 63 14
0x00007ff966603e41:   11 41 8b c8 83 e1 3f 48 d3 e2 41 8b c8 48 c1 f9
0x00007ff966603e51:   10 0f b6 c1 49 8d 0c 11 49 f7 d1 48 03 c1 49 c1
0x00007ff966603e61:   e9 03 48 c1 e8 03 41 23 c1 c3 49 8b 01 49 8b c9
0x00007ff966603e71:   48 ff a0 10 01 00 00 cc cc cc cc cc cc cc cc 48
0x00007ff966603e81:   8b c2 c3 cc cc cc cc cc cc cc cc cc cc cc cc 48
0x00007ff966603e91:   83 ec 38 48 8b c1 48 8b 49 38 80 79 08 00 74 04
0x00007ff966603ea1:   48 8b 48 38 0f 10 02 48 8d 54 24 20 0f 29 44 24
0x00007ff966603eb1:   20 e8 09 f0 ff ff 48 83 c4 38 c3 cc cc cc cc 48
0x00007ff966603ec1:   83 ec 38 0f 10 02 48 8b 01 48 8d 54 24 20 0f 29
0x00007ff966603ed1:   44 24 20 ff 50 38 48 83 c4 38 c3 cc cc cc cc 48
0x00007ff966603ee1:   89 5c 24 08 55 56 57 41 54 41 55 41 56 41 57 48
0x00007ff966603ef1:   8d 6c 24 e0 48 81 ec 20 01 00 00 48 8b 05 65 d1
0x00007ff966603f01:   8e 00 48 33 c4 48 89 45 10 48 8b 05 ef 6d 91 00
0x00007ff966603f11:   45 33 ed 4c 8b b5 80 00 00 00 4c 8b fa 48 8b bd
0x00007ff966603f21:   88 00 00 00 4d 8b c6 49 8b d6 49 8b f1 48 8b 48
0x00007ff966603f31:   38 48 8b 59 48 49 8b cf c7 45 c0 ff ff ff ff 44
0x00007ff966603f41:   89 6d d4 4c 89 6d d8 44 88 6d e0 c7 45 e8 ff ff
0x00007ff966603f51:   ff ff 44 89 6d fc 4c 89 6d 00 44 88 6d 08 e8 3c
0x00007ff966603f61:   fb f5 ff 41 b1 01 4c 8d 45 e8 41 8d 55 04 49 8b 


Stack slot to memory mapping:
stack at sp + 0 slots: 0x00007ff966778d4e jvm.dll
stack at sp + 1 slots: 0x0000000085f7d301 is pointing into object: [Ljava.lang.Class; 
{0x0000000085f7d2f8} - klass: 'java/lang/Class'[]
 - length: 0
stack at sp + 2 slots: 0x000001cfc9d57a80 points into unknown readable memory: 0x00007ff966d31308 | 08 13 d3 66 f9 7f 00 00
stack at sp + 3 slots: 0x0000000085f7d388 is an oop: java.util.LinkedHashMap 
{0x0000000085f7d388} - klass: 'java/util/LinkedHashMap'
stack at sp + 4 slots: 0x0000000000000040 is an unknown value
stack at sp + 5 slots: 0x000001cfa71ecdd0 points into unknown readable memory: 0x00000dcf00000a78 | 78 0a 00 00 cf 0d 00 00
stack at sp + 6 slots: 0x00000000000003d8 is an unknown value
stack at sp + 7 slots: 0x0000001300000000 is an unknown value


---------------  P R O C E S S  ---------------

Threads class SMR info:
_java_thread_list=0x000001cfce61ad80, length=92, elements={
0x000001cfa71d2000, 0x000001cfc7954000, 0x000001cfc795d800, 0x000001cfc79bd800,
0x000001cfc82d2800, 0x000001cfc82d3800, 0x000001cfc82d8000, 0x000001cfc82da800,
0x000001cfc82e6000, 0x000001cfc843c800, 0x000001cfca74b000, 0x000001cfcc00e800,
0x000001cfca389800, 0x000001cfc93dd000, 0x000001cfcb8ab800, 0x000001cfc9ca5000,
0x000001cfcafda800, 0x000001cfc9e9e000, 0x000001cfc9686800, 0x000001cfc88e2800,
0x000001cfc88e0000, 0x000001cfc88e3000, 0x000001cfc88df000, 0x000001cfc88e4000,
0x000001cfc88e1800, 0x000001cfc88de800, 0x000001cfc88e0800, 0x000001cfc88e5000,
0x000001cfc89a2000, 0x000001cfc89a3800, 0x000001cfc89a3000, 0x000001cfc89a0800,
0x000001cfc899f800, 0x000001cfc89ab000, 0x000001cfc89a6000, 0x000001cfc89a7000,
0x000001cfc89aa000, 0x000001cfc89a7800, 0x000001cfc89a8800, 0x000001cfc89a9800,
0x000001cfc89a5800, 0x000001cfc89ac000, 0x000001cfc89ac800, 0x000001cfcb51b800,
0x000001cfcb519000, 0x000001cfcb518800, 0x000001cfcb51c800, 0x000001cfcb517800,
0x000001cfcb516800, 0x000001cfcb51a000, 0x000001cfcb51a800, 0x000001cfcb51d000,
0x000001cfcbc7a000, 0x000001cfcbc7d800, 0x000001cfcbc7c800, 0x000001cfcbc78800,
0x000001cfcbc79800, 0x000001cfcbc7b000, 0x000001cfcbc77800, 0x000001cfcbc7b800,
0x000001cfcbc81800, 0x000001cfcbc7e000, 0x000001cfcbc7f000, 0x000001cfcbc84800,
0x000001cfcbc80000, 0x000001cfcbc82800, 0x000001cfcbc85800, 0x000001cfcbc86800,
0x000001cfcbc83000, 0x000001cfcbc84000, 0x000001cfcbc80800, 0x000001cfcb8f5000,
0x000001cfcb8f0000, 0x000001cfcb8ef800, 0x000001cfcb8f3800, 0x000001cfcb8f6000,
0x000001cfcb8f4000, 0x000001cfcb8f1000, 0x000001cfcb8f1800, 0x000001cfcb8f2800,
0x000001cfce7b4800, 0x000001cfce7b6000, 0x000001cfce7b5800, 0x000001cfce7b9800,
0x000001cfce7b8800, 0x000001cfce7b7000, 0x000001cfce7b7800, 0x000001cfce7ba000,
0x000001cfce7bc800, 0x000001cfce7c0000, 0x000001cfce7bf000, 0x000001cfce3fd800
}

Java Threads: ( => current thread )
  0x000001cfa71d2000 JavaThread "main" [_thread_blocked, id=6292, stack(0x0000006bfba00000,0x0000006bfbb00000)]
  0x000001cfc7954000 JavaThread "Reference Handler" daemon [_thread_blocked, id=1200, stack(0x0000006bfc100000,0x0000006bfc200000)]
  0x000001cfc795d800 JavaThread "Finalizer" daemon [_thread_blocked, id=9928, stack(0x0000006bfc200000,0x0000006bfc300000)]
  0x000001cfc79bd800 JavaThread "Signal Dispatcher" daemon [_thread_blocked, id=7092, stack(0x0000006bfc300000,0x0000006bfc400000)]
  0x000001cfc82d2800 JavaThread "Attach Listener" daemon [_thread_blocked, id=5892, stack(0x0000006bfc400000,0x0000006bfc500000)]
  0x000001cfc82d3800 JavaThread "Service Thread" daemon [_thread_blocked, id=7192, stack(0x0000006bfc500000,0x0000006bfc600000)]
  0x000001cfc82d8000 JavaThread "C2 CompilerThread0" daemon [_thread_blocked, id=1064, stack(0x0000006bfc600000,0x0000006bfc700000)]
  0x000001cfc82da800 JavaThread "C1 CompilerThread0" daemon [_thread_blocked, id=6420, stack(0x0000006bfc700000,0x0000006bfc800000)]
  0x000001cfc82e6000 JavaThread "Sweeper thread" daemon [_thread_blocked, id=1488, stack(0x0000006bfc800000,0x0000006bfc900000)]
  0x000001cfc843c800 JavaThread "Common-Cleaner" daemon [_thread_blocked, id=5936, stack(0x0000006bfc900000,0x0000006bfca00000)]
  0x000001cfca74b000 JavaThread "Daemon health stats" [_thread_blocked, id=10220, stack(0x0000006bfce00000,0x0000006bfcf00000)]
  0x000001cfcc00e800 JavaThread "Incoming local TCP Connector on port 49849" [_thread_in_native, id=8956, stack(0x0000006bfcb00000,0x0000006bfcc00000)]
  0x000001cfca389800 JavaThread "Daemon periodic checks" [_thread_blocked, id=8952, stack(0x0000006bfcf00000,0x0000006bfd000000)]
  0x000001cfc93dd000 JavaThread "Daemon" [_thread_blocked, id=3280, stack(0x0000006bfd000000,0x0000006bfd100000)]
  0x000001cfcb8ab800 JavaThread "Handler for socket connection from /127.0.0.1:49849 to /127.0.0.1:49850" [_thread_in_native, id=780, stack(0x0000006bfd100000,0x0000006bfd200000)]
  0x000001cfc9ca5000 JavaThread "Cancel handler" [_thread_blocked, id=9532, stack(0x0000006bfd200000,0x0000006bfd300000)]
  0x000001cfcafda800 JavaThread "Daemon worker" [_thread_blocked, id=3488, stack(0x0000006bfd300000,0x0000006bfd400000)]
  0x000001cfc9e9e000 JavaThread "Asynchronous log dispatcher for DefaultDaemonConnection: socket connection from /127.0.0.1:49849 to /127.0.0.1:49850" [_thread_blocked, id=5376, stack(0x0000006bfd400000,0x0000006bfd500000)]
  0x000001cfc9686800 JavaThread "Stdin handler" [_thread_blocked, id=1776, stack(0x0000006bfd500000,0x0000006bfd600000)]
  0x000001cfc88e2800 JavaThread "Daemon client event forwarder" [_thread_blocked, id=7400, stack(0x0000006bfd700000,0x0000006bfd800000)]
  0x000001cfc88e0000 JavaThread "Cache worker for journal cache (C:\Users\Engr. Ayan Murad\.gradle\caches\journal-1)" [_thread_blocked, id=9416, stack(0x0000006bfd800000,0x0000006bfd900000)]
  0x000001cfc88e3000 JavaThread "File lock request listener" [_thread_in_native, id=7652, stack(0x0000006bfd900000,0x0000006bfda00000)]
  0x000001cfc88df000 JavaThread "Cache worker for file hash cache (C:\Users\Engr. Ayan Murad\.gradle\caches\7.5.1\fileHashes)" [_thread_blocked, id=3460, stack(0x0000006bfda00000,0x0000006bfdb00000)]
  0x000001cfc88e4000 JavaThread "File watcher server" daemon [_thread_in_native, id=3624, stack(0x0000006bfdc00000,0x0000006bfdd00000)]
  0x000001cfc88e1800 JavaThread "File watcher consumer" daemon [_thread_blocked, id=4348, stack(0x0000006bfdd00000,0x0000006bfde00000)]
  0x000001cfc88de800 JavaThread "Cache worker for checksums cache (E:\react native\NewDispute\android\.gradle\7.5.1\checksums)" [_thread_blocked, id=2300, stack(0x0000006bfde00000,0x0000006bfdf00000)]
  0x000001cfc88e0800 JavaThread "Cache worker for cache directory md-rule (C:\Users\Engr. Ayan Murad\.gradle\caches\7.5.1\md-rule)" [_thread_blocked, id=9616, stack(0x0000006bfdf00000,0x0000006bfe000000)]
  0x000001cfc88e5000 JavaThread "Cache worker for file content cache (C:\Users\Engr. Ayan Murad\.gradle\caches\7.5.1\fileContent)" [_thread_blocked, id=4900, stack(0x0000006bfe000000,0x0000006bfe100000)]
  0x000001cfc89a2000 JavaThread "Cache worker for file hash cache (E:\react native\NewDispute\android\.gradle\7.5.1\fileHashes)" [_thread_blocked, id=8164, stack(0x0000006bfdb00000,0x0000006bfdc00000)]
  0x000001cfc89a3800 JavaThread "Cache worker for cache directory md-supplier (C:\Users\Engr. Ayan Murad\.gradle\caches\7.5.1\md-supplier)" [_thread_blocked, id=9900, stack(0x0000006bfe100000,0x0000006bfe200000)]
  0x000001cfc89a3000 JavaThread "Cache worker for execution history cache (C:\Users\Engr. Ayan Murad\.gradle\caches\7.5.1\executionHistory)" [_thread_blocked, id=10020, stack(0x0000006bfe200000,0x0000006bfe300000)]
  0x000001cfc89a0800 JavaThread "jar transforms" [_thread_blocked, id=5516, stack(0x0000006bfe400000,0x0000006bfe500000)]
  0x000001cfc899f800 JavaThread "jar transforms Thread 2" [_thread_blocked, id=4860, stack(0x0000006bfe500000,0x0000006bfe600000)]
  0x000001cfc89ab000 JavaThread "jar transforms Thread 3" [_thread_blocked, id=7348, stack(0x0000006bfe600000,0x0000006bfe700000)]
  0x000001cfc89a6000 JavaThread "jar transforms Thread 4" [_thread_blocked, id=4364, stack(0x0000006bfe700000,0x0000006bfe800000)]
  0x000001cfc89a7000 JavaThread "Cache worker for kotlin-dsl (C:\Users\Engr. Ayan Murad\.gradle\caches\7.5.1\kotlin-dsl)" [_thread_blocked, id=8452, stack(0x0000006bfe300000,0x0000006bfe400000)]
  0x000001cfc89aa000 JavaThread "Cache worker for dependencies-accessors (E:\react native\NewDispute\android\.gradle\7.5.1\dependencies-accessors)" [_thread_blocked, id=6612, stack(0x0000006bfe800000,0x0000006bfe900000)]
  0x000001cfc89a7800 JavaThread "Cache worker for Build Output Cleanup Cache (E:\react native\NewDispute\node_modules\react-native-gradle-plugin\.gradle\buildOutputCleanup)" [_thread_blocked, id=5600, stack(0x0000006bfe900000,0x0000006bfea00000)]
  0x000001cfc89a8800 JavaThread "Unconstrained build operations" [_thread_blocked, id=6652, stack(0x0000006bfeb00000,0x0000006bfec00000)]
  0x000001cfc89a9800 JavaThread "Unconstrained build operations Thread 2" [_thread_blocked, id=5560, stack(0x0000006bfec00000,0x0000006bfed00000)]
  0x000001cfc89a5800 JavaThread "Unconstrained build operations Thread 3" [_thread_blocked, id=1528, stack(0x0000006bfed00000,0x0000006bfee00000)]
  0x000001cfc89ac000 JavaThread "Unconstrained build operations Thread 4" [_thread_blocked, id=6932, stack(0x0000006bfee00000,0x0000006bfef00000)]
  0x000001cfc89ac800 JavaThread "Unconstrained build operations Thread 5" [_thread_blocked, id=2684, stack(0x0000006bfef00000,0x0000006bff000000)]
  0x000001cfcb51b800 JavaThread "Unconstrained build operations Thread 6" [_thread_blocked, id=4780, stack(0x0000006bff000000,0x0000006bff100000)]
  0x000001cfcb519000 JavaThread "Unconstrained build operations Thread 7" [_thread_blocked, id=4988, stack(0x0000006bff100000,0x0000006bff200000)]
  0x000001cfcb518800 JavaThread "Unconstrained build operations Thread 8" [_thread_blocked, id=3424, stack(0x0000006bff200000,0x0000006bff300000)]
  0x000001cfcb51c800 JavaThread "Unconstrained build operations Thread 9" [_thread_blocked, id=7564, stack(0x0000006bff300000,0x0000006bff400000)]
  0x000001cfcb517800 JavaThread "Unconstrained build operations Thread 10" [_thread_blocked, id=1536, stack(0x0000006bff400000,0x0000006bff500000)]
  0x000001cfcb516800 JavaThread "Unconstrained build operations Thread 11" [_thread_blocked, id=7976, stack(0x0000006bff500000,0x0000006bff600000)]
  0x000001cfcb51a000 JavaThread "Unconstrained build operations Thread 12" [_thread_blocked, id=3536, stack(0x0000006bff600000,0x0000006bff700000)]
  0x000001cfcb51a800 JavaThread "Unconstrained build operations Thread 13" [_thread_blocked, id=2656, stack(0x0000006bff700000,0x0000006bff800000)]
  0x000001cfcb51d000 JavaThread "Unconstrained build operations Thread 14" [_thread_blocked, id=7936, stack(0x0000006bff800000,0x0000006bff900000)]
  0x000001cfcbc7a000 JavaThread "Unconstrained build operations Thread 15" [_thread_blocked, id=4832, stack(0x0000006bff900000,0x0000006bffa00000)]
  0x000001cfcbc7d800 JavaThread "Unconstrained build operations Thread 16" [_thread_blocked, id=4596, stack(0x0000006bffa00000,0x0000006bffb00000)]
  0x000001cfcbc7c800 JavaThread "Unconstrained build operations Thread 17" [_thread_blocked, id=3900, stack(0x0000006bffb00000,0x0000006bffc00000)]
  0x000001cfcbc78800 JavaThread "Unconstrained build operations Thread 18" [_thread_blocked, id=1700, stack(0x0000006bffc00000,0x0000006bffd00000)]
  0x000001cfcbc79800 JavaThread "Unconstrained build operations Thread 19" [_thread_blocked, id=2688, stack(0x0000006bffd00000,0x0000006bffe00000)]
  0x000001cfcbc7b000 JavaThread "Unconstrained build operations Thread 20" [_thread_blocked, id=2400, stack(0x0000006bffe00000,0x0000006bfff00000)]
  0x000001cfcbc77800 JavaThread "Unconstrained build operations Thread 21" [_thread_blocked, id=1504, stack(0x0000006bfff00000,0x0000006c00000000)]
  0x000001cfcbc7b800 JavaThread "Unconstrained build operations Thread 22" [_thread_blocked, id=1392, stack(0x0000006b80000000,0x0000006b80100000)]
  0x000001cfcbc81800 JavaThread "Unconstrained build operations Thread 23" [_thread_blocked, id=6808, stack(0x0000006b80100000,0x0000006b80200000)]
  0x000001cfcbc7e000 JavaThread "Unconstrained build operations Thread 24" [_thread_blocked, id=3552, stack(0x0000006b80200000,0x0000006b80300000)]
  0x000001cfcbc7f000 JavaThread "Unconstrained build operations Thread 25" [_thread_blocked, id=9344, stack(0x0000006b80300000,0x0000006b80400000)]
  0x000001cfcbc84800 JavaThread "Unconstrained build operations Thread 26" [_thread_blocked, id=9736, stack(0x0000006b80400000,0x0000006b80500000)]
  0x000001cfcbc80000 JavaThread "Unconstrained build operations Thread 27" [_thread_blocked, id=1676, stack(0x0000006b80500000,0x0000006b80600000)]
  0x000001cfcbc82800 JavaThread "Unconstrained build operations Thread 28" [_thread_blocked, id=8356, stack(0x0000006b80600000,0x0000006b80700000)]
  0x000001cfcbc85800 JavaThread "Unconstrained build operations Thread 29" [_thread_blocked, id=2524, stack(0x0000006b80700000,0x0000006b80800000)]
  0x000001cfcbc86800 JavaThread "Unconstrained build operations Thread 30" [_thread_blocked, id=3812, stack(0x0000006b80800000,0x0000006b80900000)]
  0x000001cfcbc83000 JavaThread "Unconstrained build operations Thread 31" [_thread_blocked, id=1220, stack(0x0000006b80900000,0x0000006b80a00000)]
  0x000001cfcbc84000 JavaThread "Unconstrained build operations Thread 32" [_thread_blocked, id=9476, stack(0x0000006b80a00000,0x0000006b80b00000)]
  0x000001cfcbc80800 JavaThread "Unconstrained build operations Thread 33" [_thread_blocked, id=8720, stack(0x0000006b80b00000,0x0000006b80c00000)]
  0x000001cfcb8f5000 JavaThread "build event listener" [_thread_blocked, id=7184, stack(0x0000006b80d00000,0x0000006b80e00000)]
  0x000001cfcb8f0000 JavaThread "Memory manager" [_thread_blocked, id=808, stack(0x0000006b80e00000,0x0000006b80f00000)]
  0x000001cfcb8ef800 JavaThread "Cache worker for Build Output Cleanup Cache (E:\react native\NewDispute\android\.gradle\buildOutputCleanup)" [_thread_blocked, id=7380, stack(0x0000006b81100000,0x0000006b81200000)]
  0x000001cfcb8f3800 JavaThread "included builds" [_thread_blocked, id=4676, stack(0x0000006b81000000,0x0000006b81100000)]
  0x000001cfcb8f6000 JavaThread "Execution worker" [_thread_blocked, id=6880, stack(0x0000006b81200000,0x0000006b81300000)]
  0x000001cfcb8f4000 JavaThread "Execution worker Thread 2" [_thread_blocked, id=6464, stack(0x0000006b81300000,0x0000006b81400000)]
  0x000001cfcb8f1000 JavaThread "Execution worker Thread 3" [_thread_blocked, id=8360, stack(0x0000006b81400000,0x0000006b81500000)]
  0x000001cfcb8f1800 JavaThread "Cache worker for execution history cache (E:\react native\NewDispute\node_modules\react-native-gradle-plugin\.gradle\7.5.1\executionHistory)" [_thread_blocked, id=600, stack(0x0000006b81500000,0x0000006b81600000)]
  0x000001cfcb8f2800 JavaThread "Unconstrained build operations Thread 34" [_thread_blocked, id=1088, stack(0x0000006b81600000,0x0000006b81700000)]
  0x000001cfce7b4800 JavaThread "Unconstrained build operations Thread 35" [_thread_blocked, id=6332, stack(0x0000006b81700000,0x0000006b81800000)]
  0x000001cfce7b6000 JavaThread "Unconstrained build operations Thread 36" [_thread_blocked, id=5544, stack(0x0000006b81800000,0x0000006b81900000)]
  0x000001cfce7b5800 JavaThread "Unconstrained build operations Thread 37" [_thread_blocked, id=8196, stack(0x0000006b81900000,0x0000006b81a00000)]
  0x000001cfce7b9800 JavaThread "Unconstrained build operations Thread 38" [_thread_blocked, id=9540, stack(0x0000006b81a00000,0x0000006b81b00000)]
  0x000001cfce7b8800 JavaThread "Unconstrained build operations Thread 39" [_thread_blocked, id=7940, stack(0x0000006b81b00000,0x0000006b81c00000)]
  0x000001cfce7b7000 JavaThread "Unconstrained build operations Thread 40" [_thread_blocked, id=6108, stack(0x0000006b81c00000,0x0000006b81d00000)]
  0x000001cfce7b7800 JavaThread "RMI Scheduler(0)" daemon [_thread_blocked, id=2680, stack(0x0000006b81d00000,0x0000006b81e00000)]
  0x000001cfce7ba000 JavaThread "RMI GC Daemon" daemon [_thread_blocked, id=3356, stack(0x0000006b81f00000,0x0000006b82000000)]
  0x000001cfce7bc800 JavaThread "RMI TCP Accept-0" daemon [_thread_in_native, id=2208, stack(0x0000006b82000000,0x0000006b82100000)]
  0x000001cfce7c0000 JavaThread "RMI Reaper" [_thread_blocked, id=8156, stack(0x0000006b82100000,0x0000006b82200000)]
  0x000001cfce7bf000 JavaThread "RMI TCP Connection(2)-127.0.0.1" daemon [_thread_in_native, id=7304, stack(0x0000006b82200000,0x0000006b82300000)]
  0x000001cfce3fd800 JavaThread "C2 CompilerThread1" daemon [_thread_blocked, id=8840, stack(0x0000006b81e00000,0x0000006b81f00000)]

Other Threads:
  0x000001cfc7952000 VMThread "VM Thread" [stack: 0x0000006bfc000000,0x0000006bfc100000] [id=4344]
  0x000001cfc8494800 WatcherThread [stack: 0x0000006bfca00000,0x0000006bfcb00000] [id=5920]
  0x000001cfa71ea800 GCTaskThread "GC Thread#0" [stack: 0x0000006bfbb00000,0x0000006bfbc00000] [id=9460]
  0x000001cfc8800000 GCTaskThread "GC Thread#1" [stack: 0x0000006bfcc00000,0x0000006bfcd00000] [id=1788]
  0x000001cfc8c74000 GCTaskThread "GC Thread#2" [stack: 0x0000006bfcd00000,0x0000006bfce00000] [id=4244]
=>0x000001cfc93e2000 GCTaskThread "GC Thread#3" [stack: 0x0000006bfd600000,0x0000006bfd700000] [id=7552]
  0x000001cfa721e800 ConcurrentGCThread "G1 Main Marker" [stack: 0x0000006bfbc00000,0x0000006bfbd00000] [id=1976]
  0x000001cfa7220800 ConcurrentGCThread "G1 Conc#0" [stack: 0x0000006bfbd00000,0x0000006bfbe00000] [id=856]
  0x000001cfc77d0800 ConcurrentGCThread "G1 Refine#0" [stack: 0x0000006bfbe00000,0x0000006bfbf00000] [id=884]
  0x000001cfc77d1800 ConcurrentGCThread "G1 Young RemSet Sampling" [stack: 0x0000006bfbf00000,0x0000006bfc000000] [id=6608]

Threads with active compile tasks:
C2 CompilerThread0   123677 10262 %     4       org.gradle.internal.instantiation.generator.AbstractClassGenerator::inspectType @ 107 (560 bytes)
C1 CompilerThread0   123677 10281       3       org.gradle.api.internal.artifacts.DefaultPublishArtifactSet::<init> (47 bytes)
C2 CompilerThread1   123678 10258       4       org.gradle.internal.instantiation.generator.AbstractClassGenerator$ClassMetadata::property (42 bytes)

VM state:at safepoint (normal execution)

VM Mutex/Monitor currently owned by a thread:  ([mutex/lock_event])
[0x000001cfa71cd7c0] Threads_lock - owner thread: 0x000001cfc7952000
[0x000001cfa71ccec0] Heap_lock - owner thread: 0x000001cfcafda800

Heap address: 0x0000000080000000, size: 2048 MB, Compressed Oops mode: 32-bit
Narrow klass base: 0x0000000000000000, Narrow klass shift: 3
Compressed class space size: 528482304 Address: 0x0000000100000000

Heap:
 garbage-first heap   total 129024K, used 108532K [0x0000000080000000, 0x0000000100000000)
  region size 1024K, 30 young (30720K), 4 survivors (4096K)
 Metaspace       used 98415K, capacity 101134K, committed 101460K, reserved 604160K
  class space    used 13009K, capacity 14065K, committed 14156K, reserved 516096K
Heap Regions: E=young(eden), S=young(survivor), O=old, HS=humongous(starts), HC=humongous(continues), CS=collection set, F=free, A=archive, TAMS=top-at-mark-start (previous, next)
|   0|0x0000000080000000, 0x0000000080100000, 0x0000000080100000|100%|HS|  |TAMS 0x0000000080100000, 0x0000000080100000| Complete 
|   1|0x0000000080100000, 0x0000000080200000, 0x0000000080200000|100%|HC|  |TAMS 0x0000000080200000, 0x0000000080200000| Complete 
|   2|0x0000000080200000, 0x0000000080300000, 0x0000000080300000|100%|HC|  |TAMS 0x0000000080300000, 0x0000000080300000| Complete 
|   3|0x0000000080300000, 0x0000000080400000, 0x0000000080400000|100%| O|  |TAMS 0x0000000080400000, 0x0000000080400000| Untracked 
|   4|0x0000000080400000, 0x0000000080500000, 0x0000000080500000|100%| O|  |TAMS 0x0000000080500000, 0x0000000080500000| Untracked 
|   5|0x0000000080500000, 0x0000000080600000, 0x0000000080600000|100%| O|  |TAMS 0x0000000080600000, 0x0000000080600000| Untracked 
|   6|0x0000000080600000, 0x0000000080700000, 0x0000000080700000|100%| O|  |TAMS 0x0000000080700000, 0x0000000080700000| Untracked 
|   7|0x0000000080700000, 0x0000000080800000, 0x0000000080800000|100%| O|  |TAMS 0x0000000080800000, 0x0000000080800000| Untracked 
|   8|0x0000000080800000, 0x0000000080900000, 0x0000000080900000|100%| O|  |TAMS 0x0000000080900000, 0x0000000080900000| Untracked 
|   9|0x0000000080900000, 0x0000000080a00000, 0x0000000080a00000|100%| O|  |TAMS 0x0000000080a00000, 0x0000000080a00000| Untracked 
|  10|0x0000000080a00000, 0x0000000080b00000, 0x0000000080b00000|100%| O|  |TAMS 0x0000000080b00000, 0x0000000080b00000| Untracked 
|  11|0x0000000080b00000, 0x0000000080c00000, 0x0000000080c00000|100%| O|  |TAMS 0x0000000080c00000, 0x0000000080c00000| Untracked 
|  12|0x0000000080c00000, 0x0000000080d00000, 0x0000000080d00000|100%| O|  |TAMS 0x0000000080d00000, 0x0000000080d00000| Untracked 
|  13|0x0000000080d00000, 0x0000000080e00000, 0x0000000080e00000|100%| O|  |TAMS 0x0000000080e00000, 0x0000000080e00000| Untracked 
|  14|0x0000000080e00000, 0x0000000080f00000, 0x0000000080f00000|100%| O|  |TAMS 0x0000000080f00000, 0x0000000080f00000| Untracked 
|  15|0x0000000080f00000, 0x0000000081000000, 0x0000000081000000|100%| O|  |TAMS 0x0000000081000000, 0x0000000081000000| Untracked 
|  16|0x0000000081000000, 0x0000000081100000, 0x0000000081100000|100%| O|  |TAMS 0x0000000081100000, 0x0000000081100000| Untracked 
|  17|0x0000000081100000, 0x0000000081200000, 0x0000000081200000|100%|HS|  |TAMS 0x0000000081200000, 0x0000000081200000| Complete 
|  18|0x0000000081200000, 0x0000000081300000, 0x0000000081300000|100%| O|  |TAMS 0x0000000081300000, 0x0000000081300000| Untracked 
|  19|0x0000000081300000, 0x0000000081400000, 0x0000000081400000|100%| O|  |TAMS 0x0000000081400000, 0x0000000081400000| Untracked 
|  20|0x0000000081400000, 0x0000000081500000, 0x0000000081500000|100%| O|  |TAMS 0x0000000081500000, 0x0000000081500000| Untracked 
|  21|0x0000000081500000, 0x0000000081600000, 0x0000000081600000|100%| O|  |TAMS 0x0000000081600000, 0x0000000081600000| Untracked 
|  22|0x0000000081600000, 0x0000000081700000, 0x0000000081700000|100%| O|  |TAMS 0x0000000081700000, 0x0000000081700000| Untracked 
|  23|0x0000000081700000, 0x0000000081800000, 0x0000000081800000|100%| O|  |TAMS 0x0000000081800000, 0x0000000081800000| Untracked 
|  24|0x0000000081800000, 0x0000000081900000, 0x0000000081900000|100%| O|  |TAMS 0x0000000081900000, 0x0000000081900000| Untracked 
|  25|0x0000000081900000, 0x0000000081a00000, 0x0000000081a00000|100%| O|  |TAMS 0x0000000081a00000, 0x0000000081a00000| Untracked 
|  26|0x0000000081a00000, 0x0000000081b00000, 0x0000000081b00000|100%| O|  |TAMS 0x0000000081b00000, 0x0000000081b00000| Untracked 
|  27|0x0000000081b00000, 0x0000000081c00000, 0x0000000081c00000|100%| O|  |TAMS 0x0000000081c00000, 0x0000000081c00000| Untracked 
|  28|0x0000000081c00000, 0x0000000081d00000, 0x0000000081d00000|100%| O|  |TAMS 0x0000000081d00000, 0x0000000081d00000| Untracked 
|  29|0x0000000081d00000, 0x0000000081e00000, 0x0000000081e00000|100%| O|  |TAMS 0x0000000081e00000, 0x0000000081e00000| Untracked 
|  30|0x0000000081e00000, 0x0000000081f00000, 0x0000000081f00000|100%|HS|  |TAMS 0x0000000081f00000, 0x0000000081f00000| Complete 
|  31|0x0000000081f00000, 0x0000000082000000, 0x0000000082000000|100%|HC|  |TAMS 0x0000000082000000, 0x0000000082000000| Complete 
|  32|0x0000000082000000, 0x0000000082100000, 0x0000000082100000|100%|HC|  |TAMS 0x0000000082100000, 0x0000000082100000| Complete 
|  33|0x0000000082100000, 0x0000000082200000, 0x0000000082200000|100%| O|  |TAMS 0x0000000082200000, 0x0000000082200000| Untracked 
|  34|0x0000000082200000, 0x0000000082300000, 0x0000000082300000|100%| O|  |TAMS 0x0000000082300000, 0x0000000082300000| Untracked 
|  35|0x0000000082300000, 0x0000000082400000, 0x0000000082400000|100%| O|  |TAMS 0x0000000082400000, 0x0000000082400000| Untracked 
|  36|0x0000000082400000, 0x0000000082500000, 0x0000000082500000|100%| O|  |TAMS 0x0000000082500000, 0x0000000082500000| Untracked 
|  37|0x0000000082500000, 0x0000000082600000, 0x0000000082600000|100%| O|  |TAMS 0x0000000082600000, 0x0000000082600000| Untracked 
|  38|0x0000000082600000, 0x0000000082700000, 0x0000000082700000|100%| O|  |TAMS 0x0000000082700000, 0x0000000082700000| Untracked 
|  39|0x0000000082700000, 0x0000000082800000, 0x0000000082800000|100%| O|  |TAMS 0x0000000082800000, 0x0000000082800000| Untracked 
|  40|0x0000000082800000, 0x0000000082900000, 0x0000000082900000|100%| O|  |TAMS 0x0000000082900000, 0x0000000082900000| Untracked 
|  41|0x0000000082900000, 0x0000000082a00000, 0x0000000082a00000|100%| O|  |TAMS 0x0000000082a00000, 0x0000000082a00000| Untracked 
|  42|0x0000000082a00000, 0x0000000082b00000, 0x0000000082b00000|100%| O|  |TAMS 0x0000000082b00000, 0x0000000082b00000| Untracked 
|  43|0x0000000082b00000, 0x0000000082c00000, 0x0000000082c00000|100%| O|  |TAMS 0x0000000082c00000, 0x0000000082c00000| Untracked 
|  44|0x0000000082c00000, 0x0000000082d00000, 0x0000000082d00000|100%| O|  |TAMS 0x0000000082d00000, 0x0000000082d00000| Untracked 
|  45|0x0000000082d00000, 0x0000000082e00000, 0x0000000082e00000|100%| O|  |TAMS 0x0000000082e00000, 0x0000000082e00000| Untracked 
|  46|0x0000000082e00000, 0x0000000082f00000, 0x0000000082f00000|100%|HS|  |TAMS 0x0000000082f00000, 0x0000000082f00000| Complete 
|  47|0x0000000082f00000, 0x0000000083000000, 0x0000000083000000|100%|HS|  |TAMS 0x0000000083000000, 0x0000000083000000| Complete 
|  48|0x0000000083000000, 0x0000000083100000, 0x0000000083100000|100%| O|  |TAMS 0x0000000083100000, 0x0000000083100000| Untracked 
|  49|0x0000000083100000, 0x0000000083200000, 0x0000000083200000|100%| O|  |TAMS 0x0000000083200000, 0x0000000083200000| Untracked 
|  50|0x0000000083200000, 0x0000000083300000, 0x0000000083300000|100%| O|  |TAMS 0x0000000083300000, 0x0000000083300000| Untracked 
|  51|0x0000000083300000, 0x0000000083400000, 0x0000000083400000|100%| O|  |TAMS 0x0000000083400000, 0x0000000083400000| Untracked 
|  52|0x0000000083400000, 0x0000000083500000, 0x0000000083500000|100%|HS|  |TAMS 0x0000000083500000, 0x0000000083500000| Complete 
|  53|0x0000000083500000, 0x0000000083600000, 0x0000000083600000|100%|HC|  |TAMS 0x0000000083600000, 0x0000000083600000| Complete 
|  54|0x0000000083600000, 0x0000000083700000, 0x0000000083700000|100%| O|  |TAMS 0x0000000083700000, 0x0000000083700000| Untracked 
|  55|0x0000000083700000, 0x0000000083800000, 0x0000000083800000|100%| O|  |TAMS 0x0000000083800000, 0x0000000083800000| Untracked 
|  56|0x0000000083800000, 0x0000000083900000, 0x0000000083900000|100%| O|  |TAMS 0x0000000083900000, 0x0000000083900000| Untracked 
|  57|0x0000000083900000, 0x0000000083a00000, 0x0000000083a00000|100%| O|  |TAMS 0x0000000083a00000, 0x0000000083a00000| Untracked 
|  58|0x0000000083a00000, 0x0000000083b00000, 0x0000000083b00000|100%| O|  |TAMS 0x0000000083b00000, 0x0000000083b00000| Untracked 
|  59|0x0000000083b00000, 0x0000000083c00000, 0x0000000083c00000|100%| O|  |TAMS 0x0000000083c00000, 0x0000000083c00000| Untracked 
|  60|0x0000000083c00000, 0x0000000083d00000, 0x0000000083d00000|100%| O|  |TAMS 0x0000000083d00000, 0x0000000083d00000| Untracked 
|  61|0x0000000083d00000, 0x0000000083e00000, 0x0000000083e00000|100%| O|  |TAMS 0x0000000083e00000, 0x0000000083e00000| Untracked 
|  62|0x0000000083e00000, 0x0000000083f00000, 0x0000000083f00000|100%| O|  |TAMS 0x0000000083f00000, 0x0000000083f00000| Untracked 
|  63|0x0000000083f00000, 0x0000000084000000, 0x0000000084000000|100%| O|  |TAMS 0x0000000084000000, 0x0000000084000000| Untracked 
|  64|0x0000000084000000, 0x0000000084100000, 0x0000000084100000|100%| O|  |TAMS 0x0000000084100000, 0x0000000084100000| Untracked 
|  65|0x0000000084100000, 0x0000000084200000, 0x0000000084200000|100%| O|  |TAMS 0x0000000084200000, 0x0000000084200000| Untracked 
|  66|0x0000000084200000, 0x0000000084300000, 0x0000000084300000|100%| O|  |TAMS 0x0000000084300000, 0x0000000084300000| Untracked 
|  67|0x0000000084300000, 0x0000000084400000, 0x0000000084400000|100%| O|  |TAMS 0x0000000084400000, 0x0000000084400000| Untracked 
|  68|0x0000000084400000, 0x0000000084500000, 0x0000000084500000|100%| O|  |TAMS 0x0000000084500000, 0x0000000084500000| Untracked 
|  69|0x0000000084500000, 0x0000000084600000, 0x0000000084600000|100%| O|  |TAMS 0x0000000084600000, 0x0000000084600000| Untracked 
|  70|0x0000000084600000, 0x0000000084700000, 0x0000000084700000|100%| O|  |TAMS 0x0000000084700000, 0x0000000084700000| Untracked 
|  71|0x0000000084700000, 0x0000000084800000, 0x0000000084800000|100%| O|  |TAMS 0x0000000084800000, 0x0000000084800000| Untracked 
|  72|0x0000000084800000, 0x0000000084900000, 0x0000000084900000|100%| O|  |TAMS 0x0000000084900000, 0x0000000084900000| Untracked 
|  73|0x0000000084900000, 0x0000000084a00000, 0x0000000084a00000|100%| O|  |TAMS 0x00000000849ca600, 0x0000000084a00000| Untracked 
|  74|0x0000000084a00000, 0x0000000084b00000, 0x0000000084b00000|100%| O|  |TAMS 0x0000000084a00000, 0x0000000084b00000| Untracked 
|  75|0x0000000084b00000, 0x0000000084c00000, 0x0000000084c00000|100%| O|  |TAMS 0x0000000084b00000, 0x0000000084c00000| Untracked 
|  76|0x0000000084c00000, 0x0000000084d00000, 0x0000000084d00000|100%| O|  |TAMS 0x0000000084c00000, 0x0000000084d00000| Untracked 
|  77|0x0000000084d00000, 0x0000000084e00000, 0x0000000084e00000|100%| O|  |TAMS 0x0000000084d00000, 0x0000000084e00000| Untracked 
|  78|0x0000000084e00000, 0x0000000084e195b8, 0x0000000084f00000|  9%| O|  |TAMS 0x0000000084e00000, 0x0000000084f00000| Untracked 
|  79|0x0000000084f00000, 0x0000000084f00000, 0x0000000085000000|  0%| F|  |TAMS 0x0000000084f00000, 0x0000000084f00000| Untracked 
|  80|0x0000000085000000, 0x0000000085000000, 0x0000000085100000|  0%| F|  |TAMS 0x0000000085000000, 0x0000000085000000| Untracked 
|  81|0x0000000085100000, 0x0000000085100000, 0x0000000085200000|  0%| F|  |TAMS 0x0000000085100000, 0x0000000085100000| Untracked 
|  82|0x0000000085200000, 0x0000000085200000, 0x0000000085300000|  0%| F|  |TAMS 0x0000000085200000, 0x0000000085200000| Untracked 
|  83|0x0000000085300000, 0x0000000085300000, 0x0000000085400000|  0%| F|  |TAMS 0x0000000085300000, 0x0000000085300000| Untracked 
|  84|0x0000000085400000, 0x0000000085400000, 0x0000000085500000|  0%| F|  |TAMS 0x0000000085400000, 0x0000000085400000| Untracked 
|  85|0x0000000085500000, 0x0000000085500000, 0x0000000085600000|  0%| F|  |TAMS 0x0000000085500000, 0x0000000085500000| Untracked 
|  86|0x0000000085600000, 0x0000000085600000, 0x0000000085700000|  0%| F|  |TAMS 0x0000000085600000, 0x0000000085600000| Untracked 
|  87|0x0000000085700000, 0x0000000085700000, 0x0000000085800000|  0%| F|  |TAMS 0x0000000085700000, 0x0000000085700000| Untracked 
|  88|0x0000000085800000, 0x0000000085800000, 0x0000000085900000|  0%| F|  |TAMS 0x0000000085800000, 0x0000000085800000| Untracked 
|  89|0x0000000085900000, 0x0000000085900000, 0x0000000085a00000|  0%| F|  |TAMS 0x0000000085900000, 0x0000000085900000| Untracked 
|  90|0x0000000085a00000, 0x0000000085a00000, 0x0000000085b00000|  0%| F|  |TAMS 0x0000000085a00000, 0x0000000085a00000| Untracked 
|  91|0x0000000085b00000, 0x0000000085b00000, 0x0000000085c00000|  0%| F|  |TAMS 0x0000000085b00000, 0x0000000085b00000| Untracked 
|  92|0x0000000085c00000, 0x0000000085c8d1c8, 0x0000000085d00000| 55%| S|  |TAMS 0x0000000085c00000, 0x0000000085c00000| Complete 
|  93|0x0000000085d00000, 0x0000000085e00000, 0x0000000085e00000|100%| E|CS|TAMS 0x0000000085d00000, 0x0000000085e00000| Complete 
|  94|0x0000000085e00000, 0x0000000085f00000, 0x0000000085f00000|100%| S|  |TAMS 0x0000000085e00000, 0x0000000085e00000| Complete 
|  95|0x0000000085f00000, 0x0000000086000000, 0x0000000086000000|100%| S|  |TAMS 0x0000000085f00000, 0x0000000085f00000| Complete 
|  96|0x0000000086000000, 0x0000000086100000, 0x0000000086100000|100%| E|CS|TAMS 0x0000000086000000, 0x0000000086100000| Complete 
|  97|0x0000000086100000, 0x0000000086200000, 0x0000000086200000|100%| E|CS|TAMS 0x0000000086100000, 0x0000000086200000| Complete 
|  98|0x0000000086200000, 0x0000000086300000, 0x0000000086300000|100%| E|CS|TAMS 0x0000000086200000, 0x0000000086300000| Complete 
|  99|0x0000000086300000, 0x0000000086400000, 0x0000000086400000|100%| S|  |TAMS 0x0000000086300000, 0x0000000086300000| Complete 
| 100|0x0000000086400000, 0x0000000086500000, 0x0000000086500000|100%| E|CS|TAMS 0x0000000086400000, 0x0000000086500000| Complete 
| 101|0x0000000086500000, 0x0000000086600000, 0x0000000086600000|100%| E|CS|TAMS 0x0000000086500000, 0x0000000086600000| Complete 
| 102|0x0000000086600000, 0x0000000086700000, 0x0000000086700000|100%| E|CS|TAMS 0x0000000086600000, 0x0000000086700000| Complete 
| 103|0x0000000086700000, 0x0000000086800000, 0x0000000086800000|100%| E|CS|TAMS 0x0000000086700000, 0x0000000086800000| Complete 
| 104|0x0000000086800000, 0x0000000086900000, 0x0000000086900000|100%| E|CS|TAMS 0x0000000086800000, 0x0000000086900000| Complete 
| 105|0x0000000086900000, 0x0000000086a00000, 0x0000000086a00000|100%| E|CS|TAMS 0x0000000086900000, 0x0000000086a00000| Complete 
| 106|0x0000000086a00000, 0x0000000086b00000, 0x0000000086b00000|100%| E|CS|TAMS 0x0000000086a00000, 0x0000000086b00000| Complete 
| 107|0x0000000086b00000, 0x0000000086c00000, 0x0000000086c00000|100%| E|CS|TAMS 0x0000000086b00000, 0x0000000086c00000| Complete 
| 108|0x0000000086c00000, 0x0000000086d00000, 0x0000000086d00000|100%| E|CS|TAMS 0x0000000086c00000, 0x0000000086d00000| Complete 
| 109|0x0000000086d00000, 0x0000000086e00000, 0x0000000086e00000|100%| E|CS|TAMS 0x0000000086d00000, 0x0000000086e00000| Complete 
| 110|0x0000000086e00000, 0x0000000086f00000, 0x0000000086f00000|100%| E|CS|TAMS 0x0000000086e00000, 0x0000000086f00000| Complete 
| 111|0x0000000086f00000, 0x0000000087000000, 0x0000000087000000|100%| E|CS|TAMS 0x0000000086f00000, 0x0000000087000000| Complete 
| 112|0x0000000087000000, 0x0000000087100000, 0x0000000087100000|100%| E|CS|TAMS 0x0000000087000000, 0x0000000087100000| Complete 
| 113|0x0000000087100000, 0x0000000087200000, 0x0000000087200000|100%| E|CS|TAMS 0x0000000087100000, 0x0000000087200000| Complete 
| 114|0x0000000087200000, 0x0000000087300000, 0x0000000087300000|100%| E|CS|TAMS 0x0000000087200000, 0x0000000087300000| Complete 
| 115|0x0000000087300000, 0x0000000087400000, 0x0000000087400000|100%| E|CS|TAMS 0x0000000087300000, 0x0000000087400000| Complete 
| 116|0x0000000087400000, 0x0000000087500000, 0x0000000087500000|100%| E|CS|TAMS 0x0000000087400000, 0x0000000087500000| Complete 
| 117|0x0000000087500000, 0x0000000087600000, 0x0000000087600000|100%| E|CS|TAMS 0x0000000087500000, 0x0000000087600000| Complete 
| 118|0x0000000087600000, 0x0000000087700000, 0x0000000087700000|100%| E|CS|TAMS 0x0000000087600000, 0x0000000087700000| Complete 
| 119|0x0000000087700000, 0x0000000087800000, 0x0000000087800000|100%| E|CS|TAMS 0x0000000087700000, 0x0000000087800000| Complete 
| 120|0x0000000087800000, 0x0000000087900000, 0x0000000087900000|100%| E|CS|TAMS 0x0000000087800000, 0x0000000087900000| Complete 
| 121|0x0000000087900000, 0x0000000087a00000, 0x0000000087a00000|100%| E|CS|TAMS 0x0000000087900000, 0x0000000087a00000| Complete 
| 122|0x0000000087a00000, 0x0000000087b00000, 0x0000000087b00000|100%| E|CS|TAMS 0x0000000087a00000, 0x0000000087b00000| Complete 
| 123|0x0000000087b00000, 0x0000000087c00000, 0x0000000087c00000|100%| E|CS|TAMS 0x0000000087b00000, 0x0000000087c00000| Complete 
| 124|0x0000000087c00000, 0x0000000087d00000, 0x0000000087d00000|100%| E|CS|TAMS 0x0000000087c00000, 0x0000000087d00000| Complete 
| 125|0x0000000087d00000, 0x0000000087e00000, 0x0000000087e00000|100%| E|CS|TAMS 0x0000000087d00000, 0x0000000087e00000| Complete 

Card table byte_map: [0x000001cfc0b30000,0x000001cfc0f30000] _byte_map_base: 0x000001cfc0730000

Marking Bits (Prev, Next): (CMBitMap*) 0x000001cfa72159b8, (CMBitMap*) 0x000001cfa72159f0
 Prev Bits: [0x000001cfc1330000, 0x000001cfc3330000)
 Next Bits: [0x000001cfc3330000, 0x000001cfc5330000)

Polling page: 0x000001cfb10e0000

Metaspace:

Usage:
  Non-class:     85.03 MB capacity,    83.41 MB ( 98%) used,     1.34 MB (  2%) free+waste,   292.50 KB ( <1%) overhead. 
      Class:     13.74 MB capacity,    12.70 MB ( 92%) used,   918.30 KB (  7%) free+waste,   137.56 KB ( <1%) overhead. 
       Both:     98.76 MB capacity,    96.11 MB ( 97%) used,     2.23 MB (  2%) free+waste,   430.06 KB ( <1%) overhead. 

Virtual space:
  Non-class space:       86.00 MB reserved,      85.26 MB (>99%) committed 
      Class space:      504.00 MB reserved,      13.82 MB (  3%) committed 
             Both:      590.00 MB reserved,      99.08 MB ( 17%) committed 

Chunk freelists:
   Non-Class:  43.00 KB
       Class:  15.00 KB
        Both:  58.00 KB

MaxMetaspaceSize: 512.00 MB
CompressedClassSpaceSize: 504.00 MB
Initial GC threshold: 20.80 MB
Current GC threshold: 156.80 MB
CDS: off

CodeHeap 'non-profiled nmethods': size=120064Kb used=6558Kb max_used=6558Kb free=113505Kb
 bounds [0x000001cfb8bc0000, 0x000001cfb9230000, 0x000001cfc0100000]
CodeHeap 'profiled nmethods': size=120000Kb used=22759Kb max_used=22759Kb free=97241Kb
 bounds [0x000001cfb1690000, 0x000001cfb2cd0000, 0x000001cfb8bc0000]
CodeHeap 'non-nmethods': size=5696Kb used=2419Kb max_used=2480Kb free=3276Kb
 bounds [0x000001cfb1100000, 0x000001cfb1370000, 0x000001cfb1690000]
 total_blobs=11165 nmethods=10210 adapters=867
 compilation: enabled
              stopped_count=0, restarted_count=0
 full_count=0

Compilation events (20 events):
Event: 123.560 Thread 0x000001cfc82da800 10270       3       org.gradle.api.internal.artifacts.ivyservice.dependencysubstitution.DefaultDependencySubstitutions::substitute (10 bytes)
Event: 123.560 Thread 0x000001cfc82da800 nmethod 10270 0x000001cfb2cc4190 code [0x000001cfb2cc4340, 0x000001cfb2cc44e8]
Event: 123.560 Thread 0x000001cfc82da800 10271       3       org.gradle.api.internal.artifacts.ivyservice.dependencysubstitution.DefaultDependencySubstitutions$1::<init> (36 bytes)
Event: 123.561 Thread 0x000001cfc82da800 nmethod 10271 0x000001cfb2cc4590 code [0x000001cfb2cc4760, 0x000001cfb2cc4bb8]
Event: 123.561 Thread 0x000001cfc82da800 10272       3       org.gradle.api.internal.artifacts.ivyservice.dependencysubstitution.DefaultDependencySubstitutions$1::using (144 bytes)
Event: 123.563 Thread 0x000001cfc82da800 nmethod 10272 0x000001cfb2cc4d10 code [0x000001cfb2cc5040, 0x000001cfb2cc6868]
Event: 123.563 Thread 0x000001cfc82da800 10273       3       org.gradle.api.internal.artifacts.ivyservice.dependencysubstitution.DefaultDependencySubstitutions$1$$Lambda$1194/0x0000000100d00040::get$Lambda (9 bytes)
Event: 123.563 Thread 0x000001cfc82da800 nmethod 10273 0x000001cfb2cc6e90 code [0x000001cfb2cc7060, 0x000001cfb2cc72b8]
Event: 123.563 Thread 0x000001cfc82da800 10276       1       org.gradle.api.internal.artifacts.repositories.AbstractArtifactRepository::getName (5 bytes)
Event: 123.563 Thread 0x000001cfc82da800 nmethod 10276 0x000001cfb9226410 code [0x000001cfb92265c0, 0x000001cfb9226678]
Event: 123.567 Thread 0x000001cfc82d8000 nmethod 10261 0x000001cfb9226710 code [0x000001cfb9226940, 0x000001cfb9227220]
Event: 123.568 Thread 0x000001cfc82d8000 10262 %     4       org.gradle.internal.instantiation.generator.AbstractClassGenerator::inspectType @ 107 (560 bytes)
Event: 123.568 Thread 0x000001cfc82da800 10277       3       java.net.URI$Parser::scan (23 bytes)
Event: 123.569 Thread 0x000001cfc82da800 nmethod 10277 0x000001cfb2cc7390 code [0x000001cfb2cc75a0, 0x000001cfb2cc7c18]
Event: 123.570 Thread 0x000001cfc82da800 10278       3       org.gradle.internal.Actions::doesSomething (13 bytes)
Event: 123.571 Thread 0x000001cfc82da800 nmethod 10278 0x000001cfb2cc7f10 code [0x000001cfb2cc80c0, 0x000001cfb2cc81f8]
Event: 123.571 Thread 0x000001cfc82da800 10279       3       org.gradle.api.internal.artifacts.configurations.DefaultConfiguration_Decorated::isCanBeResolved (45 bytes)
Event: 123.572 Thread 0x000001cfc82da800 nmethod 10279 0x000001cfb2cc8290 code [0x000001cfb2cc8480, 0x000001cfb2cc88b8]
Event: 123.572 Thread 0x000001cfc82da800 10281       3       org.gradle.api.internal.artifacts.DefaultPublishArtifactSet::<init> (47 bytes)
Event: 123.573 Thread 0x000001cfc82da800 nmethod 10281 0x000001cfb2cc8a10 code [0x000001cfb2cc8c60, 0x000001cfb2cc97d8]

GC Heap History (20 events):
Event: 114.528 GC heap after
{Heap after GC invocations=22 (full 0):
 garbage-first heap   total 129024K, used 59388K [0x0000000080000000, 0x0000000100000000)
  region size 1024K, 7 young (7168K), 7 survivors (7168K)
 Metaspace       used 76718K, capacity 79230K, committed 79444K, reserved 585728K
  class space    used 10048K, capacity 10979K, committed 11084K, reserved 516096K
}
Event: 115.730 GC heap before
{Heap before GC invocations=22 (full 0):
 garbage-first heap   total 129024K, used 105468K [0x0000000080000000, 0x0000000100000000)
  region size 1024K, 49 young (50176K), 7 survivors (7168K)
 Metaspace       used 82413K, capacity 84912K, committed 85204K, reserved 589824K
  class space    used 10669K, capacity 11630K, committed 11724K, reserved 516096K
}
Event: 115.745 GC heap after
{Heap after GC invocations=23 (full 0):
 garbage-first heap   total 129024K, used 69180K [0x0000000080000000, 0x0000000100000000)
  region size 1024K, 7 young (7168K), 7 survivors (7168K)
 Metaspace       used 82413K, capacity 84912K, committed 85204K, reserved 589824K
  class space    used 10669K, capacity 11630K, committed 11724K, reserved 516096K
}
Event: 115.747 GC heap before
{Heap before GC invocations=23 (full 0):
 garbage-first heap   total 129024K, used 69180K [0x0000000080000000, 0x0000000100000000)
  region size 1024K, 8 young (8192K), 7 survivors (7168K)
 Metaspace       used 82413K, capacity 84912K, committed 85204K, reserved 589824K
  class space    used 10669K, capacity 11630K, committed 11724K, reserved 516096K
}
Event: 115.755 GC heap after
{Heap after GC invocations=24 (full 0):
 garbage-first heap   total 129024K, used 70107K [0x0000000080000000, 0x0000000100000000)
  region size 1024K, 1 young (1024K), 1 survivors (1024K)
 Metaspace       used 82413K, capacity 84912K, committed 85204K, reserved 589824K
  class space    used 10669K, capacity 11630K, committed 11724K, reserved 516096K
}
Event: 116.686 GC heap before
{Heap before GC invocations=25 (full 0):
 garbage-first heap   total 129024K, used 111067K [0x0000000080000000, 0x0000000100000000)
  region size 1024K, 35 young (35840K), 1 survivors (1024K)
 Metaspace       used 84716K, capacity 87189K, committed 87252K, reserved 591872K
  class space    used 10964K, capacity 11957K, committed 11980K, reserved 516096K
}
Event: 116.692 GC heap after
{Heap after GC invocations=26 (full 0):
 garbage-first heap   total 129024K, used 73653K [0x0000000080000000, 0x0000000100000000)
  region size 1024K, 3 young (3072K), 3 survivors (3072K)
 Metaspace       used 84716K, capacity 87189K, committed 87252K, reserved 591872K
  class space    used 10964K, capacity 11957K, committed 11980K, reserved 516096K
}
Event: 117.065 GC heap before
{Heap before GC invocations=26 (full 0):
 garbage-first heap   total 129024K, used 87989K [0x0000000080000000, 0x0000000100000000)
  region size 1024K, 18 young (18432K), 3 survivors (3072K)
 Metaspace       used 85894K, capacity 88384K, committed 88532K, reserved 593920K
  class space    used 11126K, capacity 12119K, committed 12236K, reserved 516096K
}
Event: 117.072 GC heap after
{Heap after GC invocations=27 (full 0):
 garbage-first heap   total 129024K, used 75000K [0x0000000080000000, 0x0000000100000000)
  region size 1024K, 4 young (4096K), 4 survivors (4096K)
 Metaspace       used 85894K, capacity 88384K, committed 88532K, reserved 593920K
  class space    used 11126K, capacity 12119K, committed 12236K, reserved 516096K
}
Event: 117.723 GC heap before
{Heap before GC invocations=28 (full 0):
 garbage-first heap   total 129024K, used 103672K [0x0000000080000000, 0x0000000100000000)
  region size 1024K, 32 young (32768K), 4 survivors (4096K)
 Metaspace       used 87018K, capacity 89668K, committed 89940K, reserved 593920K
  class space    used 11302K, capacity 12308K, committed 12364K, reserved 516096K
}
Event: 117.736 GC heap after
{Heap after GC invocations=29 (full 0):
 garbage-first heap   total 129024K, used 73031K [0x0000000080000000, 0x0000000100000000)
  region size 1024K, 3 young (3072K), 3 survivors (3072K)
 Metaspace       used 87018K, capacity 89668K, committed 89940K, reserved 593920K
  class space    used 11302K, capacity 12308K, committed 12364K, reserved 516096K
}
Event: 120.642 GC heap before
{Heap before GC invocations=29 (full 0):
 garbage-first heap   total 129024K, used 103751K [0x0000000080000000, 0x0000000100000000)
  region size 1024K, 33 young (33792K), 3 survivors (3072K)
 Metaspace       used 87248K, capacity 89867K, committed 89940K, reserved 593920K
  class space    used 11332K, capacity 12353K, committed 12364K, reserved 516096K
}
Event: 120.652 GC heap after
{Heap after GC invocations=30 (full 0):
 garbage-first heap   total 129024K, used 75609K [0x0000000080000000, 0x0000000100000000)
  region size 1024K, 5 young (5120K), 5 survivors (5120K)
 Metaspace       used 87248K, capacity 89867K, committed 89940K, reserved 593920K
  class space    used 11332K, capacity 12353K, committed 12364K, reserved 516096K
}
Event: 121.357 GC heap before
{Heap before GC invocations=31 (full 0):
 garbage-first heap   total 129024K, used 104281K [0x0000000080000000, 0x0000000100000000)
  region size 1024K, 33 young (33792K), 5 survivors (5120K)
 Metaspace       used 89949K, capacity 92544K, committed 92756K, reserved 598016K
  class space    used 11750K, capacity 12777K, committed 12876K, reserved 516096K
}
Event: 121.372 GC heap after
{Heap after GC invocations=32 (full 0):
 garbage-first heap   total 129024K, used 77627K [0x0000000080000000, 0x0000000100000000)
  region size 1024K, 5 young (5120K), 5 survivors (5120K)
 Metaspace       used 89949K, capacity 92544K, committed 92756K, reserved 598016K
  class space    used 11750K, capacity 12777K, committed 12876K, reserved 516096K
}
Event: 121.995 GC heap before
{Heap before GC invocations=32 (full 0):
 garbage-first heap   total 129024K, used 106299K [0x0000000080000000, 0x0000000100000000)
  region size 1024K, 33 young (33792K), 5 survivors (5120K)
 Metaspace       used 92849K, capacity 95459K, committed 95828K, reserved 600064K
  class space    used 12245K, capacity 13270K, committed 13388K, reserved 516096K
}
Event: 122.011 GC heap after
{Heap after GC invocations=33 (full 0):
 garbage-first heap   total 129024K, used 79657K [0x0000000080000000, 0x0000000100000000)
  region size 1024K, 4 young (4096K), 4 survivors (4096K)
 Metaspace       used 92849K, capacity 95459K, committed 95828K, reserved 600064K
  class space    used 12245K, capacity 13270K, committed 13388K, reserved 516096K
}
Event: 122.704 GC heap before
{Heap before GC invocations=34 (full 0):
 garbage-first heap   total 129024K, used 107305K [0x0000000080000000, 0x0000000100000000)
  region size 1024K, 31 young (31744K), 4 survivors (4096K)
 Metaspace       used 95006K, capacity 97780K, committed 97876K, reserved 602112K
  class space    used 12553K, capacity 13598K, committed 13644K, reserved 516096K
}
Event: 122.721 GC heap after
{Heap after GC invocations=35 (full 0):
 garbage-first heap   total 129024K, used 81908K [0x0000000080000000, 0x0000000100000000)
  region size 1024K, 4 young (4096K), 4 survivors (4096K)
 Metaspace       used 95006K, capacity 97780K, committed 97876K, reserved 602112K
  class space    used 12553K, capacity 13598K, committed 13644K, reserved 516096K
}
Event: 123.573 GC heap before
{Heap before GC invocations=35 (full 0):
 garbage-first heap   total 129024K, used 108532K [0x0000000080000000, 0x0000000100000000)
  region size 1024K, 30 young (30720K), 4 survivors (4096K)
 Metaspace       used 98415K, capacity 101134K, committed 101460K, reserved 604160K
  class space    used 13009K, capacity 14065K, committed 14156K, reserved 516096K
}

Deoptimization events (20 events):
Event: 123.397 Thread 0x000001cfcafda800 DEOPT PACKING pc=0x000001cfb28722e3 sp=0x0000006bfd3f8e10
Event: 123.397 Thread 0x000001cfcafda800 DEOPT UNPACKING pc=0x000001cfb114a95e sp=0x0000006bfd3f82c0 mode 0
Event: 123.397 Thread 0x000001cfcafda800 DEOPT PACKING pc=0x000001cfb28722e3 sp=0x0000006bfd3f8e10
Event: 123.397 Thread 0x000001cfcafda800 DEOPT UNPACKING pc=0x000001cfb114a95e sp=0x0000006bfd3f82c0 mode 0
Event: 123.397 Thread 0x000001cfcafda800 DEOPT PACKING pc=0x000001cfb28722e3 sp=0x0000006bfd3f8e10
Event: 123.397 Thread 0x000001cfcafda800 DEOPT UNPACKING pc=0x000001cfb114a95e sp=0x0000006bfd3f82c0 mode 0
Event: 123.397 Thread 0x000001cfcafda800 DEOPT PACKING pc=0x000001cfb28722e3 sp=0x0000006bfd3f8e10
Event: 123.397 Thread 0x000001cfcafda800 DEOPT UNPACKING pc=0x000001cfb114a95e sp=0x0000006bfd3f82c0 mode 0
Event: 123.408 Thread 0x000001cfcafda800 Uncommon trap: trap_request=0xffffff4d fr.pc=0x000001cfb915c07c relative=0x00000000000016fc
Event: 123.408 Thread 0x000001cfcafda800 Uncommon trap: reason=unstable_if action=reinterpret pc=0x000001cfb915c07c method=java.util.regex.Pattern.atom()Ljava/util/regex/Pattern$Node; @ 14 c2
Event: 123.408 Thread 0x000001cfcafda800 DEOPT PACKING pc=0x000001cfb915c07c sp=0x0000006bfd3f8be0
Event: 123.408 Thread 0x000001cfcafda800 DEOPT UNPACKING pc=0x000001cfb114a1af sp=0x0000006bfd3f8bc8 mode 2
Event: 123.412 Thread 0x000001cfcafda800 Uncommon trap: trap_request=0xffffff4d fr.pc=0x000001cfb8e51a38 relative=0x0000000000000078
Event: 123.412 Thread 0x000001cfcafda800 Uncommon trap: reason=unstable_if action=reinterpret pc=0x000001cfb8e51a38 method=java.util.regex.Matcher.find()Z @ 10 c2
Event: 123.412 Thread 0x000001cfcafda800 DEOPT PACKING pc=0x000001cfb8e51a38 sp=0x0000006bfd3f90f0
Event: 123.412 Thread 0x000001cfcafda800 DEOPT UNPACKING pc=0x000001cfb114a1af sp=0x0000006bfd3f9070 mode 2
Event: 123.426 Thread 0x000001cfcafda800 Uncommon trap: trap_request=0xffffff4d fr.pc=0x000001cfb90f31c4 relative=0x00000000000000a4
Event: 123.426 Thread 0x000001cfcafda800 Uncommon trap: reason=unstable_if action=reinterpret pc=0x000001cfb90f31c4 method=java.lang.CharacterDataLatin1.digit(II)I @ 12 c2
Event: 123.426 Thread 0x000001cfcafda800 DEOPT PACKING pc=0x000001cfb90f31c4 sp=0x0000006bfd3f93a0
Event: 123.426 Thread 0x000001cfcafda800 DEOPT UNPACKING pc=0x000001cfb114a1af sp=0x0000006bfd3f9318 mode 2

Classes redefined (0 events):
No events

Internal exceptions (20 events):
Event: 121.988 Thread 0x000001cfcafda800 Exception <a 'java/lang/ClassNotFoundException'{0x00000000863e74f8}: com/android/build/gradle/internal/api/AndroidArtifactVariantImplBeanInfo> (0x00000000863e74f8) thrown at [./src/hotspot/share/classfile/systemDictionary.cpp, line 230]
Event: 121.989 Thread 0x000001cfcafda800 Exception <a 'java/lang/ClassNotFoundException'{0x0000000086203228}: com/android/build/gradle/internal/api/BaseVariantImplBeanInfo> (0x0000000086203228) thrown at [./src/hotspot/share/classfile/systemDictionary.cpp, line 230]
Event: 121.989 Thread 0x000001cfcafda800 Exception <a 'java/lang/ClassNotFoundException'{0x000000008621ef60}: com/android/build/gradle/internal/api/BaseVariantImplCustomizer> (0x000000008621ef60) thrown at [./src/hotspot/share/classfile/systemDictionary.cpp, line 230]
Event: 121.991 Thread 0x000001cfcafda800 Exception <a 'java/lang/ClassNotFoundException'{0x000000008627e418}: com/android/build/gradle/internal/api/AndroidArtifactVariantImplCustomizer> (0x000000008627e418) thrown at [./src/hotspot/share/classfile/systemDictionary.cpp, line 230]
Event: 121.993 Thread 0x000001cfcafda800 Exception <a 'java/lang/ClassNotFoundException'{0x00000000862af5f0}: com/android/build/gradle/internal/api/InstallableVariantImplCustomizer> (0x00000000862af5f0) thrown at [./src/hotspot/share/classfile/systemDictionary.cpp, line 230]
Event: 121.994 Thread 0x000001cfcafda800 Exception <a 'java/lang/ClassNotFoundException'{0x00000000862e3e68}: com/android/build/gradle/internal/api/ApkVariantImplCustomizer> (0x00000000862e3e68) thrown at [./src/hotspot/share/classfile/systemDictionary.cpp, line 230]
Event: 122.012 Thread 0x000001cfcafda800 Exception <a 'java/lang/ClassNotFoundException'{0x0000000087d17b38}: com/android/build/gradle/internal/api/ApplicationVariantImplCustomizer> (0x0000000087d17b38) thrown at [./src/hotspot/share/classfile/systemDictionary.cpp, line 230]
Event: 122.014 Thread 0x000001cfcafda800 Exception <a 'java/lang/ClassNotFoundException'{0x0000000087d4f578}: com/android/build/gradle/internal/api/ApplicationVariantImpl_DecoratedCustomizer> (0x0000000087d4f578) thrown at [./src/hotspot/share/classfile/systemDictionary.cpp, line 230]
Event: 122.025 Thread 0x000001cfcafda800 Exception <a 'java/lang/ClassNotFoundException'{0x0000000087c29338}: com/android/build/OutputFileBeanInfo> (0x0000000087c29338) thrown at [./src/hotspot/share/classfile/systemDictionary.cpp, line 230]
Event: 122.026 Thread 0x000001cfcafda800 Exception <a 'java/lang/ClassNotFoundException'{0x0000000087c40cc8}: com/android/build/OutputFileCustomizer> (0x0000000087c40cc8) thrown at [./src/hotspot/share/classfile/systemDictionary.cpp, line 230]
Event: 122.106 Thread 0x000001cfcafda800 Exception <a 'java/lang/NoClassDefFoundError'{0x000000008797c788}: org/jetbrains/kotlin/gradle/plugin/KotlinBasePluginWrapper> (0x000000008797c788) thrown at [./src/hotspot/share/classfile/systemDictionary.cpp, line 219]
Event: 122.150 Thread 0x000001cfcafda800 Implicit null exception at 0x000001cfb91b355b to 0x000001cfb91b35f0
Event: 122.603 Thread 0x000001cfcafda800 Exception <a 'sun/nio/fs/WindowsException'{0x000000008671bf88}> (0x000000008671bf88) thrown at [./src/hotspot/share/prims/jni.cpp, line 617]
Event: 122.798 Thread 0x000001cfcafda800 Exception <a 'java/lang/NullPointerException'{0x00000000879a58c0}> (0x00000000879a58c0) thrown at [./src/hotspot/share/interpreter/linkResolver.cpp, line 1440]
Event: 122.965 Thread 0x000001cfcafda800 Implicit null exception at 0x000001cfb8ef6fa7 to 0x000001cfb8ef8b88
Event: 123.334 Thread 0x000001cfcafda800 Exception <a 'java/lang/NoSuchMethodError'{0x0000000086992b80}: 'int java.lang.invoke.DirectMethodHandle$Holder.invokeStatic(java.lang.Object, java.lang.Object, int, java.lang.Object)'> (0x0000000086992b80) thrown at [./src/hotspot/share/interpreter/linkResolver.cpp, line 773]
Event: 123.442 Thread 0x000001cfcafda800 Exception <a 'sun/nio/fs/WindowsException'{0x00000000868bdf58}> (0x00000000868bdf58) thrown at [./src/hotspot/share/prims/jni.cpp, line 617]
Event: 123.442 Thread 0x000001cfcafda800 Exception <a 'sun/nio/fs/WindowsException'{0x00000000868bf310}> (0x00000000868bf310) thrown at [./src/hotspot/share/prims/jni.cpp, line 617]
Event: 123.443 Thread 0x000001cfcafda800 Exception <a 'sun/nio/fs/WindowsException'{0x00000000868c0718}> (0x00000000868c0718) thrown at [./src/hotspot/share/prims/jni.cpp, line 617]
Event: 123.443 Thread 0x000001cfcafda800 Exception <a 'sun/nio/fs/WindowsException'{0x00000000868c1b20}> (0x00000000868c1b20) thrown at [./src/hotspot/share/prims/jni.cpp, line 617]

Events (20 events):
Event: 123.541 loading class com/android/build/api/component/impl/DefaultSourcesProviderImpl$getAidl$1 done
Event: 123.550 loading class com/android/build/gradle/tasks/GenerateBuildConfig$CreationAction$configure$1
Event: 123.550 loading class com/android/build/gradle/tasks/GenerateBuildConfig$CreationAction$configure$1 done
Event: 123.551 loading class com/android/build/gradle/tasks/GenerateBuildConfig$CreationAction$configure$2
Event: 123.551 loading class com/android/build/gradle/tasks/GenerateBuildConfig$CreationAction$configure$2 done
Event: 123.556 loading class com/android/build/gradle/internal/dependency/ConstraintHandler$alignWith$1$1
Event: 123.556 loading class com/android/build/gradle/internal/dependency/ConstraintHandler$alignWith$1$1 done
Event: 123.562 loading class org/gradle/internal/resource/transport/file/FileTransport
Event: 123.562 loading class org/gradle/internal/resource/transport/file/FileTransport done
Event: 123.563 loading class org/gradle/internal/resource/transport/file/FileTransport$FileCacheAwareExternalResourceAccessor
Event: 123.563 loading class org/gradle/internal/resource/transport/file/FileTransport$FileCacheAwareExternalResourceAccessor done
Event: 123.564 loading class org/gradle/api/internal/artifacts/ivyservice/ivyresolve/LocalModuleComponentRepository
Event: 123.564 loading class org/gradle/api/internal/artifacts/ivyservice/ivyresolve/LocalModuleComponentRepository done
Event: 123.565 loading class org/gradle/api/internal/artifacts/ivyservice/ivyresolve/LocalModuleComponentRepository$LocalAccess
Event: 123.565 loading class org/gradle/api/internal/artifacts/ivyservice/ivyresolve/LocalModuleComponentRepository$LocalAccess done
Event: 123.566 loading class org/gradle/api/internal/artifacts/ivyservice/ivyresolve/LocalModuleComponentRepository$RemoteAccess
Event: 123.566 loading class org/gradle/api/internal/artifacts/ivyservice/ivyresolve/LocalModuleComponentRepository$RemoteAccess done
Event: 123.569 loading class org/gradle/api/internal/artifacts/ivyservice/resolutionstrategy/ModuleForcingResolveRule
Event: 123.569 loading class org/gradle/api/internal/artifacts/ivyservice/resolutionstrategy/ModuleForcingResolveRule done
Event: 123.573 Executing VM operation: G1CollectForAllocation


Dynamic libraries:
0x00007ff6a05a0000 - 0x00007ff6a05ad000 	C:\Program Files\Microsoft\jdk-11.0.16.101-hotspot\bin\java.exe
0x00007ff9caf00000 - 0x00007ff9cb109000 	C:\Windows\SYSTEM32\ntdll.dll
0x00007ff9cac00000 - 0x00007ff9cacbe000 	C:\Windows\System32\KERNEL32.DLL
0x00007ff9c8500000 - 0x00007ff9c887b000 	C:\Windows\System32\KERNELBASE.dll
0x00007ff9c8880000 - 0x00007ff9c8991000 	C:\Windows\System32\ucrtbase.dll
0x00007ff9bbfd0000 - 0x00007ff9bbfe7000 	C:\Program Files\Microsoft\jdk-11.0.16.101-hotspot\bin\jli.dll
0x00007ff9b9cb0000 - 0x00007ff9b9cc5000 	C:\Program Files\Microsoft\jdk-11.0.16.101-hotspot\bin\VCRUNTIME140.dll
0x00007ff9caa50000 - 0x00007ff9cabfd000 	C:\Windows\System32\USER32.dll
0x00007ff9c89a0000 - 0x00007ff9c89c6000 	C:\Windows\System32\win32u.dll
0x00007ff9b2da0000 - 0x00007ff9b3045000 	C:\Windows\WinSxS\amd64_microsoft.windows.common-controls_6595b64144ccf1df_6.0.22000.120_none_9d947278b86cc467\COMCTL32.dll
0x00007ff9ca760000 - 0x00007ff9ca789000 	C:\Windows\System32\GDI32.dll
0x00007ff9c8d80000 - 0x00007ff9c8e23000 	C:\Windows\System32\msvcrt.dll
0x00007ff9c8b40000 - 0x00007ff9c8c58000 	C:\Windows\System32\gdi32full.dll
0x00007ff9c8c60000 - 0x00007ff9c8cfd000 	C:\Windows\System32\msvcp_win.dll
0x00007ff9c9b40000 - 0x00007ff9c9b72000 	C:\Windows\System32\IMM32.DLL
0x00007ff97ebd0000 - 0x00007ff97ec6b000 	C:\Program Files\Microsoft\jdk-11.0.16.101-hotspot\bin\msvcp140.dll
0x00007ff966470000 - 0x00007ff966ffa000 	C:\Program Files\Microsoft\jdk-11.0.16.101-hotspot\bin\server\jvm.dll
0x00007ff9cad20000 - 0x00007ff9cadce000 	C:\Windows\System32\ADVAPI32.dll
0x00007ff9c9c00000 - 0x00007ff9c9c9e000 	C:\Windows\System32\sechost.dll
0x00007ff9ca930000 - 0x00007ff9caa50000 	C:\Windows\System32\RPCRT4.dll
0x00007ff9ca200000 - 0x00007ff9ca208000 	C:\Windows\System32\PSAPI.DLL
0x00007ff9bbbf0000 - 0x00007ff9bbbf9000 	C:\Windows\SYSTEM32\WSOCK32.dll
0x00007ff9c9b80000 - 0x00007ff9c9bef000 	C:\Windows\System32\WS2_32.dll
0x00007ff9bdb40000 - 0x00007ff9bdb73000 	C:\Windows\SYSTEM32\WINMM.dll
0x00007ff9bb490000 - 0x00007ff9bb49a000 	C:\Windows\SYSTEM32\VERSION.dll
0x00007ff9c7540000 - 0x00007ff9c7558000 	C:\Windows\SYSTEM32\kernel.appcore.dll
0x00007ff9bc5f0000 - 0x00007ff9bc600000 	C:\Program Files\Microsoft\jdk-11.0.16.101-hotspot\bin\verify.dll
0x00007ff9ba380000 - 0x00007ff9ba5a1000 	C:\Windows\SYSTEM32\DBGHELP.DLL
0x00007ff9ba2a0000 - 0x00007ff9ba2d1000 	C:\Windows\SYSTEM32\dbgcore.DLL
0x00007ff9c8d00000 - 0x00007ff9c8d7f000 	C:\Windows\System32\bcryptPrimitives.dll
0x00007ff9afea0000 - 0x00007ff9afec8000 	C:\Program Files\Microsoft\jdk-11.0.16.101-hotspot\bin\java.dll
0x00007ff9bc570000 - 0x00007ff9bc57a000 	C:\Program Files\Microsoft\jdk-11.0.16.101-hotspot\bin\jimage.dll
0x00007ff99ffd0000 - 0x00007ff99ffe8000 	C:\Program Files\Microsoft\jdk-11.0.16.101-hotspot\bin\zip.dll
0x00007ff9c8e30000 - 0x00007ff9c95e7000 	C:\Windows\System32\SHELL32.dll
0x00007ff9c64d0000 - 0x00007ff9c6d35000 	C:\Windows\SYSTEM32\windows.storage.dll
0x00007ff9c96d0000 - 0x00007ff9c9a48000 	C:\Windows\System32\combase.dll
0x00007ff9c6360000 - 0x00007ff9c64c6000 	C:\Windows\SYSTEM32\wintypes.dll
0x00007ff9ca330000 - 0x00007ff9ca41a000 	C:\Windows\System32\SHCORE.dll
0x00007ff9cae60000 - 0x00007ff9caebd000 	C:\Windows\System32\shlwapi.dll
0x00007ff9c8300000 - 0x00007ff9c8321000 	C:\Windows\SYSTEM32\profapi.dll
0x00007ff99ffb0000 - 0x00007ff99ffc9000 	C:\Program Files\Microsoft\jdk-11.0.16.101-hotspot\bin\net.dll
0x00007ff9c2640000 - 0x00007ff9c2754000 	C:\Windows\SYSTEM32\WINHTTP.dll
0x00007ff9c79e0000 - 0x00007ff9c7a47000 	C:\Windows\system32\mswsock.dll
0x00007ff99ef10000 - 0x00007ff99ef23000 	C:\Program Files\Microsoft\jdk-11.0.16.101-hotspot\bin\nio.dll
0x00007ff983ea0000 - 0x00007ff983ec7000 	C:\Users\Engr. Ayan Murad\.gradle\native\e1d6ef7f7dcc3fd88c89a11ec53ec762bb8ba0a96d01ffa2cd45eb1d1d8dd5c5\windows-amd64\native-platform.dll
0x00007ff97ea80000 - 0x00007ff97ebc4000 	C:\Users\Engr. Ayan Murad\.gradle\native\0d407fdbe67a94daf76414ababcb853783967236a71b16ec16e742cd7a986fd3\windows-amd64\native-platform-file-events.dll
0x00007ff9bbfc0000 - 0x00007ff9bbfc9000 	C:\Program Files\Microsoft\jdk-11.0.16.101-hotspot\bin\management.dll
0x00007ff9bbc10000 - 0x00007ff9bbc1b000 	C:\Program Files\Microsoft\jdk-11.0.16.101-hotspot\bin\management_ext.dll
0x00007ff9c7c30000 - 0x00007ff9c7c48000 	C:\Windows\SYSTEM32\CRYPTSP.dll
0x00007ff9c74a0000 - 0x00007ff9c74d5000 	C:\Windows\system32\rsaenh.dll
0x00007ff9c7ad0000 - 0x00007ff9c7af9000 	C:\Windows\SYSTEM32\USERENV.dll
0x00007ff9c7db0000 - 0x00007ff9c7dd7000 	C:\Windows\SYSTEM32\bcrypt.dll
0x00007ff9c7c20000 - 0x00007ff9c7c2c000 	C:\Windows\SYSTEM32\CRYPTBASE.dll
0x00007ff9c7060000 - 0x00007ff9c708d000 	C:\Windows\SYSTEM32\IPHLPAPI.DLL
0x00007ff9ca310000 - 0x00007ff9ca319000 	C:\Windows\System32\NSI.dll
0x00007ff9c2410000 - 0x00007ff9c2429000 	C:\Windows\SYSTEM32\dhcpcsvc6.DLL
0x00007ff9c30f0000 - 0x00007ff9c310e000 	C:\Windows\SYSTEM32\dhcpcsvc.DLL
0x00007ff9c7090000 - 0x00007ff9c7178000 	C:\Windows\SYSTEM32\DNSAPI.dll
0x00007ff983e80000 - 0x00007ff983e9e000 	C:\Users\Engr. Ayan Murad\AppData\Local\Temp\native-platform8304022898656119070dir\native-platform.dll
0x00007ff9b9ca0000 - 0x00007ff9b9ca7000 	C:\Program Files\Microsoft\jdk-11.0.16.101-hotspot\bin\rmi.dll

dbghelp: loaded successfully - version: 4.0.5 - missing functions: none
symbol engine: initialized successfully - sym options: 0x614 - pdb path: .;C:\Program Files\Microsoft\jdk-11.0.16.101-hotspot\bin;C:\Windows\SYSTEM32;C:\Windows\WinSxS\amd64_microsoft.windows.common-controls_6595b64144ccf1df_6.0.22000.120_none_9d947278b86cc467;C:\Program Files\Microsoft\jdk-11.0.16.101-hotspot\bin\server;C:\Users\Engr. Ayan Murad\.gradle\native\e1d6ef7f7dcc3fd88c89a11ec53ec762bb8ba0a96d01ffa2cd45eb1d1d8dd5c5\windows-amd64;C:\Users\Engr. Ayan Murad\.gradle\native\0d407fdbe67a94daf76414ababcb853783967236a71b16ec16e742cd7a986fd3\windows-amd64;C:\Users\Engr. Ayan Murad\AppData\Local\Temp\native-platform8304022898656119070dir

VM Arguments:
jvm_args: -XX:MaxMetaspaceSize=512m --add-opens=java.base/java.util=ALL-UNNAMED --add-opens=java.base/java.lang=ALL-UNNAMED --add-opens=java.base/java.lang.invoke=ALL-UNNAMED --add-opens=java.base/java.util=ALL-UNNAMED --add-opens=java.prefs/java.util.prefs=ALL-UNNAMED --add-opens=java.prefs/java.util.prefs=ALL-UNNAMED --add-opens=java.base/java.nio.charset=ALL-UNNAMED --add-opens=java.base/java.net=ALL-UNNAMED --add-opens=java.base/java.util.concurrent.atomic=ALL-UNNAMED -Xmx2048m -Dfile.encoding=windows-1252 -Duser.country=US -Duser.language=en -Duser.variant 
java_command: org.gradle.launcher.daemon.bootstrap.GradleDaemon 7.5.1
java_class_path (initial): C:\Users\Engr. Ayan Murad\.gradle\wrapper\dists\gradle-7.5.1-all\1ehga6e77gqps5uk2kc5kf1vc\gradle-7.5.1\lib\gradle-launcher-7.5.1.jar
Launcher Type: SUN_STANDARD

[Global flags]
     intx CICompilerCount                          = 3                                         {product} {ergonomic}
   size_t CompressedClassSpaceSize                 = 528482304                                 {product} {ergonomic}
     uint ConcGCThreads                            = 1                                         {product} {ergonomic}
     uint G1ConcRefinementThreads                  = 4                                         {product} {ergonomic}
   size_t G1HeapRegionSize                         = 1048576                                   {product} {ergonomic}
    uintx GCDrainStackTargetSize                   = 64                                        {product} {ergonomic}
   size_t InitialHeapSize                          = 132120576                                 {product} {ergonomic}
   size_t MarkStackSize                            = 4194304                                   {product} {ergonomic}
   size_t MaxHeapSize                              = 2147483648                                {product} {command line}
   size_t MaxMetaspaceSize                         = 536870912                                 {product} {command line}
   size_t MaxNewSize                               = 1287651328                                {product} {ergonomic}
   size_t MinHeapDeltaBytes                        = 1048576                                   {product} {ergonomic}
    uintx NonNMethodCodeHeapSize                   = 5830732                                {pd product} {ergonomic}
    uintx NonProfiledCodeHeapSize                  = 122913754                              {pd product} {ergonomic}
    uintx ProfiledCodeHeapSize                     = 122913754                              {pd product} {ergonomic}
    uintx ReservedCodeCacheSize                    = 251658240                              {pd product} {ergonomic}
     bool SegmentedCodeCache                       = true                                      {product} {ergonomic}
     bool UseCompressedClassPointers               = true                                 {lp64_product} {ergonomic}
     bool UseCompressedOops                        = true                                 {lp64_product} {ergonomic}
     bool UseG1GC                                  = true                                      {product} {ergonomic}
     bool UseLargePagesIndividualAllocation        = false                                  {pd product} {ergonomic}

Logging:
Log output configuration:
 #0: stdout all=warning uptime,level,tags
 #1: stderr all=off uptime,level,tags

Environment Variables:
JAVA_HOME=C:\Program Files\Microsoft\jdk-11.0.16.101-hotspot\
CLASSPATH=E:\react native\NewDispute\android\\gradle\wrapper\gradle-wrapper.jar
PATH=E:\react native\NewDispute\android\node_modules\.bin;E:\react native\NewDispute\node_modules\.bin;E:\react native\node_modules\.bin;E:\node_modules\.bin;C:\Program Files\nodejs;C:\Users\ENGR~1.AYA\AppData\Local\Temp\yarn--1675151624439-0.5568072918854288;E:\react native\NewDispute\node_modules\.bin;C:\Users\Engr. Ayan Murad\AppData\Local\Yarn\Data\link\node_modules\.bin;C:\Users\Engr. Ayan Murad\AppData\Local\Yarn\bin;C:\Program Files\libexec\lib\node_modules\npm\bin\node-gyp-bin;C:\Program Files\lib\node_modules\npm\bin\node-gyp-bin;C:\Program Files\nodejs\node_modules\npm\bin\node-gyp-bin;C:\Program Files\Microsoft\jdk-11.0.16.101-hotspot\bin;C:\Windows\system32;C:\Windows;C:\Windows\System32\Wbem;C:\Windows\System32\WindowsPowerShell\v1.0\;C:\Windows\System32\OpenSSH\;C:\ProgramData\chocolatey\bin;C:\Program Files\nodejs\;C:\Users\Engr. Ayan Murad\AppData\Local\Android\Sdk\platform-tools;C:\Program Files\Git\cmd;C:\Users\Engr. Ayan Murad\AppData\Local\Microsoft\WindowsApps;C:\Users\Engr. Ayan Murad\AppData\Local\Programs\Microsoft VS Code\bin;C:\Users\Engr. Ayan Murad\AppData\Roaming\npm;C:\Users\Engr. Ayan Murad\AppData\Local\GitHubDesktop\bin
USERNAME=Engr. Ayan Murad
OS=Windows_NT
PROCESSOR_IDENTIFIER=Intel64 Family 6 Model 58 Stepping 9, GenuineIntel
TMP=C:\Users\ENGR~1.AYA\AppData\Local\Temp
TEMP=C:\Users\ENGR~1.AYA\AppData\Local\Temp



---------------  S Y S T E M  ---------------

OS: Windows 11 , 64 bit Build 22000 (10.0.22000.1335)
OS uptime: 0 days 0:10 hours

CPU:total 4 (initial active 4) (2 cores per cpu, 2 threads per core) family 6 model 58 stepping 9 microcode 0x21, cmov, cx8, fxsr, mmx, sse, sse2, sse3, ssse3, sse4.1, sse4.2, popcnt, avx, aes, clmul, erms, ht, tsc, tscinvbit, tscinv

Memory: 4k page, system-wide physical 8055M (3172M free)
TotalPageFile size 16247M (AvailPageFile size 11336M)
current process WorkingSet (physical memory assigned to process): 393M, peak: 394M
current process commit charge ("private bytes"): 429M, peak: 430M

vm_info: OpenJDK 64-Bit Server VM (11.0.16.1+1-LTS) for windows-amd64 JRE (11.0.16.1+1-LTS), built on Aug 20 2022 20:09:04 by "" with MS VC++ 15.9 (VS2017)

END.
